# Server version 0.08 running on localhost:8123
# Game ID: 1
# Board class: pentago_swap.PentagoBoard
# Timeout: 2000
# First Move Timeout: 30000
# Date: Fri Nov 22 19:47:48 EST 2019
# Player 1: Player-0, 'Human', running on localhost
# Player 2: Player-1, '260732931', running on localhost
START Player-0 Human
START Player-1 260732931
2 2 TR BR 0
2 3 TL TR 1
3 2 BR TR 0
2 3 TL BL 1
2 2 BL BR 0
1 2 TL BR 1
2 2 BL TL 0
4 0 TL BL 1
4 2 BL TL 0
0 2 TL TR 1
3 4 TR TL 0
3 3 TL BL 1
3 1 TR BR 0
1 3 BL BR 1
4 4 BR TL 0
3 3 TL TR 1
2 0 TL TR 0
2 1 TL TR 1
2 3 BR BL 0
1 1 BL BR 1
3 2 BR TR 0
3 0 TL BL 1
2 4 TR TL 0
GAMEOVER WINNER 1
# Game ended: Fri Nov 22 19:48:28 EST 2019
