# Server version 0.08 running on 142.157.26.244:8123
# Game ID: 253
# Board class: pentago_swap.PentagoBoard
# Timeout: 2000
# First Move Timeout: 30000
# Date: Thu Apr 04 00:04:18 EDT 2019
# Player 1: Player-0, 'RandomPlayer', running on 142.157.26.244
# Player 2: Player-1, '260732931', running on 142.157.26.244
START Player-0 RandomPlayer
START Player-1 260732931
0 0 TL TR 0
2 2 TR BL 1
2 0 TL TR 0
2 2 TR BL 1
0 2 TL TR 0
0 1 TL TR 1
4 0 TL BL 0
0 0 TL BL 1
0 5 TL TR 0
1 0 TL TR 1
4 1 TL BL 0
1 2 TL BL 1
1 1 TR BL 0
1 2 TR BL 1
0 1 TR BL 0
5 4 TR BR 1
0 3 TR BL 0
3 5 TR BL 1
1 3 TR BL 0
5 0 TR BL 1
0 4 TR BL 0
2 5 TR BL 1
3 4 TR BR 0
3 5 TR BR 1
1 5 TR BR 0
4 2 TR BR 1
4 1 TR BR 0
5 1 TR BR 1
5 0 TR BR 0
GAMEOVER WINNER 0
# Game ended: Thu Apr 04 00:04:23 EDT 2019
