# Server version 0.08 running on 142.157.27.161:8123
# Game ID: 602
# Board class: pentago_swap.PentagoBoard
# Timeout: 2000
# First Move Timeout: 30000
# Date: Wed Apr 10 16:40:22 EDT 2019
# Player 1: Player-0, '260732931', running on 142.157.27.161
# Player 2: Player-1, 'bessie', running on 142.157.27.161
START Player-0 260732931
START Player-1 bessie
0 1 TL TR 0
4 4 TL TR 1
0 4 TL TR 0
4 1 TL TR 1
2 0 BL BR 0
3 3 TL BL 1
2 0 TL BL 0
5 2 TL BL 1
2 5 TL BL 0
3 0 TL BL 1
GAMEOVER WINNER 1
# Game ended: Wed Apr 10 16:40:30 EDT 2019
