# Server version 0.08 running on macbook-pro-3:8123
# Game ID: 166
# Board class: pentago_swap.PentagoBoard
# Timeout: 2000
# First Move Timeout: 30000
# Date: Tue Apr 02 14:44:17 EDT 2019
# Player 1: Player-0, 'RandomPlayer', running on macbook-pro-3
# Player 2: Player-1, '260732931', running on macbook-pro-3
START Player-0 RandomPlayer
START Player-1 260732931
5 2 TR BR 0
2 3 TL TR 1
0 3 TL TR 0
1 3 TR BR 1
3 4 BL BR 0
0 1 TR BR 1
2 0 TL BL 0
5 1 TL TR 1
5 3 BL BR 0
4 1 TL BL 1
1 5 TL TR 0
1 5 TL TR 1
0 0 BL BR 0
0 1 TL TR 1
4 5 TR BR 0
5 4 TR BL 1
1 4 TL BR 0
5 5 TR BL 1
4 4 TR BR 0
3 5 BL BR 1
5 0 TL TR 0
3 1 TR BR 1
4 3 TR BR 0
3 5 BL BR 1
2 5 BL BR 0
0 5 TL BL 1
1 1 TR BR 0
0 0 TL BL 1
0 2 TL BL 0
3 0 TL BR 1
5 1 TL TR 0
2 2 TL TR 1
1 5 TL BR 0
1 0 TR BR 1
2 1 TL TR 0
GAMEOVER DRAW
# Game ended: Tue Apr 02 14:44:17 EDT 2019
