# Server version 0.08 running on 142.157.27.161:8123
# Game ID: 651
# Board class: pentago_swap.PentagoBoard
# Timeout: 2000
# First Move Timeout: 30000
# Date: Wed Apr 10 19:21:30 EDT 2019
# Player 1: Player-0, 'RandomPlayer', running on 142.157.27.161
# Player 2: Player-1, '260732931', running on 142.157.27.161
START Player-0 RandomPlayer
START Player-1 260732931
0 1 BL BR 0
1 1 BL BR 1
1 5 TL BR 0
1 1 BL BR 1
1 3 TL TR 0
1 3 TL BL 1
3 3 TR BL 0
0 3 BL BR 1
2 5 BL BR 0
0 5 BL BR 1
4 2 TL BR 0
4 5 TR BL 1
0 5 TR BL 0
3 1 TR BL 1
3 1 TL TR 0
2 2 BL BR 1
1 1 BL BR 0
4 1 BL BR 1
1 5 TL BR 0
2 5 TL BR 1
5 3 TR BR 0
4 0 TR BR 1
2 1 TR BL 0
3 1 TR BL 1
5 4 TL TR 0
2 1 TL TR 1
2 0 BL BR 0
0 3 BL BR 1
5 1 TL BR 0
5 0 TL BR 1
5 2 TL TR 0
GAMEOVER DRAW
# Game ended: Wed Apr 10 19:21:33 EDT 2019
