# Server version 0.08 running on 142.157.27.161:8123
# Game ID: 598
# Board class: pentago_swap.PentagoBoard
# Timeout: 2000
# First Move Timeout: 30000
# Date: Wed Apr 10 16:37:32 EDT 2019
# Player 1: Player-0, 'bessie', running on 142.157.27.161
# Player 2: Player-1, '260732931', running on 142.157.27.161
START Player-0 bessie
START Player-1 260732931
4 4 TL TR 0
1 1 TL TR 1
4 1 TL TR 0
1 4 TL TR 1
3 2 TR BR 0
5 0 TL BL 1
1 0 BL BR 0
1 2 TL TR 1
0 4 TR BL 0
5 1 TL TR 1
3 0 BL BR 0
5 5 TL BL 1
2 0 TL TR 0
2 2 TR BL 1
2 1 TR BL 0
0 1 TR BR 1
5 1 TL TR 0
1 3 TR BL 1
0 3 TL BL 0
1 5 TR BL 1
3 3 TR BL 0
3 4 TL BL 1
0 4 BL BR 0
GAMEOVER WINNER 0
# Game ended: Wed Apr 10 16:37:55 EDT 2019
