# Server version 0.08 running on 142.157.27.77:8123
# Game ID: 480
# Board class: pentago_swap.PentagoBoard
# Timeout: 2000
# First Move Timeout: 30000
# Date: Sun Apr 07 01:55:14 EDT 2019
# Player 1: Player-0, 'Human', running on 142.157.27.77
# Player 2: Player-1, '260732931', running on 142.157.27.77
START Player-0 Human
START Player-1 260732931
1 1 BL BR 0
0 0 TL BR 1
4 3 TR TL 0
1 2 TL BL 1
3 4 TR TL 0
2 1 TL TR 1
1 5 TL BL 0
2 1 TL BL 1
1 4 BL TR 0
0 5 TR BL 1
3 1 TL TR 0
5 2 TL BR 1
2 1 TR BR 0
4 1 TL BL 1
4 2 BL BR 0
1 3 BL BR 1
1 0 TL TR 0
2 2 TL TR 1
0 4 TR BR 0
5 3 TL BL 1
GAMEOVER WINNER 1
# Game ended: Sun Apr 07 01:55:48 EDT 2019
