# Server version 0.08 running on macbook-pro-3:8123
# Game ID: 157
# Board class: pentago_swap.PentagoBoard
# Timeout: 2000
# First Move Timeout: 30000
# Date: Tue Apr 02 07:34:57 EDT 2019
# Player 1: Player-0, 'RandomPlayer', running on macbook-pro-3
# Player 2: Player-1, '260732931', running on macbook-pro-3
START Player-0 RandomPlayer
START Player-1 260732931
5 2 TR BR 0
5 3 BL BR 1
0 3 TL TR 0
0 2 TR BL 1
4 0 BL BR 0
1 3 TL BR 1
2 0 TL BL 0
3 0 TL BR 1
5 2 BL BR 0
3 2 TR BR 1
2 0 TL TR 0
1 3 TL BL 1
0 0 BL BR 0
1 0 TR BR 1
5 1 TR BR 0
4 4 TL TR 1
1 5 TL BR 0
0 2 BL BR 1
5 1 TR BR 0
1 5 TL TR 1
5 2 TL TR 0
GAMEOVER TIMEOUT WINNER 0
# Game ended: Tue Apr 02 07:35:00 EDT 2019
