# Server version 0.08 running on macbook-pro-3:8123
# Game ID: 149
# Board class: pentago_swap.PentagoBoard
# Timeout: 2000
# First Move Timeout: 30000
# Date: Tue Apr 02 04:12:49 EDT 2019
# Player 1: Player-0, 'Human', running on macbook-pro-3
# Player 2: Player-1, '260732931', running on macbook-pro-3
START Player-0 Human
START Player-1 260732931
1 1 TR BR 0
0 0 TL TR 1
3 5 BL BR 0
0 4 TL TR 1
5 2 BR TR 0
0 2 TL TR 1
3 1 BL BR 0
1 3 TL TR 1
4 4 BL BR 0
1 2 TL TR 1
4 4 BL TL 0
2 3 TL BL 1
4 3 BR BL 0
2 5 TL TR 1
5 2 BR TR 0
2 3 TL TR 1
3 4 BL BR 0
1 0 TL TR 1
5 2 BR BL 0
3 0 TL TR 1
5 4 BL TR 0
GAMEOVER WINNER 1
# Game ended: Tue Apr 02 04:13:31 EDT 2019
