# Server version 0.08 running on macbook-pro-3:8123
# Game ID: 342
# Board class: pentago_swap.PentagoBoard
# Timeout: 2000
# First Move Timeout: 30000
# Date: Sat Apr 06 00:20:59 EDT 2019
# Player 1: Player-0, 'Human', running on macbook-pro-3
# Player 2: Player-1, '260732931', running on macbook-pro-3
START Player-0 Human
START Player-1 260732931
4 0 TR BR 0
0 2 TL BL 1
4 2 TL TR 0
4 1 TL TR 1
1 4 TL BL 0
0 1 TL BR 1
2 4 TR BL 0
1 4 TL TR 1
3 1 BR TR 0
2 4 TL TR 1
4 4 TR TL 0
0 1 TL BL 1
3 4 BR BL 0
GAMEOVER DRAW
# Game ended: Sat Apr 06 00:21:54 EDT 2019
