# Server version 0.08 running on macbook-pro-3:8123
# Game ID: 168
# Board class: pentago_swap.PentagoBoard
# Timeout: 2000
# First Move Timeout: 30000
# Date: Tue Apr 02 14:45:28 EDT 2019
# Player 1: Player-0, 'RandomPlayer', running on macbook-pro-3
# Player 2: Player-1, '260732931', running on macbook-pro-3
START Player-0 RandomPlayer
START Player-1 260732931
5 2 TR BR 0
0 5 TL TR 1
0 4 TL TR 0
5 1 TR BL 1
4 1 BL BR 0
3 2 BL BR 1
1 5 TL BL 0
5 4 TL BR 1
5 3 BL BR 0
5 5 TL BR 1
1 3 TL TR 0
GAMEOVER TIMEOUT WINNER 0
# Game ended: Tue Apr 02 14:45:31 EDT 2019
