# Server version 0.08 running on 142.157.27.77:8123
# Game ID: 405
# Board class: pentago_swap.PentagoBoard
# Timeout: 2000
# First Move Timeout: 30000
# Date: Sat Apr 06 23:09:54 EDT 2019
# Player 1: Player-0, 'Human', running on 142.157.27.77
# Player 2: Player-1, '260732931', running on 142.157.27.77
START Player-0 Human
START Player-1 260732931
1 1 BL BR 0
1 4 TL TR 1
2 4 BL TL 0
0 4 TL TR 1
1 4 BR BL 0
3 3 TL BL 1
2 4 BL TL 0
3 1 TL BL 1
0 4 TR BR 0
1 3 TR BR 1
3 4 BR BL 0
0 2 BL BR 1
1 5 BR BL 0
2 0 BL BR 1
1 3 BL BR 0
4 5 BL BR 1
1 1 BL BR 0
2 1 BL BR 1
1 2 BL BR 0
GAMEOVER WINNER 0
# Game ended: Sat Apr 06 23:10:27 EDT 2019
