# Server version 0.08 running on macbook-pro-3:8123
# Game ID: 355
# Board class: pentago_swap.PentagoBoard
# Timeout: 300000
# First Move Timeout: 300000
# Date: Sat Apr 06 02:20:40 EDT 2019
# Player 1: Player-0, '260732931', running on macbook-pro-3
# Player 2: Player-1, 'RandomPlayer', running on macbook-pro-3
START Player-0 260732931
START Player-1 RandomPlayer
1 1 TL TR 0
1 1 TL TR 1
4 1 TL TR 0
4 4 TL TR 1
0 4 TL TR 0
1 0 TL TR 1
2 1 TL TR 0
3 3 TR BL 1
3 1 TL TR 0
3 4 TL TR 1
2 4 TL TR 0
GAMEOVER WINNER 0
# Game ended: Sat Apr 06 02:26:26 EDT 2019
