# Server version 0.08 running on macbook-pro-3:8123
# Game ID: 358
# Board class: pentago_swap.PentagoBoard
# Timeout: 300000
# First Move Timeout: 300000
# Date: Sat Apr 06 02:52:54 EDT 2019
# Player 1: Player-0, 'RandomPlayer', running on macbook-pro-3
# Player 2: Player-1, '260732931', running on macbook-pro-3
START Player-0 RandomPlayer
START Player-1 260732931
1 1 TL TR 0
1 1 TL TR 1
4 1 TL TR 0
4 4 TL TR 1
0 4 TL TR 0
2 4 TL TR 1
0 3 TL BR 0
0 5 TL BL 1
5 2 TL BL 0
1 3 TL BL 1
4 2 TL BL 0
0 2 TL TR 1
5 3 TR BR 0
3 2 TL TR 1
2 3 TL BL 0
1 5 TL TR 1
5 4 TL BR 0
2 0 TL BL 1
5 4 TL BL 0
5 5 TL BR 1
1 5 TL BR 0
4 2 TL BR 1
3 2 TL BR 0
2 3 TL BR 1
2 4 TL BR 0
3 0 TL BR 1
3 1 TL BR 0
0 4 BL BR 1
0 3 BL BR 0
4 0 BL BR 1
0 0 BL BR 0
1 0 BL BR 1
1 3 BL BR 0
0 1 BL BR 1
2 5 BL BR 0
5 2 TR BL 1
GAMEOVER WINNER 1
# Game ended: Sat Apr 06 02:53:02 EDT 2019
