# Server version 0.08 running on 172.30.146.2:8123
# Game ID: 549
# Board class: pentago_swap.PentagoBoard
# Timeout: 2000
# First Move Timeout: 30000
# Date: Tue Apr 09 23:34:11 EDT 2019
# Player 1: Player-0, 'Marine', running on 172.30.146.2
# Player 2: Player-1, '260732931', running on 172.30.146.2
START Player-0 Marine
START Player-1 260732931
2 2 BL BR 0
2 3 TL TR 1
1 0 TL TR 0
0 4 TL TR 1
1 1 TL BR 0
4 5 BL BR 1
4 5 TL TR 0
3 3 TL BL 1
3 5 TL BL 0
4 4 TL BR 1
2 2 TL TR 0
1 2 TL TR 1
0 5 TR BL 0
3 5 TR BL 1
0 1 TR BL 0
2 5 TR BL 1
2 5 TR BR 0
5 1 TR BR 1
2 4 BL BR 0
2 3 BL BR 1
3 2 TR BL 0
4 5 TR BL 1
5 4 TR BL 0
5 3 TR BR 1
0 3 TR BR 0
3 1 BL BR 1
3 1 BL BR 0
0 3 TL TR 1
1 3 TL TR 0
2 0 TL TR 1
2 4 TL TR 0
3 0 TL TR 1
4 3 TL TR 0
GAMEOVER WINNER 0
# Game ended: Tue Apr 09 23:34:21 EDT 2019
