# Server version 0.08 running on 142.157.26.244:8123
# Game ID: 242
# Board class: pentago_swap.PentagoBoard
# Timeout: 2000
# First Move Timeout: 30000
# Date: Wed Apr 03 23:21:20 EDT 2019
# Player 1: Player-0, 'RandomPlayer', running on 142.157.26.244
# Player 2: Player-1, 'RandomPlayer', running on 142.157.26.244
START Player-0 RandomPlayer
START Player-1 RandomPlayer
0 0 TL TR 0
0 4 TL TR 1
1 1 TL TR 0
0 5 TL TR 1
2 2 TL TR 0
0 0 TL BR 1
4 3 BL BR 0
0 0 BL BR 1
1 3 TL BL 0
3 1 TL BL 1
1 1 TL BL 0
5 3 TR BL 1
0 2 TR BL 0
2 2 TR BL 1
0 1 TR BL 0
0 0 TR BL 1
1 1 TR BL 0
1 2 TR BL 1
4 2 TR BL 0
1 0 BL BR 1
2 0 TL BL 0
5 1 TR BL 1
2 1 TR BL 0
1 1 TL BL 1
5 2 TL BL 0
2 4 TL BL 1
2 3 TL BL 0
GAMEOVER WINNER 0
# Game ended: Wed Apr 03 23:21:24 EDT 2019
