# Server version 0.08 running on 142.157.27.161:8123
# Game ID: 605
# Board class: pentago_swap.PentagoBoard
# Timeout: 2000
# First Move Timeout: 30000
# Date: Wed Apr 10 16:43:49 EDT 2019
# Player 1: Player-0, '260732931', running on 142.157.27.161
# Player 2: Player-1, 'bessie', running on 142.157.27.161
START Player-0 260732931
START Player-1 bessie
1 1 TL TR 0
4 4 TL TR 1
1 4 TL TR 0
4 1 TL TR 1
3 1 TL TR 0
3 2 TL BL 1
2 0 TR BR 0
1 0 BL BR 1
1 2 TL BR 0
0 3 TR BR 1
3 1 TR BR 0
2 1 TL TR 1
5 1 TL TR 0
0 4 TL TR 1
4 2 TR BR 0
5 3 TR BR 1
4 0 TR BR 0
4 3 TR BR 1
2 2 TR BR 0
2 4 TR BR 1
GAMEOVER TIMEOUT WINNER 1
# Game ended: Wed Apr 10 16:44:12 EDT 2019
