# Server version 0.08 running on 142.157.27.77:8123
# Game ID: 368
# Board class: pentago_swap.PentagoBoard
# Timeout: 300000
# First Move Timeout: 300000
# Date: Sat Apr 06 13:44:56 EDT 2019
# Player 1: Player-0, 'RandomPlayer', running on 142.157.27.77
# Player 2: Player-1, '260732931', running on 142.157.27.77
START Player-0 RandomPlayer
START Player-1 260732931
1 1 TL TR 0
1 1 TL TR 1
4 1 TL TR 0
4 4 TL TR 1
0 4 TL TR 0
1 0 TL BR 1
4 5 TL BR 0
3 2 TL TR 1
4 3 TL TR 0
3 1 TL TR 1
3 3 BL BR 0
5 0 TL BR 1
0 5 TL TR 0
0 0 TR BR 1
2 5 TL BL 0
5 2 BL BR 1
5 3 TR BL 0
0 3 TL TR 1
5 1 TR BL 0
3 2 TR BL 1
2 0 TR BR 0
5 0 TL BR 1
4 0 TL BR 0
1 2 TL BR 1
5 5 TL BR 0
2 1 TL BR 1
0 1 TR BL 0
1 2 TR BL 1
3 2 TL BR 0
4 2 TL BR 1
3 0 TL BR 0
3 1 TL BR 1
2 2 TL BR 0
5 4 TL BR 1
2 4 TL TR 0
4 3 TL BL 1
GAMEOVER WINNER 1
# Game ended: Sat Apr 06 13:45:18 EDT 2019
