# Server version 0.08 running on 172.30.159.3:8123
# Game ID: 121
# Board class: pentago_swap.PentagoBoard
# Timeout: 2000
# First Move Timeout: 30000
# Date: Mon Apr 01 18:05:26 EDT 2019
# Player 1: Player-0, 'RandomPlayer', running on 172.30.159.3
# Player 2: Player-1, '260732931', running on 172.30.159.3
START Player-0 RandomPlayer
START Player-1 260732931
5 2 TR BR 0
1 2 TL TR 1
0 3 TL TR 0
1 4 TR BR 1
3 5 BL BR 0
1 1 TR BR 1
2 1 TL BL 0
2 4 BL BR 1
5 2 BL BR 0
0 0 TL TR 1
1 5 TL TR 0
0 1 TL TR 1
0 0 BL BR 0
2 4 TL TR 1
5 0 TR BR 0
5 1 TR BR 1
1 5 TL BR 0
0 1 TL BR 1
4 3 TR BR 0
0 5 TR BR 1
4 2 TL TR 0
GAMEOVER WINNER 1
# Game ended: Mon Apr 01 18:05:28 EDT 2019
