# Server version 0.08 running on 142.157.27.77:8123
# Game ID: 500
# Board class: pentago_swap.PentagoBoard
# Timeout: 2000
# First Move Timeout: 30000
# Date: Sun Apr 07 16:16:00 EDT 2019
# Player 1: Player-0, '260732931', running on 142.157.27.77
# Player 2: Player-1, 'Marine', running on 142.157.27.77
START Player-0 260732931
START Player-1 Marine
0 0 TL BR 0
1 1 TL TR 1
4 4 TL TR 0
1 4 TL TR 1
0 1 TL BL 0
1 1 TL TR 1
3 0 TR BL 0
3 0 BL BR 1
2 2 TL BR 0
3 3 TR BL 1
2 2 TR BR 0
0 1 TL BL 1
0 2 TR BL 0
3 1 TL BR 1
5 1 TL TR 0
2 1 TR BR 1
GAMEOVER WINNER 1
# Game ended: Sun Apr 07 16:16:04 EDT 2019
