# Server version 0.08 running on macbook-pro-3:8123
# Game ID: 339
# Board class: pentago_swap.PentagoBoard
# Timeout: 2000
# First Move Timeout: 30000
# Date: Sat Apr 06 00:08:11 EDT 2019
# Player 1: Player-0, 'Human', running on macbook-pro-3
# Player 2: Player-1, '260732931', running on macbook-pro-3
START Player-0 Human
START Player-1 260732931
1 1 BL BR 0
1 4 TL TR 1
4 4 BL TL 0
1 1 TL TR 1
3 3 TR BL 0
2 2 TL BR 1
2 1 TR BR 0
3 4 TL BL 1
3 1 BR TL 0
2 4 TL BR 1
0 4 BL TL 0
5 4 TL BL 1
0 1 TL BR 0
2 0 TL BR 1
2 1 BL TR 0
4 3 TR BL 1
3 3 TR BR 0
1 2 TR BR 1
2 2 TR TL 0
5 2 TL TR 1
5 5 BR TL 0
1 3 TL BR 1
2 3 TR BR 0
3 2 TR BR 1
2 0 BR BL 0
5 3 BL BR 1
1 0 BL BR 0
4 5 BL BR 1
4 5 BR TR 0
4 5 TR BR 1
0 3 BL TR 0
3 2 TR BL 1
3 5 BR TL 0
3 3 TL TR 1
GAMEOVER WINNER 1
# Game ended: Sat Apr 06 00:09:16 EDT 2019
