# Server version 0.08 running on 142.157.27.77:8123
# Game ID: 492
# Board class: pentago_swap.PentagoBoard
# Timeout: 2000
# First Move Timeout: 30000
# Date: Sun Apr 07 15:41:19 EDT 2019
# Player 1: Player-0, '260732931', running on 142.157.27.77
# Player 2: Player-1, 'Human', running on 142.157.27.77
START Player-0 260732931
START Player-1 Human
0 0 TL BR 0
1 1 BL BR 1
2 3 BL BR 0
1 2 BL TL 1
1 3 TL BL 0
0 3 BL TL 1
4 3 TL BL 0
5 3 BR BL 1
3 5 BL BR 0
2 2 TR BR 1
4 4 TL TR 0
2 1 TR BL 1
5 1 TR BL 0
2 2 TL TR 1
4 5 TL BR 0
0 1 TL TR 1
1 1 TL TR 0
GAMEOVER WINNER 0
# Game ended: Sun Apr 07 15:41:38 EDT 2019
