# Server version 0.08 running on 142.157.27.77:8123
# Game ID: 367
# Board class: pentago_swap.PentagoBoard
# Timeout: 300000
# First Move Timeout: 300000
# Date: Sat Apr 06 13:26:45 EDT 2019
# Player 1: Player-0, '260732931', running on 142.157.27.77
# Player 2: Player-1, 'RandomPlayer', running on 142.157.27.77
START Player-0 260732931
START Player-1 RandomPlayer
1 1 TL TR 0
1 1 TL TR 1
4 1 TL TR 0
4 4 TL TR 1
0 4 TL TR 0
2 4 TL TR 1
0 3 TL BR 0
0 5 TL BL 1
2 1 TR BR 0
0 1 TL BR 1
3 5 TL BR 0
2 3 TL BR 1
2 5 TR BR 0
1 0 BL BR 1
4 5 TL BR 0
4 5 TL BR 1
3 1 TL BR 0
3 0 TL BR 1
2 3 TL BR 0
3 2 TL TR 1
2 2 TL TR 0
5 5 BL BR 1
1 0 TR BR 0
0 1 TR BL 1
4 5 TR BL 0
1 3 TR BL 1
0 2 TR BR 0
5 3 TR BR 1
4 2 TL BR 0
5 5 TL BR 1
0 0 TL BR 0
0 0 TL BR 1
4 3 TL BR 0
5 3 TL BR 1
GAMEOVER WINNER 0
# Game ended: Sat Apr 06 13:26:54 EDT 2019
