# Server version 0.08 running on 142.157.27.77:8123
# Game ID: 488
# Board class: pentago_swap.PentagoBoard
# Timeout: 2000
# First Move Timeout: 30000
# Date: Sun Apr 07 15:38:23 EDT 2019
# Player 1: Player-0, 'Marine', running on 142.157.27.77
# Player 2: Player-1, 'Human', running on 142.157.27.77
START Player-0 Marine
START Player-1 Human
1 1 TL TR 0
1 1 BL BR 1
4 1 TL TR 0
4 4 BL TL 1
0 0 BL BR 0
2 2 BL BR 1
3 2 TL TR 0
3 4 TR BL 1
0 2 TL BL 0
5 4 TR TL 1
3 1 TR BR 0
3 4 BR BL 1
0 1 TL TR 0
5 4 BR TR 1
3 2 TR BR 0
3 3 TR BL 1
0 0 TR BL 0
2 2 TR BL 1
2 3 TL BR 0
GAMEOVER WINNER 0
# Game ended: Sun Apr 07 15:38:58 EDT 2019
