# Server version 0.08 running on 172.30.148.218:8123
# Game ID: 272
# Board class: pentago_swap.PentagoBoard
# Timeout: 2000
# First Move Timeout: 30000
# Date: Thu Apr 04 17:13:09 EDT 2019
# Player 1: Player-0, '260732931', running on 172.30.148.218
# Player 2: Player-1, 'Human', running on 172.30.148.218
START Player-0 260732931
START Player-1 Human
1 1 TL TR 0
2 3 BL BR 1
1 3 TL TR 0
2 1 BL BR 1
2 2 TL TR 0
1 2 BR BL 1
0 1 TL TR 0
3 2 BL BR 1
0 5 TR BR 0
4 4 BR BL 1
4 0 BL BR 0
3 3 TR BL 1
1 2 BL BR 0
4 3 TR BR 1
0 0 TR BL 0
2 3 TL BL 1
3 2 TR BR 0
2 1 TR TL 1
2 5 TL BL 0
2 3 TR BL 1
1 3 TL BL 0
1 2 TR BR 1
5 3 TR BR 0
0 3 TR BR 1
0 0 TR BR 0
0 4 BR BL 1
3 4 BL BR 0
0 5 BL BR 1
GAMEOVER WINNER 0
# Game ended: Thu Apr 04 17:14:49 EDT 2019
