# Server version 0.08 running on macbook-pro-3:8123
# Game ID: 320
# Board class: pentago_swap.PentagoBoard
# Timeout: 2000
# First Move Timeout: 30000
# Date: Fri Apr 05 01:26:39 EDT 2019
# Player 1: Player-0, 'Human', running on macbook-pro-3
# Player 2: Player-1, '260732931', running on macbook-pro-3
START Player-0 Human
START Player-1 260732931
1 1 BL BR 0
1 4 TL TR 1
4 4 BL TL 0
1 1 TL TR 1
2 2 BL TR 0
3 3 TL TR 1
1 3 BL BR 0
1 2 TR BL 1
4 2 TR TL 0
1 0 TL TR 1
4 3 TR TL 0
1 3 TL TR 1
1 5 TR BR 0
1 5 TR BL 1
3 1 BL BR 0
5 2 BL BR 1
2 2 BR BL 0
2 0 TL BL 1
GAMEOVER WINNER 0
# Game ended: Fri Apr 05 01:28:00 EDT 2019
