# Server version 0.08 running on 142.157.26.244:8123
# Game ID: 243
# Board class: pentago_swap.PentagoBoard
# Timeout: 2000
# First Move Timeout: 30000
# Date: Wed Apr 03 23:22:18 EDT 2019
# Player 1: Player-0, 'RandomPlayer', running on 142.157.26.244
# Player 2: Player-1, '260732931', running on 142.157.26.244
START Player-0 RandomPlayer
START Player-1 260732931
0 0 TL TR 0
0 1 TL BL 1
0 4 TL BR 0
0 5 TL TR 1
1 1 TL TR 0
2 4 TL TR 1
4 1 TL BR 0
2 2 TR BR 1
0 2 TL BR 0
2 3 TL BR 1
0 1 TR BL 0
0 0 TR BL 1
1 3 TR BR 0
4 5 TL BR 1
2 2 TL TR 0
1 0 TL TR 1
5 0 TR BR 0
2 4 BL BR 1
3 3 TL BR 0
1 0 TL BR 1
GAMEOVER WINNER 0
# Game ended: Wed Apr 03 23:22:26 EDT 2019
