# Server version 0.08 running on 172.30.159.3:8123
# Game ID: 125
# Board class: pentago_swap.PentagoBoard
# Timeout: 2000
# First Move Timeout: 30000
# Date: Mon Apr 01 18:07:09 EDT 2019
# Player 1: Player-0, '260732931', running on 172.30.159.3
# Player 2: Player-1, 'RandomPlayer', running on 172.30.159.3
START Player-0 260732931
START Player-1 RandomPlayer
2 3 TR BL 0
0 1 TR BR 1
3 4 BL BR 0
3 2 TL TR 1
1 0 TL BR 0
1 4 BL BR 1
4 2 TR BR 0
3 2 TL BL 1
0 0 TL TR 0
5 4 BL BR 1
2 3 TL TR 0
3 4 TL TR 1
2 0 TL BR 0
1 1 BL BR 1
0 0 TL TR 0
5 2 TR BR 1
GAMEOVER WINNER 1
# Game ended: Mon Apr 01 18:07:10 EDT 2019
