# Server version 0.08 running on macbook-pro-3:8123
# Game ID: 314
# Board class: pentago_swap.PentagoBoard
# Timeout: 2000
# First Move Timeout: 30000
# Date: Fri Apr 05 01:18:03 EDT 2019
# Starting at move 1
# Player 1: Player-0, '260732931', running on macbook-pro-3
# Player 2: Player-1, 'Human', running on macbook-pro-3
START Player-0 260732931
START Player-1 Human
1 1 TL TR 0
1 1 BR BL 1
4 1 TL TR 0
4 4 BL TL 1
0 4 TL TR 0
3 4 TR TL 1
2 4 TL TR 0
4 3 BL TR 1
3 3 TL BR 0
1 2 BL BR 1
4 0 BL BR 0
4 5 BR BL 1
2 4 BL BR 0
2 1 TL BR 1
0 4 TL BR 0
3 3 BL TL 1
2 1 TR BR 0
4 3 BR TL 1
3 4 TL BR 0
2 3 TR BL 1
5 3 TR BL 0
3 2 TL BR 1
2 2 TL BR 0
0 5 BR TL 1
GAMEOVER WINNER 1
# Game ended: Fri Apr 05 01:19:02 EDT 2019
