# Server version 0.08 running on 142.157.26.244:8123
# Game ID: 211
# Board class: pentago_swap.PentagoBoard
# Timeout: 2000
# First Move Timeout: 30000
# Date: Wed Apr 03 17:22:04 EDT 2019
# Player 1: Player-0, '260732931', running on 142.157.26.244
# Player 2: Player-1, 'RandomPlayer', running on 142.157.26.244
START Player-0 260732931
START Player-1 RandomPlayer
1 1 TL TR 0
0 0 TL TR 1
0 1 TL BL 0
0 0 TL TR 1
5 1 TL TR 0
0 1 TL TR 1
0 5 TL BL 0
0 0 TL TR 1
1 1 TL BL 0
0 1 TL TR 1
0 5 TL TR 0
0 5 TL TR 1
1 2 TL TR 0
1 0 TL TR 1
2 3 TL TR 0
1 1 TL TR 1
2 4 TL TR 0
1 2 TL TR 1
1 0 TL BR 0
0 0 TL TR 1
4 2 TR BR 0
2 2 TL TR 1
2 2 TL TR 0
2 3 TL TR 1
4 3 TL TR 0
3 4 TL TR 1
3 5 TL TR 0
4 0 TL TR 1
5 2 TL TR 0
4 4 TL TR 1
GAMEOVER WINNER 0
# Game ended: Wed Apr 03 17:22:07 EDT 2019
