# Server version 0.08 running on 142.157.27.161:8123
# Game ID: 657
# Board class: pentago_swap.PentagoBoard
# Timeout: 2000
# First Move Timeout: 30000
# Date: Wed Apr 10 19:22:18 EDT 2019
# Player 1: Player-0, 'RandomPlayer', running on 142.157.27.161
# Player 2: Player-1, '260732931', running on 142.157.27.161
START Player-0 RandomPlayer
START Player-1 260732931
3 0 TR BL 0
1 1 BL BR 1
1 2 TR BR 0
4 1 BL BR 1
5 4 TL BR 0
1 2 TL BL 1
2 4 TL TR 0
4 0 TL BL 1
1 3 BL BR 0
4 0 BL BR 1
2 4 TL BR 0
3 3 TL TR 1
1 1 TL TR 0
0 4 TL TR 1
3 2 TR BR 0
2 0 TR BL 1
GAMEOVER WINNER 1
# Game ended: Wed Apr 10 19:22:20 EDT 2019
