# Server version 0.08 running on 142.157.26.244:8123
# Game ID: 195
# Board class: pentago_swap.PentagoBoard
# Timeout: 2000
# First Move Timeout: 30000
# Date: Wed Apr 03 16:34:34 EDT 2019
# Player 1: Player-0, 'RandomPlayer', running on 142.157.26.244
# Player 2: Player-1, '260732931', running on 142.157.26.244
START Player-0 RandomPlayer
START Player-1 260732931
0 0 TL TR 0
0 0 TL TR 1
0 1 TL TR 0
0 1 TL TR 1
0 2 TL TR 0
3 2 TL TR 1
0 5 TL TR 0
3 1 TL TR 1
1 0 TL TR 0
3 0 TL TR 1
1 1 TL TR 0
1 0 TL TR 1
1 2 TL TR 0
5 3 TL TR 1
1 4 TL TR 0
4 3 TL TR 1
1 5 TL TR 0
GAMEOVER WINNER 0
# Game ended: Wed Apr 03 16:34:43 EDT 2019
