# Server version 0.08 running on 172.30.146.2:8123
# Game ID: 546
# Board class: pentago_swap.PentagoBoard
# Timeout: 2000
# First Move Timeout: 30000
# Date: Tue Apr 09 23:08:40 EDT 2019
# Player 1: Player-0, '260732931', running on 172.30.146.2
# Player 2: Player-1, 'tianzhuzi', running on 172.30.146.2
START Player-0 260732931
START Player-1 tianzhuzi
0 1 TL TR 0
2 0 TL TR 1
1 3 BL BR 0
1 1 TL TR 1
3 0 TL TR 0
0 2 TL BL 1
0 3 TL TR 0
4 2 TL TR 1
2 2 TL TR 0
5 2 TL BL 1
2 1 TL BL 0
0 2 TR BL 1
5 3 TR BL 0
0 5 TR BL 1
1 2 TL TR 0
0 4 TL TR 1
3 1 TL BR 0
1 3 TL BR 1
5 0 TL TR 0
4 0 BL BR 1
0 0 BL BR 0
4 5 BL BR 1
5 2 TL TR 0
4 4 TL TR 1
1 4 TL BL 0
GAMEOVER WINNER 1
# Game ended: Tue Apr 09 23:08:44 EDT 2019
