# Server version 0.08 running on macbook-pro-3:8123
# Game ID: 140
# Board class: pentago_swap.PentagoBoard
# Timeout: 2000
# First Move Timeout: 30000
# Date: Tue Apr 02 03:55:16 EDT 2019
# Player 1: Player-0, '260732931', running on macbook-pro-3
# Player 2: Player-1, 'RandomPlayer', running on macbook-pro-3
START Player-0 260732931
START Player-1 RandomPlayer
0 0 TL TR 0
0 1 TR BR 1
3 4 TL BR 0
3 2 TL TR 1
1 2 TL TR 0
2 0 BL BR 1
1 0 TL TR 0
4 0 TL BL 1
1 4 TL BL 0
5 4 BL BR 1
0 2 BL BR 0
3 4 TL TR 1
0 4 TL TR 0
1 5 BL BR 1
1 1 BL BR 0
5 2 TR BR 1
2 1 TL TR 0
GAMEOVER WINNER 0
# Game ended: Tue Apr 02 03:55:18 EDT 2019
