# Server version 0.08 running on macbook-pro-3:8123
# Game ID: 156
# Board class: pentago_swap.PentagoBoard
# Timeout: 2000
# First Move Timeout: 30000
# Date: Tue Apr 02 07:29:36 EDT 2019
# Player 1: Player-0, 'RandomPlayer', running on macbook-pro-3
# Player 2: Player-1, '260732931', running on macbook-pro-3
START Player-0 RandomPlayer
START Player-1 260732931
5 2 TR BR 0
3 0 TR BR 1
0 3 TL TR 0
1 1 TL BR 1
3 5 BL BR 0
3 4 TL TR 1
1 4 TL BL 0
1 5 TL BL 1
5 2 BL BR 0
4 1 TR BR 1
1 5 TL TR 0
1 0 TR BR 1
0 1 BL BR 0
4 5 TL BR 1
5 1 TR BR 0
GAMEOVER TIMEOUT WINNER 0
# Game ended: Tue Apr 02 07:29:39 EDT 2019
