# Server version 0.08 running on 142.157.27.161:8123
# Game ID: 641
# Board class: pentago_swap.PentagoBoard
# Timeout: 2000
# First Move Timeout: 30000
# Date: Wed Apr 10 19:19:28 EDT 2019
# Player 1: Player-0, '260732931', running on 142.157.27.161
# Player 2: Player-1, 'RandomPlayer', running on 142.157.27.161
START Player-0 260732931
START Player-1 RandomPlayer
1 1 BL BR 0
3 0 TL BL 1
1 1 BL BR 0
3 0 BL BR 1
3 1 TR BR 0
5 2 TL TR 1
5 1 TL TR 0
2 5 TL TR 1
4 2 TL TR 0
3 0 TL TR 1
4 0 TL TR 0
3 4 BL BR 1
3 0 BL BR 0
5 0 TR BR 1
1 2 TR BR 0
4 3 TL BR 1
3 2 TL BR 0
1 0 TR BR 1
2 0 TR BR 0
5 5 BL BR 1
2 3 BL BR 0
2 2 TR BR 1
2 1 TR BR 0
GAMEOVER WINNER 0
# Game ended: Wed Apr 10 19:19:30 EDT 2019
