# Server version 0.08 running on macbook-pro-3:8123
# Game ID: 344
# Board class: pentago_swap.PentagoBoard
# Timeout: 2000
# First Move Timeout: 30000
# Date: Sat Apr 06 00:28:13 EDT 2019
# Player 1: Player-0, '260732931', running on macbook-pro-3
# Player 2: Player-1, 'Human', running on macbook-pro-3
START Player-0 260732931
START Player-1 Human
1 1 TL TR 0
1 1 BL BR 1
4 1 TL TR 0
2 4 TL BL 1
0 4 TL TR 0
4 4 TR TL 1
3 4 TR BL 0
5 4 BR TL 1
0 2 TR BR 0
4 2 TR TL 1
3 3 TR BL 0
1 3 BL TL 1
1 2 TL BL 0
4 0 BL BR 1
3 3 BL BR 0
1 2 TR BR 1
2 2 TR BR 0
3 4 BR BL 1
0 0 BL BR 0
GAMEOVER WINNER 0
# Game ended: Sat Apr 06 00:28:41 EDT 2019
