# Server version 0.08 running on macbook-pro-3:8123
# Game ID: 60
# Board class: pentago_swap.PentagoBoard
# Timeout: 2000
# First Move Timeout: 30000
# Date: Sun Mar 31 16:58:42 EDT 2019
# Player 1: Player-0, 'Human', running on macbook-pro-3
# Player 2: Player-1, '260732931', running on macbook-pro-3
START Player-0 Human
START Player-1 260732931
1 2 TR BR 0
0 1 TR BR 1
1 3 BR BL 0
3 3 TL TR 1
1 1 TR TL 0
2 1 BL BR 1
1 1 BR BL 0
4 0 TL BL 1
1 5 TR BR 0
GAMEOVER WINNER 0
# Game ended: Sun Mar 31 16:58:56 EDT 2019
