# Server version 0.08 running on 142.157.26.244:8123
# Game ID: 198
# Board class: pentago_swap.PentagoBoard
# Timeout: 2000
# First Move Timeout: 30000
# Date: Wed Apr 03 16:35:48 EDT 2019
# Player 1: Player-0, '260732931', running on 142.157.26.244
# Player 2: Player-1, 'RandomPlayer', running on 142.157.26.244
START Player-0 260732931
START Player-1 RandomPlayer
0 0 TL TR 0
0 0 TL TR 1
0 1 TL TR 0
0 1 TL TR 1
3 2 TL TR 0
0 2 TL TR 1
3 1 TL TR 0
0 5 TL TR 1
3 0 TL TR 0
1 0 TL TR 1
1 0 TL TR 0
1 1 TL TR 1
5 3 TL TR 0
1 2 TL TR 1
4 3 TL TR 0
1 4 TL TR 1
2 0 TL TR 0
1 5 TL TR 1
GAMEOVER WINNER 1
# Game ended: Wed Apr 03 16:35:58 EDT 2019
