# Server version 0.08 running on 142.157.27.77:8123
# Game ID: 437
# Board class: pentago_swap.PentagoBoard
# Timeout: 2000
# First Move Timeout: 30000
# Date: Sun Apr 07 00:45:56 EDT 2019
# Player 1: Player-0, 'RandomPlayer', running on 142.157.27.77
# Player 2: Player-1, '260732931', running on 142.157.27.77
START Player-0 RandomPlayer
START Player-1 260732931
1 1 TL TR 0
1 1 TL TR 1
4 1 TL TR 0
4 4 TL TR 1
0 4 TL TR 0
1 0 TL TR 1
0 3 TL TR 0
0 2 TL TR 1
5 2 TL TR 0
3 4 TL TR 1
2 4 TL TR 0
2 0 TL TR 1
1 2 TL TR 0
4 0 BL BR 1
5 4 BL BR 0
0 4 TL TR 1
3 1 TL TR 0
2 4 TL TR 1
1 0 TL TR 0
5 4 TR BL 1
3 2 TR BL 0
4 2 TL TR 1
2 0 TL TR 0
3 2 TL TR 1
4 3 TL TR 0
3 3 TL TR 1
2 2 TL TR 0
3 5 BL BR 1
0 3 TL BR 0
4 2 TL BR 1
1 2 TR BR 0
2 2 TR BR 1
5 2 TL BR 0
5 0 TR BR 1
GAMEOVER DRAW
# Game ended: Sun Apr 07 00:46:05 EDT 2019
