# Server version 0.08 running on 142.157.27.77:8123
# Game ID: 419
# Board class: pentago_swap.PentagoBoard
# Timeout: 2000
# First Move Timeout: 30000
# Date: Sat Apr 06 23:40:20 EDT 2019
# Player 1: Player-0, '260732931', running on 142.157.27.77
# Player 2: Player-1, 'RandomPlayer', running on 142.157.27.77
START Player-0 260732931
START Player-1 RandomPlayer
1 1 TL TR 0
0 4 TL BR 1
1 0 TL TR 0
5 4 TL BL 1
1 4 TL BL 0
5 1 TL TR 1
1 3 TL BR 0
4 5 TR BL 1
3 4 TR BL 0
3 5 TL BL 1
4 2 TL BR 0
2 3 BL BR 1
2 4 BL BR 0
4 1 TL BL 1
1 5 BL BR 0
4 1 TL BR 1
2 1 TL BL 0
5 3 TL TR 1
GAMEOVER WINNER 0
# Game ended: Sat Apr 06 23:40:24 EDT 2019
