# Server version 0.08 running on 142.157.26.244:8123
# Game ID: 261
# Board class: pentago_swap.PentagoBoard
# Timeout: 2000
# First Move Timeout: 30000
# Date: Thu Apr 04 00:11:52 EDT 2019
# Player 1: Player-0, 'Human', running on 142.157.26.244
# Player 2: Player-1, '260732931', running on 142.157.26.244
START Player-0 Human
START Player-1 260732931
2 2 TR BL 0
2 3 TL TR 1
3 3 TR TL 0
1 1 TL TR 1
4 4 TR TL 0
5 5 TL TR 1
3 2 TR TL 0
1 2 TL TR 1
3 4 TR TL 0
3 1 TL TR 1
2 1 BR TL 0
0 5 TR BL 1
2 1 TL BR 0
1 3 TL BR 1
4 4 TL TR 0
3 4 TL TR 1
3 1 TL BR 0
1 0 TL BR 1
3 3 BL TR 0
5 5 TR BL 1
2 3 BL TL 0
1 4 TL BL 1
3 5 TL BL 0
2 4 TL BL 1
4 5 TL BL 0
4 2 TL BL 1
0 2 TL TR 0
3 0 TL TR 1
2 5 TL BL 0
1 0 TL BL 1
1 5 TL BL 0
GAMEOVER DRAW
# Game ended: Thu Apr 04 00:15:06 EDT 2019
