# Server version 0.08 running on 142.157.27.77:8123
# Game ID: 482
# Board class: pentago_swap.PentagoBoard
# Timeout: 2000
# First Move Timeout: 30000
# Date: Sun Apr 07 15:18:58 EDT 2019
# Player 1: Player-0, 'Human', running on 142.157.27.77
# Player 2: Player-1, '260732931', running on 142.157.27.77
START Player-0 Human
START Player-1 260732931
1 1 BL BR 0
0 0 TL BR 1
3 4 BL TL 0
2 1 TL TR 1
4 3 BL TL 0
1 2 TL BL 1
5 1 TL BL 0
1 5 TL BL 1
3 5 TR TL 0
2 4 TL BL 1
3 1 TR BR 0
4 5 TR BR 1
GAMEOVER WINNER 1
# Game ended: Sun Apr 07 15:19:12 EDT 2019
