# Server version 0.08 running on 142.157.26.107:8123
# Game ID: 11
# Board class: pentago_swap.PentagoBoard
# Timeout: 2000
# First Move Timeout: 30000
# Date: Sun Mar 31 00:31:29 EDT 2019
# Player 1: Player-0, 'Human', running on 142.157.26.107
# Player 2: Player-1, '260732931', running on 142.157.26.107
START Player-0 Human
START Player-1 260732931
1 1 TR BR 0
0 1 TR BR 1
1 3 BR BL 0
3 3 TL TR 1
2 3 BL TL 0
1 5 BL BR 1
2 4 BR BL 0
3 5 TL BL 1
2 5 TL BR 0
5 4 BL BR 1
3 2 BR TR 0
2 4 TL TR 1
5 2 BR TR 0
0 5 BL BR 1
3 3 BL TL 0
5 0 TR BR 1
2 3 BR TR 0
1 3 TL BR 1
3 0 BR BL 0
4 4 TR BR 1
0 4 BL BR 0
3 0 TL TR 1
0 4 TR BR 0
2 2 TR BR 1
4 4 BR TR 0
2 5 BL BR 1
