# Server version 0.08 running on 142.157.27.77:8123
# Game ID: 468
# Board class: pentago_swap.PentagoBoard
# Timeout: 2000
# First Move Timeout: 30000
# Date: Sun Apr 07 01:47:44 EDT 2019
# Player 1: Player-0, 'Human', running on 142.157.27.77
# Player 2: Player-1, '260732931', running on 142.157.27.77
START Player-0 Human
START Player-1 260732931
1 1 BL BR 0
0 0 TL BR 1
3 4 TR TL 0
2 1 TL TR 1
5 4 BL TL 0
1 2 TL BL 1
5 1 TL TR 0
1 2 TL TR 1
1 3 TL BL 0
1 1 TL TR 1
1 1 TL BL 0
1 3 TL BL 1
2 2 BL BR 0
4 5 BL BR 1
2 3 BL BR 0
4 4 TL BR 1
GAMEOVER WINNER 1
# Game ended: Sun Apr 07 01:48:05 EDT 2019
