# Server version 0.08 running on 142.157.27.77:8123
# Game ID: 285
# Board class: pentago_swap.PentagoBoard
# Timeout: 2000
# First Move Timeout: 30000
# Date: Thu Apr 04 22:19:15 EDT 2019
# Player 1: Player-0, 'Human', running on 142.157.27.77
# Player 2: Player-1, '260732931', running on 142.157.27.77
START Player-0 Human
START Player-1 260732931
1 4 BR BL 0
1 1 TL TR 1
2 1 TR BR 0
0 1 TL TR 1
1 3 BL TL 0
1 2 TR BL 1
3 2 TR BR 0
5 0 TL BL 1
1 2 BR BL 0
1 3 BL BR 1
2 2 BR BL 0
3 3 TL BR 1
2 5 TL BL 0
1 5 TR BR 1
4 1 TL TR 0
1 5 TL TR 1
3 2 TL TR 0
4 0 TL BR 1
2 3 BR TL 0
5 0 TL TR 1
3 3 TR TL 0
1 4 TL TR 1
3 4 TL BL 0
GAMEOVER WINNER 1
# Game ended: Thu Apr 04 22:20:05 EDT 2019
