# Server version 0.08 running on macbook-pro-3:8123
# Game ID: 553
# Board class: pentago_swap.PentagoBoard
# Timeout: 2000
# First Move Timeout: 30000
# Date: Wed Apr 10 00:36:24 EDT 2019
# Player 1: Player-0, 'bessie', running on macbook-pro-3
# Player 2: Player-1, '260732931', running on macbook-pro-3
START Player-0 bessie
START Player-1 260732931
4 4 TL TR 0
1 1 TL TR 1
4 1 TL TR 0
1 4 TL TR 1
3 2 TR BR 0
2 3 TL TR 1
0 0 TL BL 0
2 0 TL TR 1
3 1 TL TR 0
2 1 TL TR 1
4 0 TL BR 0
2 5 TL BR 1
3 2 TL BR 0
5 1 TL BL 1
0 4 TL TR 0
GAMEOVER DRAW
# Game ended: Wed Apr 10 00:36:38 EDT 2019
