# Server version 0.08 running on 142.157.26.226:8123
# Game ID: 2
# Board class: pentago_swap.PentagoBoard
# Timeout: 2000
# First Move Timeout: 30000
# Date: Wed Mar 27 17:20:40 EDT 2019
# Player 1: Player-0, 'Human', running on 142.157.26.226
# Player 2: Player-1, 'RandomPlayer', running on 142.157.26.226
START Player-0 Human
START Player-1 RandomPlayer
3 2 TR BR 0
0 1 TR BR 1
3 3 TL TR 0
3 1 TL TR 1
2 2 TR BR 0
1 5 BL BR 1
1 3 BR TR 0
3 4 TL BL 1
5 3 BL TL 0
5 4 BL BR 1
2 0 TR BR 0
2 5 TL TR 1
1 5 TR TL 0
0 5 BL BR 1
4 2 TR BR 0
5 2 TR BR 1
0 2 BR TR 0
GAMEOVER WINNER 0
# Game ended: Wed Mar 27 17:29:32 EDT 2019
