# Server version 0.08 running on 142.157.27.77:8123
# Game ID: 425
# Board class: pentago_swap.PentagoBoard
# Timeout: 2000
# First Move Timeout: 30000
# Date: Sun Apr 07 00:17:53 EDT 2019
# Player 1: Player-0, 'RandomPlayer', running on 142.157.27.77
# Player 2: Player-1, '260732931', running on 142.157.27.77
START Player-0 RandomPlayer
START Player-1 260732931
1 1 TL TR 0
0 0 TL BR 1
2 3 TR BR 0
3 2 TR BR 1
3 1 TR BL 0
5 5 TL BR 1
3 2 BL BR 0
5 0 TR BL 1
5 5 BL BR 0
1 3 BL BR 1
1 1 TR BL 0
1 2 TR BL 1
4 2 TL BL 0
1 1 TL BL 1
2 1 TR BR 0
0 4 TR BR 1
4 5 TL BR 0
5 2 TL BR 1
3 0 TL BR 0
0 3 TL BR 1
2 5 TL BR 0
1 5 TL BR 1
0 2 TL BL 0
1 4 TL BL 1
3 3 TL BR 0
4 3 TL BR 1
2 4 TR BR 0
2 0 TR BR 1
0 4 TL BR 0
GAMEOVER WINNER 1
# Game ended: Sun Apr 07 00:17:57 EDT 2019
