# Server version 0.08 running on 142.157.26.226:8123
# Game ID: 6
# Board class: pentago_swap.PentagoBoard
# Timeout: 2000
# First Move Timeout: 30000
# Date: Wed Mar 27 17:34:34 EDT 2019
# Player 1: Player-0, 'RandomPlayer', running on 142.157.26.226
# Player 2: Player-1, 'Human', running on 142.157.26.226
START Player-0 RandomPlayer
START Player-1 Human
5 2 TR BR 0
4 4 TR TL 1
0 3 TL TR 0
4 3 TR BR 1
4 0 BL BR 0
1 5 TL TR 1
2 2 TL BL 0
3 2 TR BL 1
5 2 BL BR 0
2 3 BL BR 1
2 0 TL TR 0
3 2 TL TR 1
0 0 BL BR 0
4 4 BR BL 1
GAMEOVER WINNER 1
# Game ended: Wed Mar 27 17:35:16 EDT 2019
