# Server version 0.08 running on macbook-pro-3:8123
# Game ID: 556
# Board class: pentago_swap.PentagoBoard
# Timeout: 2000
# First Move Timeout: 30000
# Date: Wed Apr 10 00:57:09 EDT 2019
# Player 1: Player-0, '260732931', running on macbook-pro-3
# Player 2: Player-1, 'bessie', running on macbook-pro-3
START Player-0 260732931
START Player-1 bessie
1 1 TL TR 0
4 4 TL TR 1
1 4 TL TR 0
4 1 TL TR 1
3 1 TL TR 0
3 2 TL BL 1
2 0 TL TR 0
0 3 TL BL 1
2 5 TL BL 0
4 3 TR BR 1
4 5 TR BR 0
5 4 BL BR 1
2 4 TL BR 0
2 2 TR BL 1
2 3 TL BL 0
4 5 TL TR 1
1 2 TL TR 0
5 4 TR BL 1
3 1 TR BL 0
5 1 TL BL 1
5 3 TL BL 0
4 3 TL BL 1
1 2 BL BR 0
1 0 BL BR 1
GAMEOVER WINNER 1
# Game ended: Wed Apr 10 00:57:34 EDT 2019
