# Server version 0.08 running on 142.157.27.77:8123
# Game ID: 493
# Board class: pentago_swap.PentagoBoard
# Timeout: 2000
# First Move Timeout: 30000
# Date: Sun Apr 07 15:42:15 EDT 2019
# Player 1: Player-0, '260732931', running on 142.157.27.77
# Player 2: Player-1, 'Marine', running on 142.157.27.77
START Player-0 260732931
START Player-1 Marine
0 0 TL BR 0
1 1 TL TR 1
0 2 TL BL 0
1 1 TL TR 1
3 1 TL TR 0
4 1 TL TR 1
3 4 TL TR 0
3 0 TL TR 1
3 5 TL TR 0
GAMEOVER WINNER 0
# Game ended: Sun Apr 07 15:42:16 EDT 2019
