# Server version 0.08 running on 172.30.146.2:8123
# Game ID: 526
# Board class: pentago_swap.PentagoBoard
# Timeout: 2000
# First Move Timeout: 30000
# Date: Tue Apr 09 22:37:19 EDT 2019
# Player 1: Player-0, '260732931', running on 172.30.146.2
# Player 2: Player-1, 'tianzhuzi', running on 172.30.146.2
START Player-0 260732931
START Player-1 tianzhuzi
1 1 TL TR 0
1 1 TL TR 1
4 1 TL TR 0
4 4 TL TR 1
0 4 TL TR 0
1 0 TL BR 1
4 5 TL TR 0
0 4 TR BR 1
5 4 TL TR 0
4 3 TL TR 1
4 5 TL BL 0
1 2 TL BL 1
2 1 TR BL 0
2 3 TL BL 1
3 1 TL TR 0
2 1 TL TR 1
3 3 TR BR 0
5 5 TR BR 1
4 2 TR BR 0
3 3 TR BR 1
2 1 TL TR 0
GAMEOVER WINNER 0
# Game ended: Tue Apr 09 22:37:27 EDT 2019
