# Server version 0.08 running on 172.30.159.3:8123
# Game ID: 123
# Board class: pentago_swap.PentagoBoard
# Timeout: 2000
# First Move Timeout: 30000
# Date: Mon Apr 01 18:06:12 EDT 2019
# Player 1: Player-0, 'RandomPlayer', running on 172.30.159.3
# Player 2: Player-1, '260732931', running on 172.30.159.3
START Player-0 RandomPlayer
START Player-1 260732931
5 2 TR BR 0
3 3 TL TR 1
0 3 TL TR 0
4 5 BL BR 1
3 5 BL BR 0
3 0 TR BL 1
2 1 TL BL 0
5 5 TL TR 1
5 2 BL BR 0
3 2 TL TR 1
1 4 TL TR 0
0 1 TL TR 1
0 0 BL BR 0
0 1 TL TR 1
4 4 TR BR 0
0 4 TL BL 1
1 3 TL BR 0
0 2 TL TR 1
5 0 TR BR 0
0 4 TL TR 1
5 3 TL TR 0
0 5 TL BL 1
5 1 TR BR 0
1 0 TL TR 1
2 1 BL BR 0
GAMEOVER WINNER 1
# Game ended: Mon Apr 01 18:06:14 EDT 2019
