# Server version 0.08 running on macbook-pro-3:8123
# Game ID: 323
# Board class: pentago_swap.PentagoBoard
# Timeout: 2000
# First Move Timeout: 30000
# Date: Fri Apr 05 01:33:21 EDT 2019
# Player 1: Player-0, 'Human', running on macbook-pro-3
# Player 2: Player-1, '260732931', running on macbook-pro-3
START Player-0 Human
START Player-1 260732931
1 1 BL BR 0
1 4 TL TR 1
2 4 BL TL 0
0 4 TL TR 1
1 2 BR BL 0
1 0 TL TR 1
2 3 BR BL 0
2 5 TL TR 1
4 2 TL TR 0
3 3 TL TR 1
2 4 TR BL 0
5 2 TL BL 1
4 3 TR TL 0
4 4 TL TR 1
1 3 TL BL 0
0 2 TL BL 1
1 1 TR TL 0
0 4 TL BL 1
