# Server version 0.08 running on 172.30.146.2:8123
# Game ID: 532
# Board class: pentago_swap.PentagoBoard
# Timeout: 2000
# First Move Timeout: 30000
# Date: Tue Apr 09 22:39:53 EDT 2019
# Player 1: Player-0, 'tianzhuzi', running on 172.30.146.2
# Player 2: Player-1, '260732931', running on 172.30.146.2
START Player-0 tianzhuzi
START Player-1 260732931
1 1 TL TR 0
1 1 TL TR 1
4 1 TL TR 0
4 4 TL TR 1
0 4 TL TR 0
4 3 TL TR 1
2 2 BL BR 0
3 3 TL TR 1
4 3 TL TR 0
4 2 TL BR 1
1 5 TR BL 0
0 4 TR BL 1
4 3 TR BL 0
1 2 TR BL 1
4 5 TL TR 0
0 2 TL TR 1
3 2 TL TR 0
5 1 TL TR 1
2 4 TL TR 0
1 0 TL TR 1
3 3 TL TR 0
2 5 TL TR 1
2 1 TL TR 0
5 4 TL TR 1
0 1 TL TR 0
3 4 TL TR 1
3 5 TL TR 0
3 0 TR BR 1
0 0 TR BR 0
0 5 TL TR 1
2 5 TL TR 0
2 0 TL TR 1
GAMEOVER WINNER 0
# Game ended: Tue Apr 09 22:40:02 EDT 2019
