# Server version 0.08 running on macbook-pro-3:8123
# Game ID: 158
# Board class: pentago_swap.PentagoBoard
# Timeout: 2000
# First Move Timeout: 30000
# Date: Tue Apr 02 07:35:29 EDT 2019
# Player 1: Player-0, '260732931', running on macbook-pro-3
# Player 2: Player-1, 'RandomPlayer', running on macbook-pro-3
START Player-0 260732931
START Player-1 RandomPlayer
0 0 TL TR 0
0 1 TR BR 1
2 0 TL BL 0
3 0 TL TR 1
1 2 TR BR 0
1 5 BL BR 1
5 4 TL BL 0
3 1 TL BL 1
2 5 TR BL 0
5 1 BL BR 1
1 0 TL BR 0
3 2 TL TR 1
4 0 TR BL 0
1 1 BL BR 1
2 2 TL TR 0
5 1 TR BR 1
3 4 TR BR 0
1 5 TL BR 1
1 1 TR BL 0
4 0 TR BR 1
2 0 TR BL 0
3 3 TL TR 1
GAMEOVER WINNER 1
# Game ended: Tue Apr 02 07:35:29 EDT 2019
