# Server version 0.08 running on 142.157.27.161:8123
# Game ID: 574
# Board class: pentago_swap.PentagoBoard
# Timeout: 2000
# First Move Timeout: 30000
# Date: Wed Apr 10 15:54:24 EDT 2019
# Player 1: Player-0, '260732931', running on 142.157.27.161
# Player 2: Player-1, 'bessie', running on 142.157.27.161
START Player-0 260732931
START Player-1 bessie
0 0 TL TR 0
4 4 TL TR 1
0 1 TL TR 0
4 1 TL TR 1
0 2 TL TR 0
3 3 TR BL 1
0 0 TL TR 0
2 2 TR BL 1
0 0 TL TR 0
5 5 TL TR 1
GAMEOVER WINNER 1
# Game ended: Wed Apr 10 15:54:39 EDT 2019
