# Server version 0.08 running on 142.157.27.77:8123
# Game ID: 477
# Board class: pentago_swap.PentagoBoard
# Timeout: 2000
# First Move Timeout: 30000
# Date: Sun Apr 07 01:54:34 EDT 2019
# Player 1: Player-0, '260732931', running on 142.157.27.77
# Player 2: Player-1, 'tianzhuzi', running on 142.157.27.77
START Player-0 260732931
START Player-1 tianzhuzi
0 0 TL BR 0
2 2 TL BR 1
2 3 TL BR 0
1 3 TR BR 1
3 2 TR BR 0
3 1 TL BR 1
0 2 TL BL 0
1 4 TL TR 1
2 5 TL TR 0
1 2 TL TR 1
1 2 BL BR 0
4 2 TL BR 1
4 1 TL BR 0
3 2 TL BR 1
5 4 TL TR 0
5 5 TL BR 1
3 3 TR BL 0
3 1 TR BR 1
1 3 TL TR 0
4 3 TL TR 1
1 4 TL TR 0
3 3 TL TR 1
3 4 TR BR 0
5 3 TR BR 1
2 4 TR BR 0
4 1 TL TR 1
2 1 BL BR 0
2 0 TL TR 1
0 0 TL TR 0
0 5 TL TR 1
0 1 TL TR 0
5 4 TL TR 1
4 3 TL TR 0
5 3 TL TR 1
4 5 TL TR 0
5 5 TL BR 1
GAMEOVER DRAW
# Game ended: Sun Apr 07 01:54:41 EDT 2019
