# Server version 0.08 running on macbook-pro-3:8123
# Game ID: 167
# Board class: pentago_swap.PentagoBoard
# Timeout: 2000
# First Move Timeout: 30000
# Date: Tue Apr 02 14:44:57 EDT 2019
# Player 1: Player-0, '260732931', running on macbook-pro-3
# Player 2: Player-1, 'RandomPlayer', running on macbook-pro-3
START Player-0 260732931
START Player-1 RandomPlayer
4 4 BL BR 0
0 1 TR BR 1
4 0 TR BR 0
3 1 TL TR 1
4 2 TL BL 0
2 2 BL BR 1
5 3 BL BR 0
3 5 TL BL 1
4 4 TR BL 0
5 4 BL BR 1
2 1 TR BL 0
3 2 TL TR 1
5 1 TL TR 0
0 4 BL BR 1
4 0 TR BR 0
5 2 TR BR 1
3 3 TL TR 0
1 2 TL BR 1
3 3 TL BL 0
2 1 TR BR 1
4 4 TR BL 0
3 4 TL TR 1
0 3 TL BR 0
2 2 TR BR 1
4 5 BL BR 0
5 0 BL BR 1
4 0 TL BL 0
2 3 TR BR 1
4 2 TR BL 0
2 0 TL BL 1
1 3 TL BR 0
GAMEOVER WINNER 0
# Game ended: Tue Apr 02 14:44:57 EDT 2019
