# Server version 0.08 running on 142.157.27.77:8123
# Game ID: 377
# Board class: pentago_swap.PentagoBoard
# Timeout: 2000
# First Move Timeout: 30000
# Date: Sat Apr 06 14:15:29 EDT 2019
# Player 1: Player-0, 'Human', running on 142.157.27.77
# Player 2: Player-1, '260732931', running on 142.157.27.77
START Player-0 Human
START Player-1 260732931
1 1 BL BR 0
1 4 TL TR 1
2 4 BL TL 0
0 4 TL TR 1
2 2 BR BL 0
2 0 TL TR 1
1 3 BL BR 0
1 5 BL BR 1
1 2 BL BR 0
1 1 TL BR 1
1 2 BL BR 0
1 1 BL BR 1
3 2 BR BL 0
3 2 TL BR 1
3 4 BR BL 0
0 3 BL BR 1
3 5 BL TL 0
2 2 TR BL 1
5 5 BL TR 0
0 0 TL BL 1
3 3 BR TR 0
3 1 TR BR 1
0 1 TL BL 0
GAMEOVER DRAW
# Game ended: Sat Apr 06 14:16:16 EDT 2019
