# Server version 0.08 running on 172.30.146.2:8123
# Game ID: 541
# Board class: pentago_swap.PentagoBoard
# Timeout: 2000
# First Move Timeout: 30000
# Date: Tue Apr 09 23:06:10 EDT 2019
# Player 1: Player-0, '260732931', running on 172.30.146.2
# Player 2: Player-1, 'tianzhuzi', running on 172.30.146.2
START Player-0 260732931
START Player-1 tianzhuzi
0 1 TL TR 0
2 0 TL TR 1
1 3 BL BR 0
1 1 TL TR 1
3 0 TL TR 0
0 2 TL BL 1
0 3 TL TR 0
4 2 TL TR 1
3 0 TL TR 0
4 0 TL TR 1
2 2 TL TR 0
5 2 TL BL 1
2 3 TR BL 0
4 0 TL TR 1
3 3 TL TR 0
4 5 TL BR 1
5 4 TL BR 0
1 4 BL BR 1
5 1 TL TR 0
5 2 TL TR 1
0 4 TL BL 0
GAMEOVER WINNER 1
# Game ended: Tue Apr 09 23:06:15 EDT 2019
