# Server version 0.08 running on 142.157.27.77:8123
# Game ID: 496
# Board class: pentago_swap.PentagoBoard
# Timeout: 2000
# First Move Timeout: 30000
# Date: Sun Apr 07 16:14:42 EDT 2019
# Player 1: Player-0, '260732931', running on 142.157.27.77
# Player 2: Player-1, 'Marine', running on 142.157.27.77
START Player-0 260732931
START Player-1 Marine
0 0 TL BR 0
1 1 TL TR 1
0 2 TL BL 0
1 1 TL TR 1
3 1 TL TR 0
4 1 TL TR 1
3 0 TL TR 0
3 4 BL BR 1
4 1 TR BL 0
0 1 TL BL 1
2 1 TL BL 0
2 1 TR BR 1
3 1 TR BR 0
3 2 TL BL 1
5 4 BL BR 0
3 5 BL BR 1
3 0 BL BR 0
1 2 BL BR 1
1 0 BL BR 0
2 2 BL BR 1
4 2 BL BR 0
0 0 TL TR 1
5 3 TR BL 0
4 3 TL BR 1
1 5 TL BR 0
0 2 TL BL 1
4 2 TL BL 0
1 0 BL BR 1
1 3 TL TR 0
5 3 TR BR 1
GAMEOVER WINNER 1
# Game ended: Sun Apr 07 16:14:48 EDT 2019
