# Server version 0.08 running on 142.157.26.244:8123
# Game ID: 207
# Board class: pentago_swap.PentagoBoard
# Timeout: 2000
# First Move Timeout: 30000
# Date: Wed Apr 03 17:13:37 EDT 2019
# Player 1: Player-0, '260732931', running on 142.157.26.244
# Player 2: Player-1, 'RandomPlayer', running on 142.157.26.244
START Player-0 260732931
START Player-1 RandomPlayer
0 0 TL TR 0
2 0 TL BR 1
0 4 TR BL 0
5 5 BL BR 1
3 2 TL TR 0
0 3 TL TR 1
3 1 TL TR 0
5 1 BL BR 1
3 2 TL TR 0
0 5 TR BL 1
1 3 TR BL 0
0 3 BL BR 1
GAMEOVER WINNER 0
# Game ended: Wed Apr 03 17:13:45 EDT 2019
