# Server version 0.08 running on 142.157.27.77:8123
# Game ID: 506
# Board class: pentago_swap.PentagoBoard
# Timeout: 2000
# First Move Timeout: 30000
# Date: Sun Apr 07 16:20:41 EDT 2019
# Player 1: Player-0, '260732931', running on 142.157.27.77
# Player 2: Player-1, 'Marine', running on 142.157.27.77
START Player-0 260732931
START Player-1 Marine
1 1 TL TR 0
1 1 TL TR 1
4 1 TL TR 0
4 4 TL TR 1
0 4 TL TR 0
0 0 TR BL 1
2 3 TL BL 0
3 3 TL BL 1
2 2 BL BR 0
2 0 TL TR 1
3 2 TL TR 0
0 2 TL TR 1
4 2 TL TR 0
5 2 TL TR 1
1 0 TL TR 0
4 0 TL TR 1
1 3 TL TR 0
1 5 TL TR 1
2 2 TL TR 0
5 3 TR BR 1
1 3 TR BR 0
4 5 TR BR 1
5 4 TR BR 0
2 1 TR BL 1
1 2 TR BL 0
3 3 TR BL 1
3 4 TR BL 0
0 4 TR BL 1
5 4 TR BL 0
GAMEOVER WINNER 0
# Game ended: Sun Apr 07 16:20:48 EDT 2019
