# Server version 0.08 running on macbook-pro-3:8123
# Game ID: 309
# Board class: pentago_swap.PentagoBoard
# Timeout: 2000
# First Move Timeout: 30000
# Date: Fri Apr 05 01:11:37 EDT 2019
# Player 1: Player-0, 'Human', running on macbook-pro-3
# Player 2: Player-1, '260732931', running on macbook-pro-3
START Player-0 Human
START Player-1 260732931
1 1 BL BR 0
1 4 TL TR 1
2 4 BL BR 0
0 4 TL TR 1
4 4 BL TR 0
4 2 TL BR 1
3 3 TR BL 0
2 2 TR BL 1
2 3 TL TR 0
4 3 BL BR 1
1 0 BL BR 0
0 0 BL BR 1
1 1 BL BR 0
1 5 BL BR 1
1 3 BR BL 0
1 2 BL BR 1
2 2 BL BR 0
5 5 TL TR 1
3 1 BL TR 0
1 3 TR BR 1
3 2 TL BR 0
2 3 TL BL 1
3 3 BL TR 0
3 2 TL BR 1
2 1 TR BL 0
0 1 TR BL 1
2 3 BL TR 0
1 5 TR BL 1
GAMEOVER WINNER 1
# Game ended: Fri Apr 05 01:12:23 EDT 2019
