# Server version 0.08 running on 192.168.0.137:8123
# Game ID: 282
# Board class: pentago_swap.PentagoBoard
# Timeout: 2000
# First Move Timeout: 30000
# Date: Thu Apr 04 19:33:51 EDT 2019
# Player 1: Player-0, 'Human', running on 192.168.0.137
# Player 2: Player-1, 'RandomPlayer', running on 192.168.0.137
START Player-0 Human
START Player-1 RandomPlayer
1 1 BL BR 0
0 1 TL TR 1
1 3 BR BL 0
0 3 TL TR 1
1 2 BL BR 0
0 2 TL TR 1
1 2 BR BL 0
3 3 TL BR 1
4 4 BR TL 0
GAMEOVER WINNER 0
# Game ended: Thu Apr 04 19:34:03 EDT 2019
