# Server version 0.08 running on macbook-pro-3:8123
# Game ID: 519
# Board class: pentago_swap.PentagoBoard
# Timeout: 2000
# First Move Timeout: 30000
# Date: Sun Apr 07 19:38:51 EDT 2019
# Player 1: Player-0, '260732931', running on macbook-pro-3
# Player 2: Player-1, 'Marine', running on macbook-pro-3
START Player-0 260732931
START Player-1 Marine
1 1 TL TR 0
1 1 TL TR 1
4 1 TL TR 0
0 0 TL TR 1
0 2 TL BL 0
0 5 BL BR 1
5 3 BL BR 0
0 4 BL BR 1
2 4 BL BR 0
0 2 BL BR 1
0 1 BL BR 0
1 2 TR BL 1
2 2 TR BL 0
2 0 TL BL 1
2 1 TL BL 0
0 0 TL TR 1
3 1 TL TR 0
2 1 TL TR 1
3 4 TL TR 0
4 4 TL TR 1
4 3 TL TR 0
3 3 TL TR 1
2 2 TL TR 0
2 3 TL BL 1
GAMEOVER WINNER 0
# Game ended: Sun Apr 07 19:38:58 EDT 2019
