# Server version 0.08 running on 192.168.0.137:8123
# Game ID: 275
# Board class: pentago_swap.PentagoBoard
# Timeout: 2000
# First Move Timeout: 30000
# Date: Thu Apr 04 19:15:05 EDT 2019
# Player 1: Player-0, 'Human', running on 192.168.0.137
# Player 2: Player-1, '260732931', running on 192.168.0.137
START Player-0 Human
START Player-1 260732931
1 1 BL BR 0
1 4 TL TR 1
2 4 BR BL 0
0 4 TL TR 1
3 1 BR BL 0
2 2 TL BR 1
1 1 TL BL 0
5 1 TL BL 1
2 2 TR BL 0
1 3 TR BL 1
3 3 BL TR 0
0 0 TL TR 1
1 3 BL BR 0
1 5 TL BR 1
2 3 BR BL 0
0 5 TL BR 1
3 3 BR BL 0
4 4 TR BL 1
1 2 BR BL 0
4 2 TL BR 1
2 3 BL BR 0
1 3 BL BR 1
4 3 BL BR 0
5 0 BL BR 1
1 5 BL BR 0
0 5 BL BR 1
3 2 BL BR 0
2 4 BL BR 1
3 1 TR BR 0
GAMEOVER WINNER 1
# Game ended: Thu Apr 04 19:16:33 EDT 2019
