# Server version 0.08 running on 142.157.27.77:8123
# Game ID: 416
# Board class: pentago_swap.PentagoBoard
# Timeout: 2000
# First Move Timeout: 30000
# Date: Sat Apr 06 23:38:18 EDT 2019
# Player 1: Player-0, 'RandomPlayer', running on 142.157.27.77
# Player 2: Player-1, '260732931', running on 142.157.27.77
START Player-0 RandomPlayer
START Player-1 260732931
2 2 TL TR 0
0 0 TL BR 1
4 0 TL TR 0
4 3 TL TR 1
2 2 TR BL 0
0 4 TL TR 1
4 1 TR BL 0
1 1 TR BL 1
3 1 BL BR 0
1 4 TR BR 1
1 5 TR BL 0
3 2 BL BR 1
2 4 TL BR 0
2 1 TL TR 1
3 3 TL BR 0
5 1 TL BL 1
3 4 TR BR 0
0 1 TL BL 1
2 2 TL BL 0
GAMEOVER WINNER 1
# Game ended: Sat Apr 06 23:38:21 EDT 2019
