# Server version 0.08 running on 142.157.26.244:8123
# Game ID: 217
# Board class: pentago_swap.PentagoBoard
# Timeout: 2000
# First Move Timeout: 30000
# Date: Wed Apr 03 17:37:36 EDT 2019
# Player 1: Player-0, 'Human', running on 142.157.26.244
# Player 2: Player-1, '260732931', running on 142.157.26.244
START Player-0 Human
START Player-1 260732931
0 1 TR TL 0
0 3 TL TR 1
0 2 TL TR 0
1 3 TL TR 1
3 2 BL BR 0
2 0 TR BR 1
0 4 BR TR 0
3 3 TL BR 1
1 0 TL TR 0
2 0 TR BL 1
2 2 TL TR 0
0 0 TL BR 1
4 3 BR BL 0
1 1 TL BR 1
3 1 TL BL 0
4 5 BL BR 1
1 3 BR BL 0
1 1 BL BR 1
2 1 BR TR 0
1 2 TR BL 1
GAMEOVER WINNER 1
# Game ended: Wed Apr 03 17:39:07 EDT 2019
