# Server version 0.08 running on 172.30.159.3:8123
# Game ID: 127
# Board class: pentago_swap.PentagoBoard
# Timeout: 2000
# First Move Timeout: 30000
# Date: Mon Apr 01 18:10:11 EDT 2019
# Player 1: Player-0, '260732931', running on 172.30.159.3
# Player 2: Player-1, 'RandomPlayer', running on 172.30.159.3
START Player-0 260732931
START Player-1 RandomPlayer
1 0 TL BL 0
0 1 TR BR 1
1 3 BL BR 0
3 2 TL TR 1
0 0 TL TR 0
2 0 BL BR 1
2 3 TL TR 0
3 4 TL BL 1
0 0 TL TR 0
5 4 BL BR 1
0 0 TL TR 0
3 4 TL TR 1
0 2 TL TR 0
1 3 BL BR 1
0 1 TL TR 0
5 2 TR BR 1
2 3 TL BL 0
1 4 TL BR 1
1 3 TL BL 0
GAMEOVER WINNER 0
# Game ended: Mon Apr 01 18:10:14 EDT 2019
