# Server version 0.08 running on 172.30.146.2:8123
# Game ID: 550
# Board class: pentago_swap.PentagoBoard
# Timeout: 2000
# First Move Timeout: 30000
# Date: Tue Apr 09 23:34:30 EDT 2019
# Player 1: Player-0, '260732931', running on 172.30.146.2
# Player 2: Player-1, 'Marine', running on 172.30.146.2
START Player-0 260732931
START Player-1 Marine
0 1 TL TR 0
0 1 TL TR 1
2 0 TR BL 0
2 3 TL BR 1
2 2 TL BR 0
1 4 TL BR 1
0 2 TL BR 0
3 2 TL BR 1
2 0 TL BR 0
0 5 TL BR 1
5 0 TL BR 0
4 1 TL BR 1
GAMEOVER WINNER 1
# Game ended: Tue Apr 09 23:34:35 EDT 2019
