# Server version 0.08 running on 142.157.26.226:8123
# Game ID: 3
# Board class: pentago_swap.PentagoBoard
# Timeout: 2000
# First Move Timeout: 30000
# Date: Wed Mar 27 17:29:54 EDT 2019
# Player 1: Player-0, 'Human', running on 142.157.26.226
# Player 2: Player-1, 'RandomPlayer', running on 142.157.26.226
START Player-0 Human
START Player-1 RandomPlayer
4 1 TR BR 0
0 1 TR BR 1
4 2 BR TR 0
3 1 TL TR 1
4 3 TR TL 0
1 4 BL BR 1
4 3 BL BR 0
3 2 TL BL 1
4 4 BR TR 0
GAMEOVER WINNER 0
# Game ended: Wed Mar 27 17:30:49 EDT 2019
