# Server version 0.08 running on macbook-pro-3:8123
# Game ID: 269
# Board class: pentago_swap.PentagoBoard
# Timeout: 2000
# First Move Timeout: 30000
# Date: Thu Apr 04 15:28:42 EDT 2019
# Player 1: Player-0, '260732931', running on macbook-pro-3
# Player 2: Player-1, 'Human', running on macbook-pro-3
START Player-0 260732931
START Player-1 Human
1 1 TL TR 0
1 3 TL BL 1
4 1 TR BL 0
3 0 BL BR 1
5 4 TL BR 0
2 0 TL TR 1
0 4 TL TR 0
3 0 BR TR 1
3 2 TL BR 0
4 0 BR TL 1
GAMEOVER WINNER 1
# Game ended: Thu Apr 04 15:29:09 EDT 2019
