# Server version 0.08 running on macbook-pro-3:8123
# Game ID: 163
# Board class: pentago_swap.PentagoBoard
# Timeout: 2000
# First Move Timeout: 30000
# Date: Tue Apr 02 07:45:24 EDT 2019
# Player 1: Player-0, '260732931', running on macbook-pro-3
# Player 2: Player-1, 'RandomPlayer', running on macbook-pro-3
START Player-0 260732931
START Player-1 RandomPlayer
1 1 TL TR 0
0 1 TR BR 1
1 4 TL TR 0
3 2 TL TR 1
4 1 TL TR 0
1 5 BL BR 1
0 1 TL TR 0
3 3 TL BL 1
2 4 TL TR 0
5 4 BL BR 1
0 4 TL TR 0
3 3 TL TR 1
3 1 TL TR 0
1 0 BL BR 1
GAMEOVER WINNER 0
# Game ended: Tue Apr 02 07:45:27 EDT 2019
