# Server version 0.08 running on 142.157.27.77:8123
# Game ID: 303
# Board class: pentago_swap.PentagoBoard
# Timeout: 2000
# First Move Timeout: 30000
# Date: Fri Apr 05 00:24:19 EDT 2019
# Player 1: Player-0, 'RandomPlayer', running on 142.157.27.77
# Player 2: Player-1, '260732931', running on 142.157.27.77
START Player-0 RandomPlayer
START Player-1 260732931
1 1 TL TR 0
1 1 TL TR 1
4 1 TL TR 0
4 4 TL TR 1
0 4 TL TR 0
0 0 TL BR 1
2 2 TL BR 0
1 0 TL TR 1
2 3 TL TR 0
1 5 TR BL 1
1 2 TR BL 0
3 4 TR BL 1
5 4 TR BL 0
5 3 TR BL 1
3 5 TR BL 0
2 2 TR BL 1
3 3 TL TR 0
2 4 TL TR 1
4 3 TL TR 0
5 0 TL TR 1
1 5 TL TR 0
5 1 TR BR 1
2 2 TR BR 0
4 5 BL BR 1
2 0 BL BR 0
4 0 TR BL 1
0 0 TR BL 0
3 0 TR BL 1
2 5 TR BL 0
2 1 TL TR 1
0 4 TL TR 0
0 2 TR BR 1
3 2 TR BR 0
3 1 TR BR 1
1 0 TR BR 0
0 5 TL BL 1
GAMEOVER DRAW
# Game ended: Fri Apr 05 00:24:31 EDT 2019
