# Server version 0.08 running on 142.157.27.161:8123
# Game ID: 635
# Board class: pentago_swap.PentagoBoard
# Timeout: 2000
# First Move Timeout: 30000
# Date: Wed Apr 10 18:03:37 EDT 2019
# Player 1: Player-0, 'bessie', running on 142.157.27.161
# Player 2: Player-1, '260732931', running on 142.157.27.161
START Player-0 bessie
START Player-1 260732931
4 4 TL TR 0
1 1 BL BR 1
4 4 TL TR 0
1 1 BL BR 1
3 2 TR BR 0
0 0 TR BR 1
5 3 TR BR 0
2 0 TR BR 1
3 5 TR BR 0
GAMEOVER WINNER 0
# Game ended: Wed Apr 10 18:03:41 EDT 2019
