# Server version 0.08 running on 172.30.146.2:8123
# Game ID: 552
# Board class: pentago_swap.PentagoBoard
# Timeout: 2000
# First Move Timeout: 30000
# Date: Tue Apr 09 23:45:54 EDT 2019
# Player 1: Player-0, 'bessie', running on 172.30.146.2
# Player 2: Player-1, '260732931', running on 172.30.146.2
START Player-0 bessie
START Player-1 260732931
4 4 TL TR 0
0 1 TL TR 1
4 1 TL TR 0
0 4 TL TR 1
3 2 TR BR 0
2 0 TR BR 1
5 3 TR BR 0
2 2 TL BR 1
0 5 TL BR 0
GAMEOVER WINNER 0
# Game ended: Tue Apr 09 23:46:00 EDT 2019
