# Server version 0.08 running on 142.157.27.77:8123
# Game ID: 423
# Board class: pentago_swap.PentagoBoard
# Timeout: 2000
# First Move Timeout: 30000
# Date: Sat Apr 06 23:59:28 EDT 2019
# Player 1: Player-0, '260732931', running on 142.157.27.77
# Player 2: Player-1, 'RandomPlayer', running on 142.157.27.77
START Player-0 260732931
START Player-1 RandomPlayer
1 1 TL TR 0
2 5 TL BL 1
0 2 TL BL 0
0 3 TR BL 1
1 4 TR BL 0
5 5 TL BL 1
1 2 TL BL 0
2 1 TR BR 1
2 2 TR BR 0
2 4 TR BL 1
5 3 TR BR 0
5 3 TL BR 1
2 2 TL BR 0
0 0 TR BR 1
0 3 TR BR 0
0 4 TL BL 1
4 2 TL BL 0
1 4 TL BR 1
4 4 TL BR 0
GAMEOVER WINNER 0
# Game ended: Sat Apr 06 23:59:31 EDT 2019
