# Server version 0.08 running on 142.157.27.161:8123
# Game ID: 573
# Board class: pentago_swap.PentagoBoard
# Timeout: 2000
# First Move Timeout: 30000
# Date: Wed Apr 10 15:54:06 EDT 2019
# Player 1: Player-0, 'bessie', running on 142.157.27.161
# Player 2: Player-1, 'bessie', running on 142.157.27.161
START Player-0 bessie
START Player-1 bessie
4 4 TL TR 0
4 1 TL TR 1
1 4 TL TR 0
1 4 TL TR 1
2 3 BL BR 0
3 2 TL BR 1
3 1 BL BR 0
2 4 BL BR 1
4 0 TR BL 0
1 5 TR BL 1
3 0 TL TR 0
GAMEOVER USER CANCEL UNDECIDED
# Game ended: Wed Apr 10 15:54:20 EDT 2019
