# Server version 0.08 running on macbook-pro-3:8123
# Game ID: 178
# Board class: pentago_swap.PentagoBoard
# Timeout: 2000
# First Move Timeout: 30000
# Date: Tue Apr 02 14:53:38 EDT 2019
# Player 1: Player-0, 'Human', running on macbook-pro-3
# Player 2: Player-1, '260732931', running on macbook-pro-3
START Player-0 Human
START Player-1 260732931
2 2 BL BR 0
4 2 TR BR 1
1 2 TR BR 0
1 3 BL BR 1
3 2 BL BR 0
5 0 BL BR 1
3 4 BL BR 0
4 3 TL BL 1
3 2 BR TR 0
2 2 BL BR 1
2 5 BR BL 0
3 0 TR BL 1
3 5 BR BL 0
2 4 TR BL 1
2 5 BR BL 0
5 1 TL BL 1
1 5 BR TR 0
GAMEOVER WINNER 0
# Game ended: Tue Apr 02 14:54:10 EDT 2019
