# Server version 0.08 running on 142.157.27.161:8123
# Game ID: 566
# Board class: pentago_swap.PentagoBoard
# Timeout: 2000
# First Move Timeout: 30000
# Date: Wed Apr 10 14:46:02 EDT 2019
# Player 1: Player-0, '260732931', running on 142.157.27.161
# Player 2: Player-1, '260716696', running on 142.157.24.227
START Player-0 260732931
START Player-1 260716696
0 1 TL TR 0
4 4 TL TR 1
0 4 TL TR 0
4 1 TL TR 1
2 0 BL BR 0
2 4 TL TR 1
3 5 TL TR 0
2 5 TR BR 1
2 5 TR BR 0
4 5 TL TR 1
1 1 TL TR 0
5 1 TL TR 1
5 0 TL TR 0
0 3 TR BR 1
2 3 TR BR 0
3 4 TR BL 1
0 5 TL BL 0
3 3 TL TR 1
0 5 TL TR 0
1 3 TR BL 1
2 5 TR BL 0
0 4 TL BL 1
GAMEOVER WINNER 1
# Game ended: Wed Apr 10 14:46:25 EDT 2019
