# Server version 0.08 running on 142.157.27.77:8123
# Game ID: 491
# Board class: pentago_swap.PentagoBoard
# Timeout: 2000
# First Move Timeout: 30000
# Date: Sun Apr 07 15:40:46 EDT 2019
# Player 1: Player-0, 'Human', running on 142.157.27.77
# Player 2: Player-1, '260732931', running on 142.157.27.77
START Player-0 Human
START Player-1 260732931
1 1 BL BR 0
0 0 TL BR 1
3 4 TR TL 0
2 1 TL TR 1
1 1 TL BL 0
1 2 TL BL 1
4 1 BL TR 0
5 0 TR BL 1
2 2 BL BR 0
1 3 BL BR 1
2 1 TR BR 0
3 1 TL BL 1
3 1 BR TR 0
5 4 TR BR 1
2 3 TL BR 0
0 5 TL BR 1
3 2 BR TL 0
5 0 TL BR 1
2 1 TR BR 0
GAMEOVER WINNER 0
# Game ended: Sun Apr 07 15:41:07 EDT 2019
