# Server version 0.08 running on 142.157.26.244:8123
# Game ID: 205
# Board class: pentago_swap.PentagoBoard
# Timeout: 2000
# First Move Timeout: 30000
# Date: Wed Apr 03 17:04:24 EDT 2019
# Player 1: Player-0, 'RandomPlayer', running on 142.157.26.244
# Player 2: Player-1, '260732931', running on 142.157.26.244
START Player-0 RandomPlayer
START Player-1 260732931
4 1 TL BR 0
0 0 TL TR 1
3 0 BL BR 0
0 4 TL TR 1
5 3 TR BR 0
0 5 TL BR 1
3 0 TL TR 0
1 2 TL TR 1
2 2 TL BR 0
1 0 TL BR 1
0 4 TL BR 0
3 2 TL TR 1
3 4 TL TR 0
2 5 TL TR 1
3 5 TL BR 0
4 2 TL TR 1
4 3 BL BR 0
1 1 TL BL 1
5 5 TL BR 0
1 1 TL BL 1
1 5 TR BR 0
1 2 TL TR 1
GAMEOVER WINNER 1
# Game ended: Wed Apr 03 17:04:34 EDT 2019
