# Server version 0.08 running on 142.157.27.77:8123
# Game ID: 290
# Board class: pentago_swap.PentagoBoard
# Timeout: 2000
# First Move Timeout: 30000
# Date: Thu Apr 04 23:58:39 EDT 2019
# Player 1: Player-0, '260732931', running on 142.157.27.77
# Player 2: Player-1, 'RandomPlayer', running on 142.157.27.77
START Player-0 260732931
START Player-1 RandomPlayer
1 1 TL TR 0
0 1 TL TR 1
1 0 TL TR 0
1 1 TL TR 1
2 4 TL TR 0
0 0 TL BL 1
3 2 TL TR 0
2 1 TL BL 1
5 2 TL BL 0
1 2 TL BL 1
1 2 TL BL 0
4 0 BL BR 1
5 3 TR BR 0
0 2 TR BR 1
5 5 TL BR 0
3 2 TL TR 1
5 2 TR BL 0
2 0 TL TR 1
2 5 TL TR 0
1 0 TR BL 1
1 2 TR BL 0
GAMEOVER WINNER 0
# Game ended: Thu Apr 04 23:58:50 EDT 2019
