# Server version 0.08 running on 142.157.27.77:8123
# Game ID: 297
# Board class: pentago_swap.PentagoBoard
# Timeout: 2000
# First Move Timeout: 30000
# Date: Fri Apr 05 00:15:23 EDT 2019
# Player 1: Player-0, '260732931', running on 142.157.27.77
# Player 2: Player-1, 'RandomPlayer', running on 142.157.27.77
START Player-0 260732931
START Player-1 RandomPlayer
1 1 TL TR 0
0 1 TL TR 1
4 1 TL TR 0
1 1 TL TR 1
4 4 TL TR 0
0 0 TL TR 1
1 5 TL TR 0
0 2 TL TR 1
1 2 TR BL 0
1 3 TL BR 1
4 3 TL BL 0
1 0 TR BR 1
3 4 TL BL 0
2 1 TL BL 1
5 4 TL BL 0
0 1 TL TR 1
4 5 TL TR 0
1 0 BL BR 1
1 2 TL BR 0
3 3 TL BR 1
GAMEOVER WINNER 0
# Game ended: Fri Apr 05 00:15:32 EDT 2019
