# Server version 0.08 running on 142.157.27.161:8123
# Game ID: 648
# Board class: pentago_swap.PentagoBoard
# Timeout: 2000
# First Move Timeout: 30000
# Date: Wed Apr 10 19:21:01 EDT 2019
# Player 1: Player-0, 'RandomPlayer', running on 142.157.27.161
# Player 2: Player-1, '260732931', running on 142.157.27.161
START Player-0 RandomPlayer
START Player-1 260732931
5 1 TL BL 0
1 1 BL BR 1
3 4 TL TR 0
1 1 BL BR 1
2 0 TL BL 0
5 1 BL BR 1
3 3 TL BL 0
3 4 TL TR 1
5 2 TR BR 0
2 2 TR BL 1
0 1 TR BR 0
1 2 TR BR 1
4 4 TR BL 0
4 1 TR BL 1
3 5 BL BR 0
2 3 BL BR 1
0 3 BL BR 0
0 5 BL BR 1
2 4 TL BL 0
1 5 TL BL 1
5 4 BL BR 0
1 0 BL BR 1
3 4 TL BR 0
4 2 TL BR 1
3 3 TR BR 0
4 3 TR BR 1
GAMEOVER WINNER 1
# Game ended: Wed Apr 10 19:21:04 EDT 2019
