# Server version 0.08 running on 142.157.27.77:8123
# Game ID: 379
# Board class: pentago_swap.PentagoBoard
# Timeout: 2000
# First Move Timeout: 30000
# Date: Sat Apr 06 14:17:13 EDT 2019
# Player 1: Player-0, '260732931', running on 142.157.27.77
# Player 2: Player-1, 'RandomPlayer', running on 142.157.27.77
START Player-0 260732931
START Player-1 RandomPlayer
1 1 TL TR 0
1 1 TL TR 1
4 1 TL TR 0
4 4 TL TR 1
0 4 TL TR 0
2 4 TL TR 1
1 2 TR BL 0
1 3 TL TR 1
1 3 TL BR 0
4 0 TL BL 1
1 2 BL BR 0
2 3 BL BR 1
2 5 BL BR 0
0 5 TR BR 1
0 2 TR BR 0
2 2 TR BR 1
5 1 TL BL 0
3 4 BL BR 1
3 3 BL BR 0
0 0 TL BL 1
4 2 TL BL 0
2 2 TL BL 1
GAMEOVER WINNER 0
# Game ended: Sat Apr 06 14:17:22 EDT 2019
