# Server version 0.08 running on 142.157.27.161:8123
# Game ID: 594
# Board class: pentago_swap.PentagoBoard
# Timeout: 2000
# First Move Timeout: 30000
# Date: Wed Apr 10 16:33:57 EDT 2019
# Player 1: Player-0, '260732931', running on 142.157.27.161
# Player 2: Player-1, 'bessie', running on 142.157.27.161
START Player-0 260732931
START Player-1 bessie
1 1 TL TR 0
4 4 TL TR 1
1 4 TL TR 0
4 1 TL TR 1
3 1 TL TR 0
3 2 TL BL 1
2 0 TR BR 0
1 0 BL BR 1
1 2 BL BR 0
0 3 TR BR 1
5 5 TR BR 0
0 4 TR BR 1
2 3 TL BR 0
3 2 TL TR 1
3 1 TL TR 0
5 1 TR BL 1
1 5 TR BR 0
2 4 BL BR 1
4 0 TR BR 0
5 5 TL BR 1
0 0 TL BR 0
1 0 TL BR 1
5 4 TL BL 0
4 5 BL BR 1
GAMEOVER DRAW
# Game ended: Wed Apr 10 16:34:21 EDT 2019
