# Server version 0.08 running on 142.157.27.77:8123
# Game ID: 395
# Board class: pentago_swap.PentagoBoard
# Timeout: 2000
# First Move Timeout: 30000
# Date: Sat Apr 06 15:08:19 EDT 2019
# Player 1: Player-0, 'RandomPlayer', running on 142.157.27.77
# Player 2: Player-1, '260732931', running on 142.157.27.77
START Player-0 RandomPlayer
START Player-1 260732931
1 1 TL TR 0
1 1 TL TR 1
4 1 TL TR 0
4 4 TL TR 1
0 4 TL TR 0
1 0 TL TR 1
0 3 TL TR 0
0 2 TL TR 1
5 2 TL TR 0
4 3 TL TR 1
1 5 TL TR 0
3 4 TL TR 1
2 1 TL TR 0
5 4 TR BL 1
2 1 TR BL 0
2 2 TR BL 1
3 1 TR BL 0
5 1 TR BL 1
1 3 TR BL 0
1 5 TR BL 1
3 3 TR BL 0
3 1 TL TR 1
4 5 TL BL 0
0 0 TL BL 1
0 2 TL BL 0
1 2 TR BL 1
1 3 TR BL 0
5 0 TR BL 1
0 3 TR BL 0
5 3 TR BL 1
0 2 TR BL 0
2 0 TR BL 1
5 5 TR BL 0
3 5 TR BL 1
5 0 TR BL 0
5 2 TL TR 1
GAMEOVER DRAW
# Game ended: Sat Apr 06 15:08:29 EDT 2019
