# Server version 0.08 running on 142.157.27.77:8123
# Game ID: 440
# Board class: pentago_swap.PentagoBoard
# Timeout: 2000
# First Move Timeout: 30000
# Date: Sun Apr 07 00:46:51 EDT 2019
# Player 1: Player-0, '260732931', running on 142.157.27.77
# Player 2: Player-1, 'RandomPlayer', running on 142.157.27.77
START Player-0 260732931
START Player-1 RandomPlayer
1 1 TL TR 0
1 1 TL TR 1
4 1 TL TR 0
4 4 TL TR 1
0 4 TL TR 0
1 0 TL BR 1
3 3 TL BR 0
0 2 TL BL 1
1 2 TL BL 0
3 2 TR BL 1
4 5 BL BR 0
1 2 BL BR 1
4 0 BL BR 0
1 3 BL BR 1
3 1 TL BR 0
5 1 TL BR 1
4 2 TL BR 0
5 2 TL BR 1
5 0 TL TR 0
0 1 TL TR 1
4 3 TL BR 0
0 0 TL BR 1
2 2 BL BR 0
3 1 BL BR 1
2 4 BL BR 0
3 2 BL BR 1
3 0 TL BR 0
0 3 TL BR 1
2 3 TL BR 0
GAMEOVER WINNER 1
# Game ended: Sun Apr 07 00:46:59 EDT 2019
