# Server version 0.08 running on 142.157.27.77:8123
# Game ID: 511
# Board class: pentago_swap.PentagoBoard
# Timeout: 2000
# First Move Timeout: 30000
# Date: Sun Apr 07 16:25:41 EDT 2019
# Player 1: Player-0, 'tianzhuzi', running on 142.157.27.77
# Player 2: Player-1, '260732931', running on 142.157.27.77
START Player-0 tianzhuzi
START Player-1 260732931
1 1 TL TR 0
0 0 TL BR 1
1 3 TL BR 0
0 1 TL TR 1
0 5 TL TR 0
1 5 TL TR 1
2 1 TL TR 0
2 5 TL TR 1
3 1 TL BR 0
3 4 TL BR 1
4 1 TL BR 0
5 1 TL BL 1
3 3 TL BL 0
1 3 TL BR 1
2 0 TL TR 0
3 2 TL TR 1
0 2 TL TR 0
2 0 TL TR 1
2 4 TL TR 0
3 0 TL TR 1
4 0 TL TR 0
5 0 TR BL 1
1 5 TR BL 0
2 2 TR BL 1
4 4 TR BL 0
1 1 TR BL 1
1 2 TR BL 0
5 2 TR BL 1
4 5 TR BL 0
3 4 TL TR 1
4 3 TL TR 0
GAMEOVER WINNER 0
# Game ended: Sun Apr 07 16:25:47 EDT 2019
