# Server version 0.08 running on macbook-pro-3:8123
# Game ID: 171
# Board class: pentago_swap.PentagoBoard
# Timeout: 2000
# First Move Timeout: 30000
# Date: Tue Apr 02 14:46:35 EDT 2019
# Player 1: Player-0, 'RandomPlayer', running on macbook-pro-3
# Player 2: Player-1, '260732931', running on macbook-pro-3
START Player-0 RandomPlayer
START Player-1 260732931
5 2 TR BR 0
2 3 TL TR 1
0 3 TL TR 0
1 5 TL BL 1
4 1 BL BR 0
0 1 TL BL 1
1 4 TL BL 0
1 3 TL BR 1
5 2 BL BR 0
5 0 TR BL 1
1 5 TL TR 0
0 0 BL BR 1
0 2 BL BR 0
5 4 TR BL 1
5 0 TR BR 0
3 1 TL TR 1
1 2 TL BR 0
5 1 BL BR 1
4 5 TR BR 0
2 5 TL TR 1
4 4 TL TR 0
0 0 TL TR 1
4 3 TR BR 0
GAMEOVER WINNER 0
# Game ended: Tue Apr 02 14:46:36 EDT 2019
