# Server version 0.08 running on 142.157.26.244:8123
# Game ID: 213
# Board class: pentago_swap.PentagoBoard
# Timeout: 2000
# First Move Timeout: 30000
# Date: Wed Apr 03 17:27:45 EDT 2019
# Player 1: Player-0, 'RandomPlayer', running on 142.157.26.244
# Player 2: Player-1, '260732931', running on 142.157.26.244
START Player-0 RandomPlayer
START Player-1 260732931
3 0 BL BR 0
1 1 TL TR 1
4 3 TR BR 0
2 3 TL TR 1
3 5 TL BL 0
3 4 TL TR 1
2 4 TL TR 0
5 4 TL BL 1
0 5 BL BR 0
2 1 BL BR 1
1 4 TL TR 0
1 0 TL TR 1
4 0 TL TR 0
5 0 TL TR 1
4 5 TR BL 0
5 5 TR BL 1
0 1 TL BR 0
2 4 BL BR 1
1 0 TL TR 0
3 2 TR BL 1
3 4 TR BR 0
5 0 BL BR 1
3 3 TR BR 0
2 2 TR BR 1
1 4 TR BL 0
1 4 TL TR 1
3 0 TL TR 0
GAMEOVER WINNER 1
# Game ended: Wed Apr 03 17:27:49 EDT 2019
