# Server version 0.08 running on 192.168.0.137:8123
# Game ID: 276
# Board class: pentago_swap.PentagoBoard
# Timeout: 2000
# First Move Timeout: 30000
# Date: Thu Apr 04 19:18:23 EDT 2019
# Player 1: Player-0, '260732931', running on 192.168.0.137
# Player 2: Player-1, 'Human', running on 192.168.0.137
START Player-0 260732931
START Player-1 Human
1 1 TL TR 0
4 1 BR TR 1
1 1 TL TR 0
4 2 TR BR 1
2 3 BL BR 0
3 3 TR BL 1
5 5 TR BL 0
2 2 TR BL 1
1 1 TL TR 0
3 2 TL TR 1
1 2 TL TR 0
3 1 TR TL 1
1 3 BL BR 0
3 3 BR BL 1
1 5 TR BL 0
3 4 BR TL 1
4 3 TR BL 0
4 2 TL BR 1
GAMEOVER DRAW
# Game ended: Thu Apr 04 19:19:01 EDT 2019
