# Server version 0.08 running on 172.30.159.3:8123
# Game ID: 124
# Board class: pentago_swap.PentagoBoard
# Timeout: 2000
# First Move Timeout: 30000
# Date: Mon Apr 01 18:06:38 EDT 2019
# Player 1: Player-0, '260732931', running on 172.30.159.3
# Player 2: Player-1, 'RandomPlayer', running on 172.30.159.3
START Player-0 260732931
START Player-1 RandomPlayer
0 5 TL BL 0
0 1 TR BR 1
4 5 BL BR 0
3 1 TL TR 1
0 2 TR BL 0
2 1 BL BR 1
1 1 TR BR 0
3 3 TL BL 1
5 5 TL TR 0
5 3 BL BR 1
0 0 TL TR 0
2 4 TL TR 1
0 2 TL TR 0
1 1 BL BR 1
0 0 TL TR 0
5 0 TR BR 1
1 0 TL TR 0
2 3 TL BR 1
0 1 TL TR 0
4 0 TR BR 1
3 5 TL BR 0
2 4 TL TR 1
3 0 TL TR 0
3 1 TR BR 1
1 0 TR BR 0
4 5 BL BR 1
2 0 BL BR 0
1 4 TR BR 1
1 2 TR BR 0
4 2 TL BL 1
GAMEOVER WINNER 1
# Game ended: Mon Apr 01 18:06:41 EDT 2019
