# Server version 0.08 running on 172.30.159.3:8123
# Game ID: 122
# Board class: pentago_swap.PentagoBoard
# Timeout: 2000
# First Move Timeout: 30000
# Date: Mon Apr 01 18:05:50 EDT 2019
# Player 1: Player-0, 'RandomPlayer', running on 172.30.159.3
# Player 2: Player-1, '260732931', running on 172.30.159.3
START Player-0 RandomPlayer
START Player-1 260732931
5 2 TR BR 0
3 0 TL BL 1
0 4 TL TR 0
1 1 TR BR 1
4 0 BL BR 0
4 2 TL BR 1
1 5 TL BL 0
0 2 TL BR 1
5 2 BL BR 0
GAMEOVER TIMEOUT WINNER 0
# Game ended: Mon Apr 01 18:05:53 EDT 2019
