# Server version 0.08 running on macbook-pro-3:8123
# Game ID: 521
# Board class: pentago_swap.PentagoBoard
# Timeout: 2000
# First Move Timeout: 30000
# Date: Sun Apr 07 19:45:55 EDT 2019
# Player 1: Player-0, 'tianzhuzi', running on macbook-pro-3
# Player 2: Player-1, '260732931', running on macbook-pro-3
START Player-0 tianzhuzi
START Player-1 260732931
1 1 TL TR 0
1 1 TL TR 1
4 1 TL TR 0
4 4 TL TR 1
0 4 TL TR 0
1 0 TL TR 1
0 3 TL TR 0
0 2 TL TR 1
5 2 TL TR 0
4 3 TL TR 1
1 5 TL TR 0
3 4 TL TR 1
2 1 TL TR 0
5 4 TR BL 1
2 1 TR BL 0
2 2 TR BL 1
3 1 TR BL 0
5 1 TR BL 1
1 3 TR BL 0
1 5 TR BL 1
3 3 TR BL 0
3 1 TL TR 1
4 5 TL BL 0
0 0 TL BL 1
0 2 TL BL 0
3 0 TL BL 1
1 0 TL BL 0
5 0 TL TR 1
1 5 TL TR 0
5 5 TL TR 1
2 0 TL TR 0
0 2 TL TR 1
5 3 TL TR 0
2 0 TL TR 1
3 5 TL TR 0
5 2 TL BR 1
GAMEOVER DRAW
# Game ended: Sun Apr 07 19:46:04 EDT 2019
