# Server version 0.08 running on 142.157.27.77:8123
# Game ID: 510
# Board class: pentago_swap.PentagoBoard
# Timeout: 2000
# First Move Timeout: 30000
# Date: Sun Apr 07 16:24:59 EDT 2019
# Player 1: Player-0, '260732931', running on 142.157.27.77
# Player 2: Player-1, 'tianzhuzi', running on 142.157.27.77
START Player-0 260732931
START Player-1 tianzhuzi
0 0 TL BR 0
2 2 TL BR 1
2 3 TL BR 0
1 3 TR BR 1
5 4 TL BR 0
5 2 TL BL 1
0 4 TR BR 0
3 5 TR BR 1
1 2 TL TR 0
4 5 TL TR 1
3 5 TL BL 0
3 1 TL BL 1
1 3 TR BR 0
5 3 TR BR 1
1 1 TR BR 0
1 0 TR BR 1
3 4 BL BR 0
4 4 TR BL 1
4 5 TL BL 0
3 4 TL BL 1
2 1 BL BR 0
4 4 BL BR 1
0 3 TL BL 0
1 2 TL BL 1
5 2 TL BL 0
1 4 TL BL 1
1 3 TL TR 0
2 0 TL TR 1
GAMEOVER WINNER 1
# Game ended: Sun Apr 07 16:25:06 EDT 2019
