# Server version 0.08 running on 142.157.27.161:8123
# Game ID: 659
# Board class: pentago_swap.PentagoBoard
# Timeout: 2000
# First Move Timeout: 30000
# Date: Wed Apr 10 19:22:46 EDT 2019
# Player 1: Player-0, '260732931', running on 142.157.27.161
# Player 2: Player-1, 'RandomPlayer', running on 142.157.27.161
START Player-0 260732931
START Player-1 RandomPlayer
1 1 BL BR 0
2 4 TL BR 1
1 1 BL BR 0
3 0 TR BR 1
1 5 BL BR 0
1 4 TL BR 1
4 1 TL BR 0
0 0 TL TR 1
1 0 TL TR 0
0 3 TL TR 1
5 3 TL TR 0
3 0 BL BR 1
0 1 TR BR 0
5 3 TR BR 1
2 0 TR BR 0
0 5 TR BL 1
3 1 TR BL 0
5 4 TL BR 1
3 5 TL BR 0
5 2 TR BR 1
0 4 TR BR 0
1 3 TL BR 1
3 1 TL BR 0
2 1 TL TR 1
2 2 TL TR 0
1 0 TR BR 1
4 2 TR BR 0
1 5 TL BR 1
0 2 TL BR 0
5 5 TR BR 1
2 2 TR BR 0
3 2 TL BR 1
2 3 TL TR 0
GAMEOVER WINNER 1
# Game ended: Wed Apr 10 19:22:47 EDT 2019
