# Server version 0.08 running on 172.30.159.3:8123
# Game ID: 115
# Board class: pentago_swap.PentagoBoard
# Timeout: 2000
# First Move Timeout: 30000
# Date: Mon Apr 01 17:41:18 EDT 2019
# Player 1: Player-0, 'Human', running on 172.30.159.3
# Player 2: Player-1, '260732931', running on 172.30.159.3
START Player-0 Human
START Player-1 260732931
1 2 BL BR 0
0 0 TL TR 1
3 3 BL TL 0
0 0 TL TR 1
3 1 BL BR 0
0 1 TL TR 1
2 2 BL BR 0
0 1 TL TR 1
3 2 BR BL 0
0 2 TL TR 1
2 1 BL BR 0
0 2 TL TR 1
GAMEOVER WINNER 1
# Game ended: Mon Apr 01 17:41:34 EDT 2019
