# Server version 0.08 running on 142.157.27.77:8123
# Game ID: 421
# Board class: pentago_swap.PentagoBoard
# Timeout: 2000
# First Move Timeout: 30000
# Date: Sat Apr 06 23:49:44 EDT 2019
# Player 1: Player-0, '260732931', running on 142.157.27.77
# Player 2: Player-1, 'RandomPlayer', running on 142.157.27.77
START Player-0 260732931
START Player-1 RandomPlayer
0 1 TL TR 0
3 0 TR BL 1
0 4 TL TR 0
0 5 TL BL 1
0 4 TR BL 0
5 1 TL BR 1
0 0 TR BR 0
3 0 TL BL 1
4 3 TL BR 0
2 0 TL TR 1
4 4 TL TR 0
1 3 TL TR 1
0 2 TL TR 0
4 0 BL BR 1
4 2 BL BR 0
2 3 TL BL 1
2 2 TL BL 0
1 4 TR BR 1
5 4 TR BR 0
3 2 TL BL 1
0 1 TL BL 0
4 2 BL BR 1
5 0 BL BR 0
0 2 TL BL 1
5 5 TL BL 0
2 1 TR BR 1
1 1 TR BR 0
1 2 TL BL 1
1 1 TL BL 0
0 3 TL TR 1
5 0 TL TR 0
2 5 TL BR 1
1 0 TL BR 0
5 1 TL BL 1
1 5 TL BL 0
2 2 TR BR 1
GAMEOVER WINNER 1
# Game ended: Sat Apr 06 23:49:47 EDT 2019
