# Server version 0.08 running on macbook-pro-3:8123
# Game ID: 173
# Board class: pentago_swap.PentagoBoard
# Timeout: 2000
# First Move Timeout: 30000
# Date: Tue Apr 02 14:47:29 EDT 2019
# Player 1: Player-0, 'RandomPlayer', running on macbook-pro-3
# Player 2: Player-1, '260732931', running on macbook-pro-3
START Player-0 RandomPlayer
START Player-1 260732931
5 2 TR BR 0
3 0 TR BL 1
0 4 TL TR 0
5 2 TR BR 1
4 0 BL BR 0
5 1 TL TR 1
2 0 TL BL 0
5 3 TL BR 1
5 2 BL BR 0
3 0 TL BR 1
1 4 TL TR 0
5 4 BL BR 1
0 2 BL BR 0
1 4 TR BR 1
4 5 TR BR 0
1 2 TR BL 1
1 5 TL BR 0
0 0 TL BL 1
4 3 TR BR 0
0 0 TL TR 1
4 4 TL TR 0
0 1 TL TR 1
4 3 TR BR 0
0 4 TL TR 1
GAMEOVER WINNER 0
# Game ended: Tue Apr 02 14:47:33 EDT 2019
