# Server version 0.08 running on 172.30.146.2:8123
# Game ID: 528
# Board class: pentago_swap.PentagoBoard
# Timeout: 2000
# First Move Timeout: 30000
# Date: Tue Apr 09 22:37:50 EDT 2019
# Player 1: Player-0, 'tianzhuzi', running on 172.30.146.2
# Player 2: Player-1, '260732931', running on 172.30.146.2
START Player-0 tianzhuzi
START Player-1 260732931
1 1 TL TR 0
0 1 TL TR 1
1 0 TL TR 0
5 2 BL BR 1
1 5 TL TR 0
3 3 BL BR 1
0 1 TL BR 0
0 2 TL TR 1
0 0 TL BR 0
2 5 TL BR 1
5 3 TL BR 0
5 0 TL BL 1
5 2 TL BL 0
0 3 TL BL 1
5 1 TL BL 0
3 2 TL BL 1
4 3 TL BL 0
5 4 TL BL 1
3 0 TL BL 0
0 2 TL TR 1
GAMEOVER WINNER 0
# Game ended: Tue Apr 09 22:37:54 EDT 2019
