# Server version 0.08 running on 172.30.146.2:8123
# Game ID: 525
# Board class: pentago_swap.PentagoBoard
# Timeout: 2000
# First Move Timeout: 30000
# Date: Tue Apr 09 22:36:03 EDT 2019
# Player 1: Player-0, '260732931', running on 172.30.146.2
# Player 2: Player-1, 'tianzhuzi', running on 172.30.146.2
START Player-0 260732931
START Player-1 tianzhuzi
0 1 TL TR 0
2 0 TL TR 1
3 3 TR BL 0
1 4 TL BR 1
0 3 TL BR 0
0 2 TL TR 1
3 1 TL BR 0
3 2 TR BL 1
4 2 TL TR 0
5 1 TL TR 1
4 5 TL TR 0
1 0 TL TR 1
1 5 TR BL 0
5 1 TR BL 1
1 1 TL TR 0
1 1 TL TR 1
4 0 TR BR 0
0 4 TR BR 1
1 2 TL TR 0
4 1 TL TR 1
GAMEOVER WINNER 1
# Game ended: Tue Apr 09 22:36:08 EDT 2019
