# Server version 0.08 running on 142.157.27.77:8123
# Game ID: 415
# Board class: pentago_swap.PentagoBoard
# Timeout: 2000
# First Move Timeout: 30000
# Date: Sat Apr 06 23:37:13 EDT 2019
# Player 1: Player-0, '260732931', running on 142.157.27.77
# Player 2: Player-1, 'RandomPlayer', running on 142.157.27.77
START Player-0 260732931
START Player-1 RandomPlayer
1 1 TL TR 0
1 1 BL BR 1
4 1 TL TR 0
2 4 TR BR 1
3 0 BL BR 0
0 2 TR BR 1
1 3 TR BR 0
1 3 TR BL 1
1 5 TR BL 0
5 3 TL BL 1
3 4 TL BL 0
2 0 BL BR 1
5 3 BL BR 0
2 2 BL BR 1
1 2 BL BR 0
3 0 TR BL 1
2 1 TR BL 0
1 0 TR BL 1
0 0 TR BL 0
0 5 BL BR 1
5 2 BL BR 0
0 1 TL BL 1
1 0 TL BL 0
1 4 TR BR 1
1 5 TR BR 0
2 5 TL BR 1
GAMEOVER WINNER 0
# Game ended: Sat Apr 06 23:37:16 EDT 2019
