# Server version 0.08 running on macbook-pro-3:8123
# Game ID: 322
# Board class: pentago_swap.PentagoBoard
# Timeout: 2000
# First Move Timeout: 30000
# Date: Fri Apr 05 01:30:31 EDT 2019
# Starting at move 11
# Player 1: Player-0, '260732931', running on macbook-pro-3
# Player 2: Player-1, 'Human', running on macbook-pro-3
START Player-0 260732931
START Player-1 Human
1 1 TL TR 0
4 1 TL BR 1
1 1 TL TR 0
4 4 TL TR 1
3 1 TL TR 0
4 2 TR TL 1
4 3 TR BL 0
1 3 TL BL 1
3 1 TL TR 0
4 5 BR TR 1
GAMEOVER TIMEOUT WINNER 1
# Game ended: Fri Apr 05 01:30:34 EDT 2019
