# Server version 0.08 running on 172.30.159.3:8123
# Game ID: 134
# Board class: pentago_swap.PentagoBoard
# Timeout: 2000
# First Move Timeout: 30000
# Date: Mon Apr 01 18:57:18 EDT 2019
# Player 1: Player-0, 'Human', running on 172.30.159.3
# Player 2: Player-1, '260732931', running on 172.30.159.3
START Player-0 Human
START Player-1 260732931
0 1 TR TL 0
1 5 TL BR 1
4 1 BR BL 0
2 4 TL BL 1
3 1 BR BL 0
1 2 TR BL 1
4 3 TR TL 0
5 3 BL BR 1
2 4 TR TL 0
1 5 TL TR 1
2 1 BR TR 0
3 3 TR BL 1
0 1 BR BL 0
GAMEOVER TIMEOUT WINNER 0
# Game ended: Mon Apr 01 18:58:09 EDT 2019
