# Server version 0.08 running on 142.157.26.244:8123
# Game ID: 190
# Board class: pentago_swap.PentagoBoard
# Timeout: 2000
# First Move Timeout: 30000
# Date: Wed Apr 03 16:14:22 EDT 2019
# Player 1: Player-0, 'RandomPlayer', running on 142.157.26.244
# Player 2: Player-1, '260732931', running on 142.157.26.244
START Player-0 RandomPlayer
START Player-1 260732931
5 2 TR BR 0
0 1 TL BL 1
0 3 TL TR 0
2 1 TL TR 1
4 1 BL BR 0
1 4 TL TR 1
2 0 TL BL 0
0 1 TL BL 1
5 3 BL BR 0
4 4 TR BL 1
2 2 TL TR 0
0 4 TL TR 1
0 2 BL BR 0
GAMEOVER WINNER 1
# Game ended: Wed Apr 03 16:14:30 EDT 2019
