# Server version 0.08 running on 142.157.27.161:8123
# Game ID: 631
# Board class: pentago_swap.PentagoBoard
# Timeout: 2000
# First Move Timeout: 30000
# Date: Wed Apr 10 17:49:17 EDT 2019
# Player 1: Player-0, '260732931', running on 142.157.27.161
# Player 2: Player-1, 'bessie', running on 142.157.27.161
START Player-0 260732931
START Player-1 bessie
1 1 BL BR 0
4 4 TL TR 1
1 1 BL BR 0
4 4 TL TR 1
5 0 TL BR 0
4 0 TR BR 1
2 4 TL BL 0
4 2 TL BR 1
5 4 TL TR 0
4 0 TL TR 1
GAMEOVER WINNER 1
# Game ended: Wed Apr 10 17:49:25 EDT 2019
