# Server version 0.08 running on 172.30.159.3:8123
# Game ID: 136
# Board class: pentago_swap.PentagoBoard
# Timeout: 2000
# First Move Timeout: 30000
# Date: Mon Apr 01 19:23:33 EDT 2019
# Player 1: Player-0, 'RandomPlayer', running on 172.30.159.3
# Player 2: Player-1, '260732931', running on 172.30.159.3
START Player-0 RandomPlayer
START Player-1 260732931
5 2 TR BR 0
0 0 TL TR 1
0 4 TL TR 0
0 2 TL TR 1
4 0 BL BR 0
0 0 TL TR 1
2 2 TL BL 0
0 0 TL TR 1
5 1 BL BR 0
0 1 TL TR 1
1 5 TL TR 0
0 2 TL TR 1
0 1 BL BR 0
0 2 TL TR 1
4 5 TR BR 0
0 3 TL TR 1
2 0 TL BR 0
1 0 TL TR 1
4 4 TR BR 0
5 3 TR BR 1
4 2 TL TR 0
1 1 TL TR 1
4 1 TR BR 0
0 4 TL BL 1
GAMEOVER WINNER 0
# Game ended: Mon Apr 01 19:23:38 EDT 2019
