# Server version 0.08 running on 142.157.27.77:8123
# Game ID: 494
# Board class: pentago_swap.PentagoBoard
# Timeout: 2000
# First Move Timeout: 30000
# Date: Sun Apr 07 16:13:49 EDT 2019
# Player 1: Player-0, 'Human', running on 142.157.27.77
# Player 2: Player-1, '260732931', running on 142.157.27.77
START Player-0 Human
START Player-1 260732931
2 3 BR BL 0
0 5 TR BL 1
4 0 BR TR 0
0 0 TL BR 1
3 0 BR TR 0
0 4 TR BR 1
2 0 BR TR 0
0 2 TL BL 1
4 0 BL TL 0
GAMEOVER WINNER 0
# Game ended: Sun Apr 07 16:14:02 EDT 2019
