# Server version 0.08 running on 142.157.26.226:8123
# Game ID: 1
# Board class: pentago_swap.PentagoBoard
# Timeout: 2000
# First Move Timeout: 30000
# Date: Wed Mar 27 17:18:47 EDT 2019
# Player 1: Player-0, 'RandomPlayer', running on 142.157.26.226
# Player 2: Player-1, 'Human', running on 142.157.26.226
START Player-0 RandomPlayer
START Player-1 Human
5 2 TR BR 0
4 1 BL TR 1
0 3 TL TR 0
1 2 TR BR 1
4 1 BL BR 0
4 0 BL TR 1
2 3 TL BL 0
4 0 BL TL 1
5 3 BL BR 0
1 4 BL BR 1
GAMEOVER WINNER 1
# Game ended: Wed Mar 27 17:19:33 EDT 2019
