# Server version 0.08 running on 142.157.27.77:8123
# Game ID: 505
# Board class: pentago_swap.PentagoBoard
# Timeout: 2000
# First Move Timeout: 30000
# Date: Sun Apr 07 16:20:25 EDT 2019
# Player 1: Player-0, 'Marine', running on 142.157.27.77
# Player 2: Player-1, '260732931', running on 142.157.27.77
START Player-0 Marine
START Player-1 260732931
1 1 TL TR 0
1 1 TL TR 1
4 1 TL TR 0
4 4 TL TR 1
0 0 BL BR 0
5 5 TR BL 1
2 2 TR BL 0
3 3 TL TR 1
0 2 TR BR 0
3 1 TR BR 1
0 5 TL TR 0
1 5 TL TR 1
0 1 TL BR 0
0 4 TL BR 1
0 0 TL TR 0
2 4 TL TR 1
5 1 TL BR 0
1 0 TL BR 1
1 5 TL BR 0
3 2 TL BR 1
3 0 BL BR 0
4 3 BL BR 1
2 2 TL TR 0
2 0 TL TR 1
1 0 TL TR 0
4 2 TL TR 1
1 3 TL TR 0
4 5 TL TR 1
3 5 TL TR 0
5 2 TL BR 1
GAMEOVER WINNER 1
# Game ended: Sun Apr 07 16:20:33 EDT 2019
