# Server version 0.08 running on 142.157.27.77:8123
# Game ID: 490
# Board class: pentago_swap.PentagoBoard
# Timeout: 2000
# First Move Timeout: 30000
# Date: Sun Apr 07 15:40:06 EDT 2019
# Player 1: Player-0, 'Human', running on 142.157.27.77
# Player 2: Player-1, 'Marine', running on 142.157.27.77
START Player-0 Human
START Player-1 Marine
1 1 BL BR 0
1 4 TL TR 1
2 4 BL TL 0
1 1 TL TR 1
4 4 TR BL 0
0 4 TL TR 1
3 4 TL BL 0
2 1 TL TR 1
0 1 TL TR 0
GAMEOVER WINNER 0
# Game ended: Sun Apr 07 15:40:19 EDT 2019
