# Server version 0.08 running on macbook-pro-3:8123
# Game ID: 139
# Board class: pentago_swap.PentagoBoard
# Timeout: 2000
# First Move Timeout: 30000
# Date: Tue Apr 02 03:54:45 EDT 2019
# Player 1: Player-0, 'RandomPlayer', running on macbook-pro-3
# Player 2: Player-1, '260732931', running on macbook-pro-3
START Player-0 RandomPlayer
START Player-1 260732931
5 2 TR BR 0
0 0 TL TR 1
0 4 TL TR 0
1 0 TL TR 1
4 0 BL BR 0
0 0 TL TR 1
2 2 TL BL 0
0 4 TL BR 1
5 3 BL BR 0
1 4 BL BR 1
2 0 TL TR 0
0 5 TL TR 1
0 0 BL BR 0
0 1 BL BR 1
5 0 TR BR 0
3 5 TR BR 1
GAMEOVER WINNER 1
# Game ended: Tue Apr 02 03:54:47 EDT 2019
