# Server version 0.08 running on 172.30.148.218:8123
# Game ID: 273
# Board class: pentago_swap.PentagoBoard
# Timeout: 2000
# First Move Timeout: 30000
# Date: Thu Apr 04 17:15:24 EDT 2019
# Player 1: Player-0, 'Human', running on 172.30.148.218
# Player 2: Player-1, '260732931', running on 172.30.148.218
START Player-0 Human
START Player-1 260732931
1 2 BL BR 0
2 3 TL BR 1
3 3 BL TL 0
2 4 TR BR 1
0 2 BL BR 0
0 1 TR BR 1
2 3 BL TL 0
4 1 TL BL 1
1 3 BL TL 0
0 3 TL TR 1
3 4 TL TR 0
3 5 TL TR 1
2 2 TR TL 0
1 4 TR BL 1
2 3 TL BL 0
2 1 TL TR 1
4 3 TL BL 0
5 3 TL BR 1
3 4 BL TL 0
4 3 TR BR 1
0 3 TL BL 0
5 1 TL BL 1
1 0 TR BR 0
0 0 TR BR 1
2 2 TR BR 0
0 4 TR BR 1
1 4 BL BR 0
GAMEOVER WINNER 1
# Game ended: Thu Apr 04 17:16:21 EDT 2019
