# Server version 0.08 running on 142.157.27.77:8123
# Game ID: 378
# Board class: pentago_swap.PentagoBoard
# Timeout: 2000
# First Move Timeout: 30000
# Date: Sat Apr 06 14:16:28 EDT 2019
# Player 1: Player-0, 'Human', running on 142.157.27.77
# Player 2: Player-1, '260732931', running on 142.157.27.77
START Player-0 Human
START Player-1 260732931
1 1 BL BR 0
1 4 TL TR 1
2 4 TL BL 0
0 4 TL TR 1
4 4 TL BL 0
1 2 TR BR 1
2 4 TR TL 0
0 1 TL TR 1
4 2 TR TL 0
4 0 BL BR 1
1 0 BL TR 0
1 2 TR BL 1
2 2 TR BL 0
0 0 TL BR 1
2 2 BR TL 0
2 3 TL BL 1
GAMEOVER USER CANCEL UNDECIDED
# Game ended: Sat Apr 06 14:17:09 EDT 2019
