# Server version 0.08 running on macbook-pro-3:8123
# Game ID: 159
# Board class: pentago_swap.PentagoBoard
# Timeout: 2000
# First Move Timeout: 30000
# Date: Tue Apr 02 07:37:27 EDT 2019
# Player 1: Player-0, '260732931', running on macbook-pro-3
# Player 2: Player-1, 'RandomPlayer', running on macbook-pro-3
START Player-0 260732931
START Player-1 RandomPlayer
0 0 TL TR 0
0 1 TR BR 1
0 4 TR BL 0
3 2 TL TR 1
1 0 TL TR 0
1 5 BL BR 1
4 4 BL BR 0
3 5 TL BL 1
2 1 TL BL 0
5 4 BL BR 1
1 0 TL BL 0
3 2 TL TR 1
1 1 TL TR 0
1 0 BL BR 1
2 4 BL BR 0
GAMEOVER WINNER 0
# Game ended: Tue Apr 02 07:37:30 EDT 2019
