# Server version 0.08 running on 142.157.27.77:8123
# Game ID: 327
# Board class: pentago_swap.PentagoBoard
# Timeout: 2000
# First Move Timeout: 30000
# Date: Fri Apr 05 15:45:27 EDT 2019
# Player 1: Player-0, 'Human', running on 142.157.27.77
# Player 2: Player-1, '260732931', running on 142.157.27.77
START Player-0 Human
START Player-1 260732931
1 1 BL BR 0
1 4 TL TR 1
2 1 BL BR 0
4 1 TL BL 1
2 4 TL BL 0
0 4 TL TR 1
2 2 BR BL 0
2 3 TL BR 1
4 3 TL TR 0
3 2 TL TR 1
1 3 TR TL 0
4 1 TL TR 1
5 0 BL BR 0
5 5 BL BR 1
