# Server version 0.08 running on 142.157.26.244:8123
# Game ID: 260
# Board class: pentago_swap.PentagoBoard
# Timeout: 2000
# First Move Timeout: 30000
# Date: Thu Apr 04 00:11:07 EDT 2019
# Player 1: Player-0, 'Human', running on 142.157.26.244
# Player 2: Player-1, '260732931', running on 142.157.26.244
START Player-0 Human
START Player-1 260732931
1 1 BL BR 0
1 4 TL TR 1
2 3 BR BL 0
3 2 TL TR 1
1 2 BL BR 0
1 0 BL BR 1
2 3 BR BL 0
0 1 TR BL 1
1 3 BR BL 0
1 4 TL TR 1
2 2 BL BR 0
2 1 TL TR 1
2 2 BL BR 0
0 4 TL BR 1
1 5 TL BL 0
3 5 TL TR 1
3 2 TR BR 0
3 1 TR BR 1
GAMEOVER WINNER 1
# Game ended: Thu Apr 04 00:11:39 EDT 2019
