# Server version 0.08 running on 142.157.27.77:8123
# Game ID: 331
# Board class: pentago_swap.PentagoBoard
# Timeout: 2000
# First Move Timeout: 30000
# Date: Fri Apr 05 15:52:38 EDT 2019
# Player 1: Player-0, 'Human', running on 142.157.27.77
# Player 2: Player-1, '260732931', running on 142.157.27.77
START Player-0 Human
START Player-1 260732931
1 1 BL BR 0
1 4 TL TR 1
4 4 BL TL 0
1 1 TL TR 1
3 3 TR BL 0
2 2 TL BR 1
2 2 TR BL 0
3 3 TL TR 1
2 2 BL TR 0
0 0 TL BR 1
3 1 BR TR 0
2 1 TR BR 1
4 2 BL BR 0
3 2 TR BR 1
2 4 BL TL 0
3 1 TL BL 1
3 4 BR BL 0
3 4 TL TR 1
3 2 TL BL 0
0 0 TL TR 1
3 2 BL TL 0
1 0 TL TR 1
GAMEOVER WINNER 0
# Game ended: Fri Apr 05 15:53:20 EDT 2019
