# Server version 0.08 running on 142.157.27.77:8123
# Game ID: 451
# Board class: pentago_swap.PentagoBoard
# Timeout: 2000
# First Move Timeout: 30000
# Date: Sun Apr 07 01:35:56 EDT 2019
# Player 1: Player-0, 'tianzhuzi', running on 142.157.27.77
# Player 2: Player-1, '260732931', running on 142.157.27.77
START Player-0 tianzhuzi
START Player-1 260732931
1 1 TL TR 0
0 0 TL BR 1
1 3 TL BR 0
0 1 TL TR 1
0 5 TL TR 0
1 1 TL BR 1
2 2 TR BR 0
2 1 TR BL 1
1 1 TR BL 0
3 3 TL BR 1
4 2 TL TR 0
4 5 TR BL 1
0 4 TR BL 0
2 2 TR BL 1
0 3 TR BL 0
3 2 TR BL 1
4 2 TR BL 0
4 3 TR BL 1
3 3 TR BL 0
4 1 TR BR 1
0 4 TR BR 0
2 1 TR BR 1
5 2 BL BR 0
1 2 BL BR 1
2 3 BL BR 0
3 2 BL BR 1
1 0 TR BR 0
0 4 TR BR 1
5 5 TR BR 0
2 4 TR BR 1
5 1 TR BR 0
4 0 TR BR 1
5 0 TR BR 0
3 5 TL BR 1
2 3 BL BR 0
5 0 BL BR 1
GAMEOVER DRAW
# Game ended: Sun Apr 07 01:36:02 EDT 2019
