# Server version 0.08 running on macbook-pro-3:8123
# Game ID: 184
# Board class: pentago_swap.PentagoBoard
# Timeout: 2000
# First Move Timeout: 30000
# Date: Tue Apr 02 21:15:10 EDT 2019
# Player 1: Player-0, '260732931', running on macbook-pro-3
# Player 2: Player-1, 'RandomPlayer', running on macbook-pro-3
START Player-0 260732931
START Player-1 RandomPlayer
1 0 TR BR 0
0 1 TR BR 1
4 5 TL BR 0
3 1 TL TR 1
5 3 TL BR 0
2 1 BL BR 1
0 3 TL BR 0
3 2 TL BL 1
0 4 TR BR 0
5 4 BL BR 1
4 0 TL BL 0
4 1 TL TR 1
5 0 TR BR 0
1 1 BL BR 1
2 3 TL BL 0
5 2 TR BR 1
4 4 TR BR 0
1 5 TL BR 1
2 2 TL TR 0
3 2 TR BR 1
3 4 TL TR 0
2 4 TL TR 1
2 2 TL TR 0
3 0 TR BR 1
3 5 TR BL 0
4 2 BL BR 1
1 5 TL TR 0
2 3 TR BR 1
3 0 TL BR 0
1 3 TL BL 1
4 1 TR BL 0
0 5 TL TR 1
3 0 TL TR 0
2 5 TL BR 1
GAMEOVER WINNER 1
# Game ended: Tue Apr 02 21:15:21 EDT 2019
