# Server version 0.08 running on 142.157.26.244:8123
# Game ID: 206
# Board class: pentago_swap.PentagoBoard
# Timeout: 2000
# First Move Timeout: 30000
# Date: Wed Apr 03 17:06:36 EDT 2019
# Player 1: Player-0, 'RandomPlayer', running on 142.157.26.244
# Player 2: Player-1, '260732931', running on 142.157.26.244
START Player-0 RandomPlayer
START Player-1 260732931
0 4 TR BL 0
0 0 TL BL 1
2 3 TL TR 0
0 2 TL BL 1
4 1 TR BR 0
0 1 TL TR 1
4 0 TL BR 0
3 1 TL TR 1
1 3 TL BL 0
3 2 TL BL 1
2 4 TL BR 0
GAMEOVER WINNER 1
# Game ended: Wed Apr 03 17:06:43 EDT 2019
