# Server version 0.08 running on 142.157.27.77:8123
# Game ID: 394
# Board class: pentago_swap.PentagoBoard
# Timeout: 2000
# First Move Timeout: 30000
# Date: Sat Apr 06 15:07:14 EDT 2019
# Player 1: Player-0, '260732931', running on 142.157.27.77
# Player 2: Player-1, 'RandomPlayer', running on 142.157.27.77
START Player-0 260732931
START Player-1 RandomPlayer
1 1 TL TR 0
1 1 TL TR 1
4 1 TL TR 0
4 4 TL TR 1
0 4 TL TR 0
1 0 TL BR 1
3 3 TL BR 0
0 2 TL BL 1
1 2 TL BL 0
3 2 TR BL 1
4 5 BL BR 0
1 2 BL BR 1
4 0 BL BR 0
1 3 BL BR 1
2 2 TL BR 0
0 4 TL BR 1
0 3 TL BR 0
1 0 TL BR 1
3 1 TL BR 0
4 2 TL BR 1
2 4 TL BR 0
5 1 TL BR 1
2 1 TL BR 0
2 3 TL BR 1
3 3 TL BR 0
3 0 BL BR 1
5 0 BL BR 0
2 2 BL BR 1
2 1 BL BR 0
5 0 BL BR 1
5 5 BL BR 0
3 2 BL BR 1
2 0 TL TR 0
2 2 TL TR 1
0 1 TL TR 0
0 5 TL TR 1
GAMEOVER DRAW
# Game ended: Sat Apr 06 15:07:22 EDT 2019
