# Server version 0.08 running on 142.157.27.77:8123
# Game ID: 330
# Board class: pentago_swap.PentagoBoard
# Timeout: 2000
# First Move Timeout: 30000
# Date: Fri Apr 05 15:48:22 EDT 2019
# Player 1: Player-0, 'Human', running on 142.157.27.77
# Player 2: Player-1, '260732931', running on 142.157.27.77
START Player-0 Human
START Player-1 260732931
2 3 BL BR 0
2 2 TL TR 1
1 1 BL BR 0
3 5 BL BR 1
0 2 BL BR 0
2 3 BL BR 1
1 3 TL TR 0
4 2 TL TR 1
0 3 TR TL 0
5 3 TR BR 1
1 4 TR TL 0
1 4 TL TR 1
5 4 TR BR 0
5 2 TR BR 1
2 4 TR BR 0
1 2 TL TR 1
