# Server version 0.08 running on 142.157.26.244:8123
# Game ID: 231
# Board class: pentago_swap.PentagoBoard
# Timeout: 2000
# First Move Timeout: 30000
# Date: Wed Apr 03 22:15:23 EDT 2019
# Player 1: Player-0, 'Human', running on 142.157.26.244
# Player 2: Player-1, '260732931', running on 142.157.26.244
START Player-0 Human
START Player-1 260732931
2 2 TR BR 0
1 1 TL TR 1
2 4 BR BL 0
2 3 TL TR 1
2 3 BR BL 0
2 4 TL TR 1
3 3 TL BL 0
0 2 TR BR 1
2 3 TL BL 0
1 3 TL TR 1
2 1 BL BR 0
2 2 BL BR 1
1 2 BL BR 0
1 4 BL BR 1
3 4 BL TL 0
0 4 TL BL 1
0 1 BL BR 0
1 1 BL BR 1
4 5 BL BR 0
3 2 BL BR 1
GAMEOVER WINNER 0
# Game ended: Wed Apr 03 22:16:39 EDT 2019
