# Server version 0.08 running on 142.157.26.244:8123
# Game ID: 219
# Board class: pentago_swap.PentagoBoard
# Timeout: 2000
# First Move Timeout: 30000
# Date: Wed Apr 03 17:49:22 EDT 2019
# Player 1: Player-0, '260732931', running on 142.157.26.244
# Player 2: Player-1, 'RandomPlayer', running on 142.157.26.244
START Player-0 260732931
START Player-1 RandomPlayer
1 1 TL TR 0
1 0 BL BR 1
0 4 TR BL 0
1 1 TL BL 1
1 4 TL BL 0
2 4 TR BL 1
1 5 TR BL 0
2 1 TR BL 1
0 1 TR BL 0
5 1 TR BL 1
2 0 TR BL 0
0 4 TR BL 1
1 3 TR BL 0
5 3 TR BR 1
1 2 TR BL 0
5 1 TR BL 1
2 5 TL TR 0
1 1 TL TR 1
4 3 TL BL 0
0 3 TL BL 1
GAMEOVER WINNER 0
# Game ended: Wed Apr 03 17:49:27 EDT 2019
