# Server version 0.08 running on 142.157.26.107:8123
# Game ID: 78
# Board class: pentago_swap.PentagoBoard
# Timeout: 2000
# First Move Timeout: 30000
# Date: Sun Mar 31 21:17:06 EDT 2019
# Player 1: Player-0, '260732931', running on 142.157.26.107
# Player 2: Player-1, 'RandomPlayer', running on 142.157.26.107
START Player-0 260732931
START Player-1 RandomPlayer
0 0 TL BL 0
0 1 TR BR 1
0 0 TL BL 0
3 3 TL TR 1
0 0 TL BL 0
2 0 BL BR 1
0 2 TL BL 0
3 5 TL BL 1
GAMEOVER TIMEOUT WINNER 1
# Game ended: Sun Mar 31 21:17:09 EDT 2019
