# Server version 0.08 running on 142.157.27.161:8123
# Game ID: 563
# Board class: pentago_swap.PentagoBoard
# Timeout: 2000
# First Move Timeout: 30000
# Date: Wed Apr 10 14:43:08 EDT 2019
# Player 1: Player-0, '260732931', running on 142.157.27.161
# Player 2: Player-1, 'bessie', running on 142.157.27.161
START Player-0 260732931
START Player-1 bessie
1 1 TL TR 0
4 4 TL TR 1
1 4 TL TR 0
4 1 TL TR 1
3 1 TL TR 0
3 2 TL BL 1
2 0 TR BR 0
1 0 BL BR 1
1 2 BL BR 0
0 3 TR BR 1
5 5 TR BR 0
0 4 TR BR 1
1 3 TL BR 0
1 0 TR BL 1
1 2 TR BL 0
4 2 TL TR 1
0 5 TL TR 0
2 0 TR BL 1
4 2 TL BR 0
2 2 TR BL 1
0 5 TR BR 0
GAMEOVER WINNER 0
# Game ended: Wed Apr 10 14:43:29 EDT 2019
