# Server version 0.08 running on 142.157.27.161:8123
# Game ID: 643
# Board class: pentago_swap.PentagoBoard
# Timeout: 2000
# First Move Timeout: 30000
# Date: Wed Apr 10 19:19:47 EDT 2019
# Player 1: Player-0, 'RandomPlayer', running on 142.157.27.161
# Player 2: Player-1, 'RandomPlayer', running on 142.157.27.161
START Player-0 RandomPlayer
START Player-1 RandomPlayer
2 5 TL TR 0
3 2 TL TR 1
1 3 TL BR 0
5 5 TL BR 1
1 0 TL TR 0
5 2 TL BL 1
5 4 TL TR 0
0 0 TR BR 1
1 2 TR BR 0
1 3 TR BR 1
4 5 TR BL 0
3 0 TL BR 1
1 1 TL TR 0
0 1 TL TR 1
3 4 TR BL 0
2 1 TR BL 1
3 1 BL BR 0
0 0 BL BR 1
0 3 TL TR 0
5 2 TR BR 1
1 2 BL BR 0
5 3 TR BL 1
0 2 TL BR 0
5 3 TL BL 1
4 0 BL BR 0
1 1 TL BR 1
0 2 TL BR 0
2 3 BL BR 1
0 2 TR BL 0
5 4 TR BL 1
4 1 TL TR 0
0 1 TR BL 1
5 1 TL BL 0
GAMEOVER WINNER 1
# Game ended: Wed Apr 10 19:19:47 EDT 2019
