# Server version 0.08 running on 142.157.27.77:8123
# Game ID: 397
# Board class: pentago_swap.PentagoBoard
# Timeout: 2000
# First Move Timeout: 30000
# Date: Sat Apr 06 15:16:45 EDT 2019
# Player 1: Player-0, 'RandomPlayer', running on 142.157.27.77
# Player 2: Player-1, 'Human', running on 142.157.27.77
START Player-0 RandomPlayer
START Player-1 Human
1 1 TL TR 0
3 3 BL TL 1
1 3 TL BR 0
1 0 BR TR 1
5 3 TR BR 0
2 0 BL BR 1
3 3 TL BL 0
2 0 TR BR 1
1 0 TR BR 0
4 1 BR TR 1
1 2 TR BL 0
1 5 BL BR 1
3 0 BL BR 0
2 5 BL BR 1
0 5 TR BL 0
4 3 TR TL 1
4 4 TL BL 0
3 4 BR BL 1
4 2 TL TR 0
2 2 BR TL 1
1 2 TL BL 0
0 4 BR TL 1
2 4 TL TR 0
5 3 BR TR 1
4 4 TR BL 0
GAMEOVER WINNER 0
# Game ended: Sat Apr 06 15:17:54 EDT 2019
