# Server version 0.08 running on macbook-pro-3:8123
# Game ID: 347
# Board class: pentago_swap.PentagoBoard
# Timeout: 300000
# First Move Timeout: 300000
# Date: Sat Apr 06 00:54:21 EDT 2019
# Player 1: Player-0, 'RandomPlayer', running on macbook-pro-3
# Player 2: Player-1, '260732931', running on macbook-pro-3
START Player-0 RandomPlayer
START Player-1 260732931
1 1 TL TR 0
0 4 TL TR 1
1 3 BL BR 0
0 0 TL TR 1
0 5 TL TR 0
3 2 TL BR 1
3 1 TL BR 0
4 2 TL BR 1
2 2 TL BL 0
2 2 TR BR 1
3 2 TL BR 0
1 2 TL BL 1
3 1 TL BL 0
2 2 BL BR 1
GAMEOVER WINNER 1
# Game ended: Sat Apr 06 01:11:49 EDT 2019
