# Server version 0.08 running on 142.157.27.77:8123
# Game ID: 497
# Board class: pentago_swap.PentagoBoard
# Timeout: 2000
# First Move Timeout: 30000
# Date: Sun Apr 07 16:15:04 EDT 2019
# Player 1: Player-0, 'Marine', running on 142.157.27.77
# Player 2: Player-1, '260732931', running on 142.157.27.77
START Player-0 Marine
START Player-1 260732931
1 1 TL TR 0
0 0 TL BR 1
1 1 TL TR 0
0 2 TL BL 1
1 1 TL TR 0
3 1 TL TR 1
0 0 TL BR 0
2 2 TL BR 1
3 0 TR BR 0
2 0 TL TR 1
4 2 TL TR 0
4 0 TL TR 1
3 3 TL BL 0
2 2 BL BR 1
2 4 TL TR 0
3 1 TL TR 1
4 2 BL BR 0
4 3 BL BR 1
0 4 BL BR 0
2 1 BL BR 1
2 0 BL BR 0
3 1 BL BR 1
2 5 TL BL 0
3 5 TL TR 1
GAMEOVER WINNER 1
# Game ended: Sun Apr 07 16:15:09 EDT 2019
