# Server version 0.08 running on 142.157.27.161:8123
# Game ID: 649
# Board class: pentago_swap.PentagoBoard
# Timeout: 2000
# First Move Timeout: 30000
# Date: Wed Apr 10 19:21:09 EDT 2019
# Player 1: Player-0, 'RandomPlayer', running on 142.157.27.161
# Player 2: Player-1, '260732931', running on 142.157.27.161
START Player-0 RandomPlayer
START Player-1 260732931
3 4 TR BR 0
1 1 BL BR 1
4 5 BL BR 0
4 1 BL BR 1
4 3 TR BL 0
2 1 TR BL 1
3 5 TL BR 0
2 2 TL BR 1
3 2 BL BR 0
3 1 TL TR 1
5 4 TR BL 0
3 2 TL TR 1
4 5 TL BR 0
4 2 TL BR 1
2 1 TR BR 0
3 1 TR BR 1
4 3 TR BL 0
3 2 TR BL 1
5 5 BL BR 0
5 0 BL BR 1
0 0 TR BL 0
4 0 TR BL 1
0 3 TR BR 0
5 2 TR BR 1
1 5 TL TR 0
5 0 TL TR 1
2 4 TL BL 0
GAMEOVER WINNER 1
# Game ended: Wed Apr 10 19:21:12 EDT 2019
