# Server version 0.08 running on 142.157.26.244:8123
# Game ID: 252
# Board class: pentago_swap.PentagoBoard
# Timeout: 2000
# First Move Timeout: 30000
# Date: Thu Apr 04 00:04:02 EDT 2019
# Player 1: Player-0, '260732931', running on 142.157.26.244
# Player 2: Player-1, 'RandomPlayer', running on 142.157.26.244
START Player-0 260732931
START Player-1 RandomPlayer
1 1 TL TR 0
0 4 TL TR 1
1 3 BL BR 0
1 2 TR BL 1
0 2 TL TR 0
0 0 TL BR 1
2 2 BL BR 0
0 3 TL BL 1
2 4 TL BL 0
4 0 TL BL 1
2 0 TL BL 0
2 3 TL BR 1
1 3 TL TR 0
4 5 TL BR 1
2 1 TL TR 0
3 1 TR BR 1
3 2 TL TR 0
4 1 TR BR 1
5 1 TR BR 0
2 2 TR BR 1
3 4 TL TR 0
2 0 TL TR 1
1 3 TL TR 0
5 2 TL TR 1
0 5 TL TR 0
0 1 TL TR 1
4 2 TL TR 0
3 5 TL BL 1
5 4 TL BL 0
GAMEOVER WINNER 0
# Game ended: Thu Apr 04 00:04:10 EDT 2019
