# Server version 0.08 running on 142.157.26.244:8123
# Game ID: 212
# Board class: pentago_swap.PentagoBoard
# Timeout: 2000
# First Move Timeout: 30000
# Date: Wed Apr 03 17:22:46 EDT 2019
# Player 1: Player-0, 'RandomPlayer', running on 142.157.26.244
# Player 2: Player-1, '260732931', running on 142.157.26.244
START Player-0 RandomPlayer
START Player-1 260732931
1 5 TL BR 0
0 0 TL BR 1
4 1 TR BR 0
0 1 TL BL 1
3 5 TL BL 0
5 5 TL BL 1
4 4 TR BL 0
4 3 TR BL 1
2 2 TL TR 0
1 5 TL TR 1
1 5 BL BR 0
1 0 TR BL 1
5 5 BL BR 0
4 2 TL TR 1
3 2 TR BR 0
4 1 TR BR 1
0 0 TL BR 0
3 4 TL BR 1
2 4 TR BR 0
5 3 TR BR 1
5 4 TL BL 0
5 5 BL BR 1
5 4 TR BL 0
2 3 TL BL 1
1 4 BL BR 0
4 3 TL BR 1
2 0 TR BR 0
0 3 TR BR 1
3 5 TR BL 0
3 4 TR BL 1
GAMEOVER WINNER 1
# Game ended: Wed Apr 03 17:22:51 EDT 2019
