# Server version 0.08 running on 142.157.26.226:8123
# Game ID: 7
# Board class: pentago_swap.PentagoBoard
# Timeout: 2000
# First Move Timeout: 30000
# Date: Wed Mar 27 18:00:02 EDT 2019
# Player 1: Player-0, 'Human', running on 142.157.26.226
# Player 2: Player-1, 'RandomPlayer', running on 142.157.26.226
START Player-0 Human
START Player-1 RandomPlayer
4 1 BL BR 0
0 1 TR BR 1
1 3 BL TL 0
3 3 TL TR 1
1 2 TR TL 0
2 0 BL BR 1
1 2 BL BR 0
4 0 TL BL 1
4 1 BL TL 0
GAMEOVER WINNER 0
# Game ended: Wed Mar 27 18:01:25 EDT 2019
