# Server version 0.08 running on 192.168.0.137:8123
# Game ID: 277
# Board class: pentago_swap.PentagoBoard
# Timeout: 2000
# First Move Timeout: 30000
# Date: Thu Apr 04 19:20:20 EDT 2019
# Player 1: Player-0, 'Human', running on 192.168.0.137
# Player 2: Player-1, 'RandomPlayer', running on 192.168.0.137
START Player-0 Human
START Player-1 RandomPlayer
3 2 TR BR 0
2 3 TL BL 1
1 2 BR BL 0
2 4 TL BR 1
2 5 BL TL 0
1 5 TL BL 1
3 3 BL TL 0
1 4 TL BL 1
3 4 BL TL 0
0 5 TL BL 1
3 2 TL TR 0
0 4 TL TR 1
3 1 TL TR 0
GAMEOVER WINNER 0
# Game ended: Thu Apr 04 19:20:42 EDT 2019
