# Server version 0.08 running on 142.157.27.77:8123
# Game ID: 381
# Board class: pentago_swap.PentagoBoard
# Timeout: 2000
# First Move Timeout: 30000
# Date: Sat Apr 06 14:18:53 EDT 2019
# Player 1: Player-0, 'RandomPlayer', running on 142.157.27.77
# Player 2: Player-1, '260732931', running on 142.157.27.77
START Player-0 RandomPlayer
START Player-1 260732931
1 1 TL TR 0
1 1 TL TR 1
4 1 TL TR 0
4 4 TL TR 1
0 4 TL TR 0
1 0 TL TR 1
1 5 TL TR 0
2 2 TL TR 1
4 3 TL BR 0
0 3 TR BR 1
5 3 TL TR 0
2 5 TL TR 1
GAMEOVER WINNER 1
# Game ended: Sat Apr 06 14:18:59 EDT 2019
