# Server version 0.08 running on 142.157.26.244:8123
# Game ID: 232
# Board class: pentago_swap.PentagoBoard
# Timeout: 2000
# First Move Timeout: 30000
# Date: Wed Apr 03 22:17:56 EDT 2019
# Player 1: Player-0, 'Human', running on 142.157.26.244
# Player 2: Player-1, '260732931', running on 142.157.26.244
START Player-0 Human
START Player-1 260732931
0 1 BL BR 0
0 0 TL TR 1
1 5 BR BL 0
1 0 TL BR 1
5 0 BL BR 0
1 3 BL BR 1
3 4 TL BL 0
4 4 TR BL 1
4 5 BR TL 0
4 5 TL BR 1
5 0 BL TR 0
1 4 TR BL 1
5 3 BL BR 0
2 3 BL BR 1
2 2 BR BL 0
1 1 BL BR 1
3 2 TR BR 0
4 3 TR BL 1
2 1 BL BR 0
1 0 TL BL 1
GAMEOVER WINNER 1
# Game ended: Wed Apr 03 22:19:05 EDT 2019
