# Server version 0.08 running on 142.157.27.161:8123
# Game ID: 565
# Board class: pentago_swap.PentagoBoard
# Timeout: 2000
# First Move Timeout: 30000
# Date: Wed Apr 10 14:45:08 EDT 2019
# Player 1: Player-0, '260716696', running on 142.157.24.227
# Player 2: Player-1, '260732931', running on 142.157.27.161
START Player-0 260716696
START Player-1 260732931
4 4 TL TR 0
1 1 TL TR 1
4 1 TL TR 0
1 4 TL TR 1
3 2 TR BR 0
5 0 TL BL 1
3 1 TL TR 0
1 3 TL BL 1
5 4 BL BR 0
0 3 TL BR 1
0 0 TL BR 0
2 2 TR BR 1
0 0 TR BL 0
1 3 TR BR 1
3 1 TL TR 0
3 3 TL TR 1
GAMEOVER WINNER 1
# Game ended: Wed Apr 10 14:45:23 EDT 2019
