# Server version 0.08 running on 142.157.26.244:8123
# Game ID: 203
# Board class: pentago_swap.PentagoBoard
# Timeout: 2000
# First Move Timeout: 30000
# Date: Wed Apr 03 17:01:12 EDT 2019
# Player 1: Player-0, 'RandomPlayer', running on 142.157.26.244
# Player 2: Player-1, '260732931', running on 142.157.26.244
START Player-0 RandomPlayer
START Player-1 260732931
4 0 TR BL 0
0 3 TL TR 1
2 0 TR BL 0
0 1 TL TR 1
5 5 TR BR 0
3 5 BL BR 1
1 4 TR BL 0
0 2 TR BL 1
0 5 TR BR 0
0 3 TR BR 1
3 5 BL BR 0
0 1 BL BR 1
1 1 BL BR 0
4 1 BL BR 1
4 2 TR BR 0
4 1 TR BR 1
1 2 TL BR 0
4 3 TL BR 1
1 3 TL TR 0
1 2 TL TR 1
5 2 TL BL 0
0 3 TL BL 1
2 4 TR BL 0
GAMEOVER WINNER 1
# Game ended: Wed Apr 03 17:01:15 EDT 2019
