# Server version 0.08 running on 142.157.27.161:8123
# Game ID: 650
# Board class: pentago_swap.PentagoBoard
# Timeout: 2000
# First Move Timeout: 30000
# Date: Wed Apr 10 19:21:22 EDT 2019
# Player 1: Player-0, 'RandomPlayer', running on 142.157.27.161
# Player 2: Player-1, '260732931', running on 142.157.27.161
START Player-0 RandomPlayer
START Player-1 260732931
1 0 TL BR 0
1 1 BL BR 1
2 2 TR BL 0
4 1 BL BR 1
4 3 TL BL 0
3 4 TL TR 1
5 0 TL BR 0
5 1 TR BR 1
0 0 TL TR 0
2 0 TL TR 1
0 2 TL BR 0
4 2 TL BR 1
3 0 TL TR 0
2 3 TL BL 1
3 3 BL BR 0
1 0 TR BR 1
4 0 TL BR 0
1 2 BL BR 1
3 2 TR BL 0
GAMEOVER WINNER 1
# Game ended: Wed Apr 10 19:21:24 EDT 2019
