# Server version 0.08 running on macbook-pro-3:8123
# Game ID: 174
# Board class: pentago_swap.PentagoBoard
# Timeout: 2000
# First Move Timeout: 30000
# Date: Tue Apr 02 14:47:55 EDT 2019
# Player 1: Player-0, 'RandomPlayer', running on macbook-pro-3
# Player 2: Player-1, '260732931', running on macbook-pro-3
START Player-0 RandomPlayer
START Player-1 260732931
5 2 TR BR 0
2 0 TL TR 1
0 3 TL TR 0
5 3 TR BR 1
4 0 BL BR 0
3 3 TL BL 1
1 4 TL BL 0
4 4 TR BL 1
5 2 BL BR 0
0 3 BL BR 1
1 4 TL TR 0
5 3 TL BR 1
0 1 BL BR 0
5 1 TL TR 1
4 5 TR BR 0
0 5 TL BR 1
2 1 TL BR 0
0 3 TL BR 1
5 2 TR BR 0
1 3 TR BL 1
5 1 TL TR 0
0 1 TL TR 1
4 3 TR BR 0
1 2 TL TR 1
3 2 BL BR 0
0 5 TL TR 1
3 2 TR BR 0
0 4 TL TR 1
1 2 TL BL 0
2 0 TL TR 1
5 2 TL TR 0
1 0 TL BL 1
GAMEOVER WINNER 1
# Game ended: Tue Apr 02 14:48:00 EDT 2019
