# Server version 0.08 running on 142.157.27.77:8123
# Game ID: 376
# Board class: pentago_swap.PentagoBoard
# Timeout: 2000
# First Move Timeout: 30000
# Date: Sat Apr 06 14:14:04 EDT 2019
# Player 1: Player-0, '260732931', running on 142.157.27.77
# Player 2: Player-1, 'RandomPlayer', running on 142.157.27.77
START Player-0 260732931
START Player-1 RandomPlayer
1 1 TL TR 0
1 1 TL TR 1
4 1 TL TR 0
4 4 TL TR 1
0 4 TL TR 0
2 4 TL TR 1
0 3 TL BR 0
0 5 TL BL 1
2 2 TR BR 0
0 0 TL TR 1
5 3 TL BL 0
2 4 TL BL 1
4 3 TL BL 0
1 0 TL BL 1
3 0 TL BL 0
1 2 TL BL 1
5 2 TL BL 0
5 4 TL BL 1
5 1 TL BL 0
2 0 TL BL 1
2 0 TL BL 0
4 5 TL BL 1
1 2 TL BL 0
1 5 TL BL 1
0 0 TL BL 0
4 0 TL BL 1
1 3 TL BL 0
5 2 TL BL 1
0 4 TL BL 0
3 1 TL TR 1
5 5 TL TR 0
0 2 TL TR 1
2 0 TL TR 0
GAMEOVER WINNER 0
# Game ended: Sat Apr 06 14:14:14 EDT 2019
