# Server version 0.08 running on 142.157.27.77:8123
# Game ID: 407
# Board class: pentago_swap.PentagoBoard
# Timeout: 2000
# First Move Timeout: 30000
# Date: Sat Apr 06 23:12:58 EDT 2019
# Player 1: Player-0, 'Human', running on 142.157.27.77
# Player 2: Player-1, '260732931', running on 142.157.27.77
START Player-0 Human
START Player-1 260732931
1 1 BL TR 0
1 4 TL TR 1
4 4 BL TL 0
1 1 TL TR 1
3 2 TR TL 0
3 1 TL BL 1
1 2 TR BR 0
2 2 TL TR 1
3 3 TR BL 0
2 2 TL TR 1
3 4 BL TL 0
2 4 TL BR 1
1 3 BL BR 0
1 5 TL TR 1
2 3 TL BL 0
0 5 TL TR 1
3 1 TR BR 0
2 4 TR BL 1
2 1 TR BL 0
GAMEOVER WINNER 0
# Game ended: Sat Apr 06 23:13:55 EDT 2019
