# Server version 0.08 running on 142.157.27.161:8123
# Game ID: 637
# Board class: pentago_swap.PentagoBoard
# Timeout: 2000
# First Move Timeout: 30000
# Date: Wed Apr 10 18:22:51 EDT 2019
# Player 1: Player-0, '260732931', running on 142.157.27.161
# Player 2: Player-1, 'RandomPlayer', running on 142.157.27.161
START Player-0 260732931
START Player-1 RandomPlayer
1 1 BL BR 0
3 3 TL TR 1
1 1 BL BR 0
4 3 TL BR 1
2 0 TL TR 0
3 2 TR BR 1
5 4 TL BL 0
3 0 TL BL 1
2 4 BL BR 0
2 1 TR BL 1
5 2 TL BR 0
5 5 TR BL 1
0 4 TR BL 0
2 2 TL BL 1
4 1 TL BL 0
4 3 TL BR 1
0 1 TL BR 0
3 2 BL BR 1
0 1 BL BR 0
3 5 TR BR 1
4 4 TR BR 0
4 0 BL BR 1
GAMEOVER WINNER 0
# Game ended: Wed Apr 10 18:22:53 EDT 2019
