# Server version 0.08 running on 142.157.27.161:8123
# Game ID: 660
# Board class: pentago_swap.PentagoBoard
# Timeout: 2000
# First Move Timeout: 30000
# Date: Wed Apr 10 19:22:56 EDT 2019
# Player 1: Player-0, 'RandomPlayer', running on 142.157.27.161
# Player 2: Player-1, '260732931', running on 142.157.27.161
START Player-0 RandomPlayer
START Player-1 260732931
2 3 TL BL 0
1 1 BL BR 1
3 3 TL BL 0
1 1 BL BR 1
0 0 TR BR 0
1 0 TL BL 1
4 4 TL BL 0
4 1 TL BL 1
1 3 TL BR 0
0 3 TL BR 1
2 0 TL BL 0
1 2 TL BL 1
5 1 BL BR 0
1 0 TR BR 1
4 2 BL BR 0
4 2 TL BR 1
2 1 TL BR 0
5 5 TL TR 1
GAMEOVER WINNER 1
# Game ended: Wed Apr 10 19:22:58 EDT 2019
