# Server version 0.08 running on macbook-pro-3:8123
# Game ID: 319
# Board class: pentago_swap.PentagoBoard
# Timeout: 2000
# First Move Timeout: 30000
# Date: Fri Apr 05 01:25:28 EDT 2019
# Player 1: Player-0, '260732931', running on macbook-pro-3
# Player 2: Player-1, 'RandomPlayer', running on macbook-pro-3
START Player-0 260732931
START Player-1 RandomPlayer
1 1 TL TR 0
1 1 TL TR 1
4 1 TL TR 0
4 4 TL TR 1
0 4 TL TR 0
1 0 TL TR 1
0 3 TL TR 0
0 2 TL TR 1
1 5 TL TR 0
3 4 TL BL 1
5 1 TL BL 0
5 2 TL BL 1
3 3 TL BL 0
0 4 BL BR 1
5 1 BL BR 0
2 2 BL BR 1
1 3 BL BR 0
1 5 TR BL 1
1 5 TR BL 0
2 3 TR BL 1
2 4 TR BL 0
4 0 BL BR 1
3 4 BL BR 0
3 2 TL TR 1
GAMEOVER WINNER 0
# Game ended: Fri Apr 05 01:25:36 EDT 2019
