# Server version 0.08 running on macbook-pro-3:8123
# Game ID: 268
# Board class: pentago_swap.PentagoBoard
# Timeout: 2000
# First Move Timeout: 30000
# Date: Thu Apr 04 15:27:32 EDT 2019
# Player 1: Player-0, '260732931', running on macbook-pro-3
# Player 2: Player-1, 'Human', running on macbook-pro-3
START Player-0 260732931
START Player-1 Human
1 1 TL TR 0
2 3 BR BL 1
0 5 TL TR 0
2 1 TL TR 1
0 0 TR BL 0
5 2 BR BL 1
2 5 TL BR 0
2 3 BL BR 1
5 2 TL BR 0
2 4 BR TL 1
GAMEOVER WINNER 1
# Game ended: Thu Apr 04 15:28:06 EDT 2019
