# Server version 0.08 running on 142.157.27.77:8123
# Game ID: 305
# Board class: pentago_swap.PentagoBoard
# Timeout: 2000
# First Move Timeout: 30000
# Date: Fri Apr 05 00:30:19 EDT 2019
# Player 1: Player-0, '260732931', running on 142.157.27.77
# Player 2: Player-1, 'Human', running on 142.157.27.77
START Player-0 260732931
START Player-1 Human
1 1 TL TR 0
4 1 TL BR 1
1 1 TL TR 0
4 4 TL TR 1
3 1 TL TR 0
4 2 TR TL 1
4 3 TR BL 0
1 3 TL BL 1
3 1 TL TR 0
4 5 BR TR 1
4 0 TR BR 0
5 5 TR BL 1
0 0 TR BL 0
2 2 TR BL 1
0 2 TR BL 0
3 3 TR BL 1
GAMEOVER WINNER 1
# Game ended: Fri Apr 05 00:31:20 EDT 2019
