# Server version 0.08 running on 142.157.27.161:8123
# Game ID: 576
# Board class: pentago_swap.PentagoBoard
# Timeout: 2000
# First Move Timeout: 30000
# Date: Wed Apr 10 15:59:14 EDT 2019
# Player 1: Player-0, 'Human', running on 142.157.27.161
# Player 2: Player-1, '260732931', running on 142.157.27.161
START Player-0 Human
START Player-1 260732931
1 1 BL BR 0
0 0 TL TR 1
2 4 TL BL 0
0 0 TL TR 1
0 1 TL BL 0
0 0 TL TR 1
2 2 BL BR 0
0 1 TL TR 1
2 4 TL BL 0
0 0 TL TR 1
1 1 TL TR 0
GAMEOVER WINNER 0
# Game ended: Wed Apr 10 15:59:36 EDT 2019
