# Server version 0.08 running on macbook-pro-3:8123
# Game ID: 266
# Board class: pentago_swap.PentagoBoard
# Timeout: 2000
# First Move Timeout: 30000
# Date: Thu Apr 04 15:25:21 EDT 2019
# Player 1: Player-0, 'Human', running on macbook-pro-3
# Player 2: Player-1, '260732931', running on macbook-pro-3
START Player-0 Human
START Player-1 260732931
1 2 BL BR 0
2 3 TL BR 1
2 4 BL TL 0
1 1 TR BL 1
4 4 TR TL 0
0 3 TR BR 1
1 3 TL BL 0
0 4 TL TR 1
1 3 TL TR 0
0 3 TL BL 1
4 2 BL TL 0
1 1 TL TR 1
2 2 BR BL 0
3 2 TL BL 1
4 3 TR TL 0
4 4 TL TR 1
3 3 TL TR 0
2 3 BL BR 1
3 5 TR TL 0
3 2 TL BL 1
GAMEOVER WINNER 1
# Game ended: Thu Apr 04 15:26:27 EDT 2019
