# Server version 0.08 running on macbook-pro-3:8123
# Game ID: 148
# Board class: pentago_swap.PentagoBoard
# Timeout: 2000
# First Move Timeout: 30000
# Date: Tue Apr 02 04:10:41 EDT 2019
# Player 1: Player-0, 'Human', running on macbook-pro-3
# Player 2: Player-1, '260732931', running on macbook-pro-3
START Player-0 Human
START Player-1 260732931
2 1 BR BL 0
0 0 TL TR 1
3 3 BR BL 0
0 4 TL BR 1
5 1 BR BL 0
1 2 TL TR 1
4 2 BR BL 0
1 0 TL TR 1
4 2 BR BL 0
1 4 TL TR 1
5 1 BR BL 0
0 5 TL TR 1
5 3 BL BR 0
4 4 TL BR 1
5 3 BL BR 0
4 0 BL BR 1
2 3 BR BL 0
2 2 BL BR 1
3 3 BL TL 0
1 5 TL TR 1
GAMEOVER WINNER 0
# Game ended: Tue Apr 02 04:11:18 EDT 2019
