# Server version 0.08 running on macbook-pro-3:8123
# Game ID: 177
# Board class: pentago_swap.PentagoBoard
# Timeout: 2000
# First Move Timeout: 30000
# Date: Tue Apr 02 14:52:27 EDT 2019
# Player 1: Player-0, 'Human', running on macbook-pro-3
# Player 2: Player-1, '260732931', running on macbook-pro-3
START Player-0 Human
START Player-1 260732931
1 1 BL BR 0
0 0 TL TR 1
2 4 BR BL 0
4 4 TL BL 1
3 4 BL TL 0
5 4 TR BL 1
3 1 TR TL 0
4 0 TL BR 1
3 2 BR TR 0
1 3 TR BL 1
3 4 BR BL 0
5 3 TL BL 1
3 4 BR BL 0
3 5 TR BL 1
2 1 TL TR 0
4 5 BL BR 1
1 4 TL BL 0
GAMEOVER WINNER 0
# Game ended: Tue Apr 02 14:52:48 EDT 2019
