# Server version 0.08 running on macbook-pro-3:8123
# Game ID: 334
# Board class: pentago_swap.PentagoBoard
# Timeout: 2000
# First Move Timeout: 30000
# Date: Fri Apr 05 23:47:25 EDT 2019
# Player 1: Player-0, 'Human', running on macbook-pro-3
# Player 2: Player-1, '260732931', running on macbook-pro-3
START Player-0 Human
START Player-1 260732931
3 3 TL TR 0
2 2 TL BR 1
2 3 TL TR 0
0 5 TL BL 1
4 1 TL BL 0
1 5 TL BL 1
2 5 BR TR 0
4 4 TR BR 1
1 3 TL TR 0
2 0 TL TR 1
3 2 TL BL 0
5 0 TR BL 1
1 4 BR TR 0
1 0 TR BR 1
2 2 BR TL 0
2 0 TL TR 1
1 4 TL BR 0
0 0 TL BR 1
5 1 TR BL 0
5 1 BL BR 1
1 0 BR TL 0
5 4 TL BR 1
2 2 BR TL 0
0 4 TL BR 1
5 1 TR BL 0
3 4 TR BL 1
4 2 TL BR 0
4 5 TL BR 1
3 3 TL BR 0
3 5 BL BR 1
3 1 TL BL 0
3 4 TL BL 1
1 2 TL TR 0
1 3 TL TR 1
0 2 BL TR 0
GAMEOVER DRAW
# Game ended: Fri Apr 05 23:58:33 EDT 2019
