# Server version 0.08 running on 142.157.27.77:8123
# Game ID: 364
# Board class: pentago_swap.PentagoBoard
# Timeout: 300000
# First Move Timeout: 300000
# Date: Sat Apr 06 13:24:10 EDT 2019
# Player 1: Player-0, '260732931', running on 142.157.27.77
# Player 2: Player-1, 'RandomPlayer', running on 142.157.27.77
START Player-0 260732931
START Player-1 RandomPlayer
1 1 TL TR 0
1 1 TL TR 1
4 1 TL TR 0
4 4 TL TR 1
0 4 TL TR 0
1 0 TL TR 1
2 1 TL TR 0
3 3 TR BL 1
0 0 TR BL 0
0 2 TR BL 1
2 2 TR BL 0
2 3 TR BL 1
4 3 BL BR 0
3 1 BL BR 1
3 1 BL BR 0
3 3 BL BR 1
0 4 TR BR 0
4 3 TR BR 1
2 4 TL BL 0
0 3 TR BL 1
GAMEOVER WINNER 0
# Game ended: Sat Apr 06 13:24:17 EDT 2019
