# Server version 0.08 running on 142.157.27.77:8123
# Game ID: 406
# Board class: pentago_swap.PentagoBoard
# Timeout: 2000
# First Move Timeout: 30000
# Date: Sat Apr 06 23:11:12 EDT 2019
# Player 1: Player-0, '260732931', running on 142.157.27.77
# Player 2: Player-1, 'Human', running on 142.157.27.77
START Player-0 260732931
START Player-1 Human
1 1 TL TR 0
1 1 BL TR 1
1 4 TL TR 0
2 4 TL BL 1
0 4 TL TR 0
2 2 BL BR 1
2 0 TL TR 0
3 3 TL BL 1
1 5 BL BR 0
3 1 TR TL 1
4 0 TL BR 0
3 2 TL TR 1
3 3 TR BL 0
0 2 BL BR 1
0 1 TL BR 0
0 2 BL BR 1
0 1 BL BR 0
5 3 TL TR 1
4 0 TL TR 0
5 4 TL TR 1
2 0 TL TR 0
5 5 TL TR 1
GAMEOVER DRAW
# Game ended: Sat Apr 06 23:12:43 EDT 2019
