# Server version 0.08 running on 142.157.27.77:8123
# Game ID: 450
# Board class: pentago_swap.PentagoBoard
# Timeout: 2000
# First Move Timeout: 30000
# Date: Sun Apr 07 01:31:22 EDT 2019
# Player 1: Player-0, 'tianzhuzi', running on 142.157.27.77
# Player 2: Player-1, 'tianzhuzi', running on 142.157.27.77
START Player-0 tianzhuzi
START Player-1 tianzhuzi
1 1 TL TR 0
1 1 TL TR 1
4 1 TL TR 0
4 4 TL TR 1
0 4 TL TR 0
1 0 TL BR 1
3 3 TL BR 0
0 2 TL BL 1
2 2 TL BL 0
4 5 BL BR 1
1 3 BL BR 0
1 2 TL BR 1
4 2 TL BR 0
3 2 TL BR 1
2 4 TL BR 0
3 3 TR BL 1
3 2 TR BL 0
1 5 TR BL 1
4 3 TR BL 0
0 4 BL BR 1
3 4 BL BR 0
5 1 TR BL 1
1 3 TR BL 0
2 2 TR BL 1
5 5 TR BL 0
5 0 TR BL 1
5 0 TR BL 0
3 5 TR BL 1
0 3 TR BL 0
5 3 TR BL 1
3 0 TR BL 0
3 4 TR BL 1
5 2 TR BL 0
2 0 TR BL 1
2 1 TR BL 0
5 4 TL TR 1
GAMEOVER DRAW
# Game ended: Sun Apr 07 01:31:30 EDT 2019
