# Server version 0.08 running on macbook-pro-3:8123
# Game ID: 172
# Board class: pentago_swap.PentagoBoard
# Timeout: 2000
# First Move Timeout: 30000
# Date: Tue Apr 02 14:47:08 EDT 2019
# Player 1: Player-0, '260732931', running on macbook-pro-3
# Player 2: Player-1, 'RandomPlayer', running on macbook-pro-3
START Player-0 260732931
START Player-1 RandomPlayer
3 2 TR BL 0
0 1 TR BR 1
5 3 TR BL 0
3 1 TL TR 1
1 1 TL TR 0
1 5 BL BR 1
1 3 TL TR 0
3 5 TL BL 1
0 5 TR BR 0
5 4 BL BR 1
1 2 TL BR 0
3 3 TL TR 1
1 2 TR BL 0
1 3 BL BR 1
GAMEOVER TIMEOUT WINNER 1
# Game ended: Tue Apr 02 14:47:11 EDT 2019
