# Server version 0.08 running on 142.157.27.77:8123
# Game ID: 326
# Board class: pentago_swap.PentagoBoard
# Timeout: 2000
# First Move Timeout: 30000
# Date: Fri Apr 05 15:39:07 EDT 2019
# Player 1: Player-0, 'Human', running on 142.157.27.77
# Player 2: Player-1, '260732931', running on 142.157.27.77
START Player-0 Human
START Player-1 260732931
3 1 TR TL 0
2 2 TR BL 1
1 5 TL TR 0
1 5 TL TR 1
3 5 BL BR 0
0 5 TL BL 1
5 0 TR BL 0
2 1 TR BL 1
3 4 BL BR 0
0 1 TR BL 1
1 5 BR TR 0
1 2 TR BR 1
2 2 BR TR 0
4 0 TR BR 1
3 4 BR TR 0
1 1 TR BR 1
3 3 TR BR 0
1 3 TR BR 1
2 4 BR TR 0
2 0 TL TR 1
1 3 BR BL 0
1 1 BL BR 1
0 2 BL BR 0
3 0 BL BR 1
3 0 BL TR 0
GAMEOVER WINNER 0
# Game ended: Fri Apr 05 15:41:37 EDT 2019
