# Server version 0.08 running on 142.157.26.244:8123
# Game ID: 193
# Board class: pentago_swap.PentagoBoard
# Timeout: 2000
# First Move Timeout: 30000
# Date: Wed Apr 03 16:17:55 EDT 2019
# Player 1: Player-0, 'RandomPlayer', running on 142.157.26.244
# Player 2: Player-1, '260732931', running on 142.157.26.244
START Player-0 RandomPlayer
START Player-1 260732931
3 3 BL BR 0
0 0 TL BL 1
3 4 TL TR 0
0 2 TL BL 1
1 1 TR BR 0
0 1 TL TR 1
5 1 BL BR 0
3 4 TR BL 1
1 4 BL BR 0
3 0 TL TR 1
GAMEOVER WINNER 1
# Game ended: Wed Apr 03 16:18:02 EDT 2019
