# Server version 0.08 running on 142.157.26.244:8123
# Game ID: 245
# Board class: pentago_swap.PentagoBoard
# Timeout: 2000
# First Move Timeout: 30000
# Date: Wed Apr 03 23:23:36 EDT 2019
# Player 1: Player-0, 'Human', running on 142.157.26.244
# Player 2: Player-1, '260732931', running on 142.157.26.244
START Player-0 Human
START Player-1 260732931
1 1 BL BR 0
0 1 TL TR 1
2 3 BR BL 0
0 3 TL TR 1
3 2 TL TR 0
0 2 TR BL 1
3 2 TR BL 0
0 1 BL BR 1
4 4 BR BL 0
GAMEOVER WINNER 0
# Game ended: Wed Apr 03 23:23:55 EDT 2019
