# Server version 0.08 running on 142.157.27.77:8123
# Game ID: 288
# Board class: pentago_swap.PentagoBoard
# Timeout: 2000
# First Move Timeout: 30000
# Date: Thu Apr 04 23:41:12 EDT 2019
# Player 1: Player-0, 'RandomPlayer', running on 142.157.27.77
# Player 2: Player-1, '260732931', running on 142.157.27.77
START Player-0 RandomPlayer
START Player-1 260732931
0 1 TL TR 0
2 0 TL TR 1
0 0 TL TR 0
0 5 TL TR 1
1 1 TR BR 0
4 4 TL TR 1
0 2 TL BL 0
5 2 TL BL 1
2 5 TL BL 0
3 4 TL BL 1
1 3 TL TR 0
2 4 TL TR 1
1 2 TL BR 0
1 5 TL BR 1
2 0 TL BR 0
2 3 TL BR 1
2 4 TL BR 0
1 2 TL BR 1
1 1 TL TR 0
4 3 TL BL 1
1 3 TL BL 0
0 3 TL BL 1
1 0 BL BR 0
1 1 BL BR 1
0 4 TR BL 0
0 1 TR BL 1
5 4 BL BR 0
5 2 BL BR 1
2 0 BL BR 0
3 0 BL BR 1
0 2 TL BL 0
3 5 TL BL 1
0 0 TL BL 0
4 2 TL BL 1
GAMEOVER WINNER 0
# Game ended: Thu Apr 04 23:41:20 EDT 2019
