# Server version 0.08 running on 142.157.26.244:8123
# Game ID: 234
# Board class: pentago_swap.PentagoBoard
# Timeout: 2000
# First Move Timeout: 30000
# Date: Wed Apr 03 22:56:16 EDT 2019
# Player 1: Player-0, 'RandomPlayer', running on 142.157.26.244
# Player 2: Player-1, '260732931', running on 142.157.26.244
START Player-0 RandomPlayer
START Player-1 260732931
0 0 TL TR 0
0 1 TL BL 1
0 4 TL BR 0
0 5 TL TR 1
1 1 TL TR 0
2 4 TL TR 1
4 1 TL BR 0
4 5 TR BR 1
2 1 BL BR 0
2 2 TL TR 1
3 3 TL BR 0
1 0 TL BR 1
1 3 TL BR 0
0 3 TL BR 1
1 4 TL TR 0
2 3 TL BL 1
2 5 TL TR 0
GAMEOVER WINNER 0
# Game ended: Wed Apr 03 22:56:22 EDT 2019
