# Server version 0.08 running on 142.157.27.161:8123
# Game ID: 623
# Board class: pentago_swap.PentagoBoard
# Timeout: 2000
# First Move Timeout: 30000
# Date: Wed Apr 10 17:16:34 EDT 2019
# Player 1: Player-0, '260732931', running on 142.157.27.161
# Player 2: Player-1, 'bessie', running on 142.157.27.161
START Player-0 260732931
START Player-1 bessie
1 1 BL BR 0
4 4 TL TR 1
1 1 BL BR 0
4 4 TL TR 1
3 1 TL TR 0
3 2 TL BL 1
5 5 TL BR 0
1 2 TL BL 1
4 3 TL BL 0
0 1 TL BR 1
1 3 TL BR 0
4 2 TL TR 1
3 2 TL TR 0
2 3 TL BL 1
0 1 TL BL 0
2 5 TL TR 1
4 5 TL TR 0
5 5 TL BR 1
2 4 TL BR 0
0 0 TL BR 1
0 0 TL TR 0
5 0 TR BL 1
0 1 TR BL 0
GAMEOVER WINNER 0
# Game ended: Wed Apr 10 17:16:56 EDT 2019
