# Server version 0.08 running on 192.168.0.137:8123
# Game ID: 279
# Board class: pentago_swap.PentagoBoard
# Timeout: 2000
# First Move Timeout: 30000
# Date: Thu Apr 04 19:21:12 EDT 2019
# Player 1: Player-0, 'RandomPlayer', running on 192.168.0.137
# Player 2: Player-1, '260732931', running on 192.168.0.137
START Player-0 RandomPlayer
START Player-1 260732931
0 1 TL TR 0
2 0 TL TR 1
0 0 TL TR 0
0 5 TL TR 1
1 1 TR BR 0
4 4 TL TR 1
0 2 TL BL 0
5 2 TL BL 1
2 5 TL BL 0
3 4 TL BL 1
1 3 TL TR 0
2 4 TL TR 1
5 4 TL BR 0
4 2 TL BR 1
3 2 TL BR 0
5 3 TL BR 1
2 3 TL BR 0
5 2 TL BL 1
2 0 TL BL 0
4 1 TL BR 1
1 2 TL BR 0
4 4 TL BR 1
2 4 TL BR 0
4 3 TL BR 1
4 0 TL BR 0
3 4 TL BR 1
3 1 TL BR 0
5 1 TL BL 1
3 0 TL BL 0
GAMEOVER WINNER 1
# Game ended: Thu Apr 04 19:21:20 EDT 2019
