# Server version 0.08 running on 142.157.27.77:8123
# Game ID: 422
# Board class: pentago_swap.PentagoBoard
# Timeout: 2000
# First Move Timeout: 30000
# Date: Sat Apr 06 23:59:15 EDT 2019
# Player 1: Player-0, 'RandomPlayer', running on 142.157.27.77
# Player 2: Player-1, '260732931', running on 142.157.27.77
START Player-0 RandomPlayer
START Player-1 260732931
3 4 BL BR 0
2 2 TR BL 1
2 5 TL BL 0
4 2 TL BL 1
3 2 TL BL 0
0 5 TR BR 1
3 0 TL BL 0
2 3 TL BL 1
4 1 TL TR 0
5 1 TL TR 1
0 3 TL BR 0
1 1 TL BR 1
2 0 BL BR 0
5 0 BL BR 1
5 0 TL BR 0
2 1 TL BL 1
1 0 TL BL 0
4 3 TL BR 1
2 4 TR BR 0
1 2 TR BR 1
2 5 TR BR 0
3 2 TR BR 1
0 5 BL BR 0
3 0 BL BR 1
2 2 TL BR 0
5 4 TL BR 1
4 5 TL BR 0
1 5 TL BR 1
1 4 BL BR 0
1 1 BL BR 1
0 0 TL BR 0
0 4 TL BR 1
1 3 TR BR 0
0 1 TR BR 1
3 1 BL BR 0
4 0 BL BR 1
GAMEOVER WINNER 1
# Game ended: Sat Apr 06 23:59:18 EDT 2019
