# Server version 0.08 running on 142.157.27.161:8123
# Game ID: 639
# Board class: pentago_swap.PentagoBoard
# Timeout: 2000
# First Move Timeout: 30000
# Date: Wed Apr 10 18:23:59 EDT 2019
# Player 1: Player-0, 'RandomPlayer', running on 142.157.27.161
# Player 2: Player-1, '260732931', running on 142.157.27.161
START Player-0 RandomPlayer
START Player-1 260732931
3 2 TR BR 0
1 1 BL BR 1
0 3 TL BL 0
1 1 BL BR 1
0 1 TL BL 0
0 1 TR BL 1
4 3 BL BR 0
0 3 TR BR 1
2 0 TL BR 0
5 0 TR BL 1
4 3 TL BL 0
1 0 TL TR 1
0 4 BL BR 0
4 5 TL TR 1
1 5 TR BL 0
3 2 TL TR 1
0 5 TL BR 0
0 2 TL BR 1
5 4 TL BR 0
1 0 TL BR 1
5 5 TR BL 0
5 1 TR BL 1
2 1 TR BL 0
5 3 TR BL 1
5 1 TR BL 0
2 2 TR BL 1
2 3 TL TR 0
5 2 TL TR 1
1 1 TL BL 0
1 4 TL BL 1
2 5 TR BR 0
GAMEOVER WINNER 1
# Game ended: Wed Apr 10 18:24:01 EDT 2019
