# Server version 0.08 running on 142.157.26.107:8123
# Game ID: 77
# Board class: pentago_swap.PentagoBoard
# Timeout: 2000
# First Move Timeout: 30000
# Date: Sun Mar 31 21:16:33 EDT 2019
# Player 1: Player-0, 'RandomPlayer', running on 142.157.26.107
# Player 2: Player-1, '260732931', running on 142.157.26.107
START Player-0 RandomPlayer
START Player-1 260732931
5 2 TR BR 0
0 0 TL BL 1
0 3 TL TR 0
0 1 TL BL 1
4 1 BL BR 0
0 1 TL BL 1
1 4 TL BL 0
0 2 TL BL 1
5 3 BL BR 0
GAMEOVER TIMEOUT WINNER 0
# Game ended: Sun Mar 31 21:16:36 EDT 2019
