# Server version 0.08 running on 142.157.26.244:8123
# Game ID: 208
# Board class: pentago_swap.PentagoBoard
# Timeout: 2000
# First Move Timeout: 30000
# Date: Wed Apr 03 17:14:02 EDT 2019
# Player 1: Player-0, 'RandomPlayer', running on 142.157.26.244
# Player 2: Player-1, '260732931', running on 142.157.26.244
START Player-0 RandomPlayer
START Player-1 260732931
1 2 TR BL 0
0 0 TL TR 1
0 4 TL BL 0
1 3 TL TR 1
4 3 TR BL 0
2 3 TL BL 1
4 4 TR BL 0
4 0 TR BL 1
3 2 TR BL 0
2 3 TR BL 1
5 1 TL BL 0
1 4 TL BL 1
2 1 TL BL 0
4 2 TL BL 1
0 4 TR BR 0
1 1 TR BL 1
0 2 TR BR 0
GAMEOVER WINNER 1
# Game ended: Wed Apr 03 17:14:11 EDT 2019
