# Server version 0.08 running on 172.30.148.218:8123
# Game ID: 274
# Board class: pentago_swap.PentagoBoard
# Timeout: 2000
# First Move Timeout: 30000
# Date: Thu Apr 04 17:18:36 EDT 2019
# Player 1: Player-0, 'Human', running on 172.30.148.218
# Player 2: Player-1, '260732931', running on 172.30.148.218
START Player-0 Human
START Player-1 260732931
1 1 BL BR 0
1 4 TL TR 1
1 3 BR BL 0
1 5 TL TR 1
4 4 BL BR 0
2 4 BL BR 1
4 3 TL BL 0
4 5 TL TR 1
3 3 TR BL 0
2 3 TR BR 1
3 3 BL TL 0
2 3 BL BR 1
3 1 BR TR 0
5 1 TR BR 1
2 2 TL BR 0
0 4 TR BL 1
2 2 BR TL 0
2 5 TL TR 1
3 2 TR BR 0
0 4 TR BR 1
2 4 BR TR 0
5 3 TR BR 1
3 3 BR BL 0
0 2 BL BR 1
0 4 TR BL 0
2 5 BL BR 1
4 3 BL BR 0
3 0 BL BR 1
3 2 BL TR 0
5 1 TR BL 1
GAMEOVER WINNER 1
# Game ended: Thu Apr 04 17:19:27 EDT 2019
