# Server version 0.08 running on 142.157.26.244:8123
# Game ID: 215
# Board class: pentago_swap.PentagoBoard
# Timeout: 2000
# First Move Timeout: 30000
# Date: Wed Apr 03 17:29:52 EDT 2019
# Player 1: Player-0, 'Human', running on 142.157.26.244
# Player 2: Player-1, '260732931', running on 142.157.26.244
START Player-0 Human
START Player-1 260732931
0 2 TR BR 0
0 1 TL TR 1
1 4 TR BL 0
4 2 TL TR 1
2 3 BR TL 0
1 1 TL TR 1
2 1 TL BR 0
5 5 TL TR 1
2 1 TR TL 0
0 4 BL BR 1
1 5 BR TL 0
2 5 TR BR 1
4 2 BR TR 0
1 3 TR BR 1
3 3 BR TR 0
0 0 TR BR 1
2 0 TL TR 0
1 1 TL TR 1
2 4 TR TL 0
2 0 TL TR 1
1 5 TR BL 0
GAMEOVER WINNER 0
# Game ended: Wed Apr 03 17:32:20 EDT 2019
