# Server version 0.08 running on 142.157.26.244:8123
# Game ID: 202
# Board class: pentago_swap.PentagoBoard
# Timeout: 2000
# First Move Timeout: 30000
# Date: Wed Apr 03 16:53:46 EDT 2019
# Player 1: Player-0, 'RandomPlayer', running on 142.157.26.244
# Player 2: Player-1, '260732931', running on 142.157.26.244
START Player-0 RandomPlayer
START Player-1 260732931
5 3 TR BL 0
0 0 TL BL 1
4 1 TR BL 0
0 4 TR BL 1
0 3 TL BR 0
0 2 TL BL 1
2 5 TL BR 0
3 1 TL TR 1
4 2 TL BR 0
0 2 TL TR 1
5 3 TR BR 0
GAMEOVER WINNER 1
# Game ended: Wed Apr 03 16:53:53 EDT 2019
