# Server version 0.08 running on 142.157.27.77:8123
# Game ID: 495
# Board class: pentago_swap.PentagoBoard
# Timeout: 2000
# First Move Timeout: 30000
# Date: Sun Apr 07 16:14:13 EDT 2019
# Player 1: Player-0, 'Human', running on 142.157.27.77
# Player 2: Player-1, '260732931', running on 142.157.27.77
START Player-0 Human
START Player-1 260732931
5 0 BR TR 0
0 0 TL BR 1
4 0 BL BR 0
2 2 BL BR 1
3 0 TL BL 0
4 1 TL BL 1
2 0 BR TR 0
1 4 TR BR 1
1 0 TR BR 0
GAMEOVER WINNER 0
# Game ended: Sun Apr 07 16:14:23 EDT 2019
