# Server version 0.08 running on 142.157.27.77:8123
# Game ID: 456
# Board class: pentago_swap.PentagoBoard
# Timeout: 2000
# First Move Timeout: 30000
# Date: Sun Apr 07 01:37:59 EDT 2019
# Player 1: Player-0, '260732931', running on 142.157.27.77
# Player 2: Player-1, 'tianzhuzi', running on 142.157.27.77
START Player-0 260732931
START Player-1 tianzhuzi
0 0 TL BR 0
2 2 TL BR 1
2 3 TL BR 0
1 3 TR BR 1
3 2 TR BR 0
3 1 TL BR 1
0 2 TL BL 0
1 4 TL TR 1
1 2 BL BR 0
5 1 TL BL 1
1 1 TL TR 0
2 3 TL TR 1
3 4 TL BL 0
5 3 TL BR 1
2 2 BL BR 0
1 2 BL BR 1
1 1 BL BR 0
3 3 BL BR 1
2 1 BL BR 0
3 1 TL BR 1
1 3 TL BL 0
2 1 TL BL 1
5 2 TL BR 0
1 4 TL TR 1
2 1 TL TR 0
3 2 TR BR 1
0 5 TR BR 0
3 4 TR BR 1
3 3 TL BL 0
0 0 TL BL 1
1 0 TR BL 0
GAMEOVER DRAW
# Game ended: Sun Apr 07 01:38:08 EDT 2019
