# Server version 0.08 running on macbook-pro-3:8123
# Game ID: 341
# Board class: pentago_swap.PentagoBoard
# Timeout: 2000
# First Move Timeout: 30000
# Date: Sat Apr 06 00:19:54 EDT 2019
# Player 1: Player-0, 'Human', running on macbook-pro-3
# Player 2: Player-1, '260732931', running on macbook-pro-3
START Player-0 Human
START Player-1 260732931
1 1 BL BR 0
1 4 TL TR 1
4 4 BL TL 0
1 1 TL TR 1
2 1 TR BL 0
3 2 TL BR 1
3 4 TL BR 0
5 4 TL BR 1
4 5 TR TL 0
5 1 TL TR 1
4 3 TL TR 0
1 5 TL TR 1
1 0 BR BL 0
3 4 BL BR 1
0 1 TL TR 0
5 0 TL TR 1
2 2 TR BL 0
0 3 TR BL 1
3 3 TR BL 0
3 2 TR BL 1
0 0 TR BL 0
GAMEOVER DRAW
# Game ended: Sat Apr 06 00:20:45 EDT 2019
