# Server version 0.08 running on 142.157.27.161:8123
# Game ID: 656
# Board class: pentago_swap.PentagoBoard
# Timeout: 2000
# First Move Timeout: 30000
# Date: Wed Apr 10 19:22:12 EDT 2019
# Player 1: Player-0, 'RandomPlayer', running on 142.157.27.161
# Player 2: Player-1, '260732931', running on 142.157.27.161
START Player-0 RandomPlayer
START Player-1 260732931
2 4 TL BL 0
1 1 BL BR 1
4 5 BL BR 0
4 1 BL BR 1
2 0 TL BL 0
2 5 TL TR 1
1 2 TL BR 0
2 1 TL TR 1
0 0 TL BR 0
0 4 TR BR 1
4 3 BL BR 0
5 0 BL BR 1
3 0 TL BR 0
4 0 TL TR 1
4 2 TL BR 0
5 2 TL BR 1
5 3 TR BL 0
0 4 TR BL 1
1 0 TR BL 0
2 1 TR BL 1
4 4 BL BR 0
GAMEOVER WINNER 1
# Game ended: Wed Apr 10 19:22:13 EDT 2019
