# Server version 0.08 running on macbook-pro-3:8123
# Game ID: 555
# Board class: pentago_swap.PentagoBoard
# Timeout: 2000
# First Move Timeout: 30000
# Date: Wed Apr 10 00:37:26 EDT 2019
# Player 1: Player-0, '260732931', running on macbook-pro-3
# Player 2: Player-1, 'bessie', running on macbook-pro-3
START Player-0 260732931
START Player-1 bessie
0 1 TL TR 0
4 4 TL TR 1
0 4 TL TR 0
4 1 TL TR 1
2 0 BL BR 0
3 3 TL BL 1
2 0 TL BL 0
5 2 TL BL 1
2 5 TL BL 0
3 0 TL BL 1
GAMEOVER WINNER 1
# Game ended: Wed Apr 10 00:37:34 EDT 2019
