# Server version 0.08 running on 142.157.27.77:8123
# Game ID: 391
# Board class: pentago_swap.PentagoBoard
# Timeout: 2000
# First Move Timeout: 30000
# Date: Sat Apr 06 14:57:58 EDT 2019
# Player 1: Player-0, '260732931', running on 142.157.27.77
# Player 2: Player-1, 'Human', running on 142.157.27.77
START Player-0 260732931
START Player-1 Human
1 1 TL TR 0
1 1 BL BR 1
4 1 TL TR 0
4 4 BL TL 1
0 4 TL TR 0
2 1 TR TL 1
3 4 TR BL 0
3 2 TL TR 1
1 3 BL BR 0
1 2 BL BR 1
2 2 BL BR 0
4 2 TR TL 1
4 3 TL TR 0
4 0 BL TR 1
0 5 TL TR 0
4 5 BR BL 1
2 2 BL BR 0
5 5 TL BL 1
0 1 TL TR 0
5 0 BL TR 1
5 3 TR BL 0
2 1 BL TR 1
5 1 TR BL 0
0 2 TL BL 1
3 3 TL BL 0
3 0 BL TL 1
0 3 TR BL 0
3 2 BL TR 1
1 5 TR BL 0
0 4 TR TL 1
0 0 TL TR 0
2 3 TR BL 1
4 0 TR BL 0
2 1 TL BL 1
GAMEOVER WINNER 0
# Game ended: Sat Apr 06 14:59:34 EDT 2019
