# Server version 0.08 running on 142.157.27.77:8123
# Game ID: 299
# Board class: pentago_swap.PentagoBoard
# Timeout: 2000
# First Move Timeout: 30000
# Date: Fri Apr 05 00:18:55 EDT 2019
# Player 1: Player-0, '260732931', running on 142.157.27.77
# Player 2: Player-1, 'RandomPlayer', running on 142.157.27.77
START Player-0 260732931
START Player-1 RandomPlayer
1 1 TL TR 0
1 1 TL TR 1
4 1 TL TR 0
4 4 TL TR 1
0 4 TL TR 0
1 0 TL TR 1
2 4 TL TR 0
0 4 TL TR 1
2 1 BL BR 0
2 2 TL BR 1
1 2 TL BR 0
3 4 TR BL 1
4 3 TL BL 0
0 3 TR BR 1
1 2 TR BR 0
2 2 TR BR 1
5 4 TR BR 0
3 3 TR BR 1
2 4 TL BR 0
3 2 TL BR 1
4 0 BL BR 0
4 2 BL BR 1
3 5 BL BR 0
0 0 BL BR 1
GAMEOVER WINNER 1
# Game ended: Fri Apr 05 00:19:05 EDT 2019
