# Server version 0.08 running on macbook-pro-3:8123
# Game ID: 312
# Board class: pentago_swap.PentagoBoard
# Timeout: 2000
# First Move Timeout: 30000
# Date: Fri Apr 05 01:14:09 EDT 2019
# Player 1: Player-0, 'Human', running on macbook-pro-3
# Player 2: Player-1, '260732931', running on macbook-pro-3
START Player-0 Human
START Player-1 260732931
2 1 BL BR 0
3 2 TL BR 1
4 4 TL BL 0
3 4 TL BL 1
3 3 BL TR 0
5 5 TL TR 1
2 2 TR BL 0
1 1 TL TR 1
2 4 TL BL 0
2 3 BL BR 1
3 2 TL BR 0
5 0 TR BL 1
3 4 TL BL 0
4 4 TL BL 1
3 3 TL BL 0
3 5 TL BR 1
3 3 TL BL 0
1 5 BL BR 1
2 1 TR BL 0
1 0 TR BR 1
2 3 TL BL 0
3 0 TR BR 1
3 1 BR TR 0
4 1 TR BR 1
3 2 TR TL 0
4 2 TL TR 1
4 3 BL BR 0
GAMEOVER WINNER 1
# Game ended: Fri Apr 05 01:15:23 EDT 2019
