# Server version 0.08 running on 142.157.27.161:8123
# Game ID: 630
# Board class: pentago_swap.PentagoBoard
# Timeout: 2000
# First Move Timeout: 30000
# Date: Wed Apr 10 17:42:05 EDT 2019
# Player 1: Player-0, '260732931', running on 142.157.27.161
# Player 2: Player-1, 'bessie', running on 142.157.27.161
START Player-0 260732931
START Player-1 bessie
1 1 BL BR 0
4 4 TL TR 1
1 1 BL BR 0
4 4 TL TR 1
5 3 TL BR 0
1 0 TL BL 1
0 0 TL BR 0
4 5 BL BR 1
0 0 BL BR 0
4 2 BL BR 1
GAMEOVER WINNER 1
# Game ended: Wed Apr 10 17:42:16 EDT 2019
