# Server version 0.08 running on 172.30.159.3:8123
# Game ID: 132
# Board class: pentago_swap.PentagoBoard
# Timeout: 2000
# First Move Timeout: 30000
# Date: Mon Apr 01 18:31:47 EDT 2019
# Player 1: Player-0, 'RandomPlayer', running on 172.30.159.3
# Player 2: Player-1, '260732931', running on 172.30.159.3
START Player-0 RandomPlayer
START Player-1 260732931
5 2 TR BR 0
3 4 TL BL 1
0 3 TL TR 0
4 0 TL TR 1
4 1 BL BR 0
2 1 TL BL 1
2 0 TL BL 0
2 0 TL TR 1
5 3 BL BR 0
0 5 TL BR 1
1 4 TL TR 0
4 2 TL BR 1
0 1 BL BR 0
GAMEOVER TIMEOUT WINNER 0
# Game ended: Mon Apr 01 18:31:50 EDT 2019
