# Server version 0.08 running on 142.157.27.77:8123
# Game ID: 514
# Board class: pentago_swap.PentagoBoard
# Timeout: 2000
# First Move Timeout: 30000
# Date: Sun Apr 07 16:30:39 EDT 2019
# Player 1: Player-0, '260732931', running on 142.157.27.77
# Player 2: Player-1, 'tianzhuzi', running on 142.157.27.77
START Player-0 260732931
START Player-1 tianzhuzi
1 1 TL TR 0
1 1 TL TR 1
4 1 TL TR 0
4 4 TL TR 1
0 4 TL TR 0
1 0 TL BR 1
3 3 TL BR 0
0 2 TL BL 1
1 2 TL BL 0
3 2 TR BL 1
5 1 TR BL 0
3 3 TR BL 1
1 2 TL BR 0
1 3 TL BR 1
2 3 TL BR 0
1 2 TL BR 1
0 4 TR BL 0
5 3 TR BL 1
2 4 TR BL 0
5 4 TL TR 1
GAMEOVER WINNER 0
# Game ended: Sun Apr 07 16:30:47 EDT 2019
