# Server version 0.08 running on 142.157.27.161:8123
# Game ID: 645
# Board class: pentago_swap.PentagoBoard
# Timeout: 2000
# First Move Timeout: 30000
# Date: Wed Apr 10 19:20:31 EDT 2019
# Player 1: Player-0, 'RandomPlayer', running on 142.157.27.161
# Player 2: Player-1, '260732931', running on 142.157.27.161
START Player-0 RandomPlayer
START Player-1 260732931
0 5 TR BR 0
1 1 BL BR 1
2 5 TR BR 0
4 1 BL BR 1
2 2 BL BR 0
1 2 TL BL 1
0 1 TL BR 0
3 3 TL TR 1
3 0 TR BL 0
0 4 TR BR 1
1 0 TL BR 0
1 0 TL BR 1
0 1 TR BR 0
4 0 TR BL 1
5 3 TR BL 0
2 4 TR BL 1
2 4 TL TR 0
4 3 TL BR 1
1 2 TL BR 0
GAMEOVER WINNER 1
# Game ended: Wed Apr 10 19:20:33 EDT 2019
