# Server version 0.08 running on 142.157.27.77:8123
# Game ID: 359
# Board class: pentago_swap.PentagoBoard
# Timeout: 300000
# First Move Timeout: 300000
# Date: Sat Apr 06 12:31:52 EDT 2019
# Player 1: Player-0, 'Human', running on 142.157.27.77
# Player 2: Player-1, '260732931', running on 142.157.27.77
START Player-0 Human
START Player-1 260732931
2 1 BL TL 0
0 0 TL BR 1
4 1 TL BL 0
0 1 TL BL 1
3 2 BR BL 0
5 3 TL TR 1
3 3 BR BL 0
2 2 TR BL 1
4 3 BR TL 0
5 2 TL BL 1
3 4 BL BR 0
4 1 BL BR 1
2 5 TR BL 0
3 3 TR BL 1
1 1 TL BL 0
3 1 TL BL 1
4 1 BL TL 0
0 1 TL BL 1
3 2 BL BR 0
5 1 TL BL 1
5 5 TR BR 0
1 2 TR BR 1
4 5 BR TL 0
5 3 TL BR 1
0 2 TR BL 0
4 2 TR BL 1
4 2 TR TL 0
GAMEOVER WINNER 0
# Game ended: Sat Apr 06 12:34:23 EDT 2019
