# Server version 0.08 running on 142.157.27.77:8123
# Game ID: 294
# Board class: pentago_swap.PentagoBoard
# Timeout: 2000
# First Move Timeout: 30000
# Date: Fri Apr 05 00:07:10 EDT 2019
# Player 1: Player-0, 'RandomPlayer', running on 142.157.27.77
# Player 2: Player-1, '260732931', running on 142.157.27.77
START Player-0 RandomPlayer
START Player-1 260732931
0 1 TL TR 0
2 0 TL TR 1
0 0 TL TR 0
0 5 TL TR 1
1 1 TR BR 0
4 4 TL TR 1
0 2 TL BL 0
3 1 TL BL 1
3 5 TL BL 0
2 4 TL TR 1
2 2 TR BL 0
4 3 TL TR 1
5 1 TL BL 0
1 5 TL BL 1
5 2 TL BL 0
2 3 TL BL 1
1 3 TL BL 0
0 2 TL BL 1
0 0 TL BL 0
1 1 TL BL 1
4 2 TL BL 0
3 3 TL BL 1
1 2 TL BL 0
5 2 TL BL 1
1 1 TL BL 0
4 0 TL BL 1
2 1 TL TR 0
4 0 TL TR 1
3 4 TL BL 0
4 5 TR BR 1
2 0 TR BR 0
5 4 TR BR 1
2 5 TR BR 0
5 0 TR BR 1
0 0 TR BR 0
0 1 TR BL 1
GAMEOVER WINNER 1
# Game ended: Fri Apr 05 00:07:20 EDT 2019
