# Server version 0.08 running on 142.157.27.77:8123
# Game ID: 389
# Board class: pentago_swap.PentagoBoard
# Timeout: 2000
# First Move Timeout: 30000
# Date: Sat Apr 06 14:50:20 EDT 2019
# Player 1: Player-0, 'RandomPlayer', running on 142.157.27.77
# Player 2: Player-1, 'RandomPlayer', running on 142.157.27.77
START Player-0 RandomPlayer
START Player-1 RandomPlayer
1 1 TL TR 0
1 1 TL TR 1
4 1 TL TR 0
4 4 TL TR 1
0 4 TL TR 0
1 0 TL BR 1
3 3 TL BR 0
0 2 TL BL 1
2 2 TL BL 0
4 5 BL BR 1
1 3 BL BR 0
3 3 TL TR 1
2 5 TL TR 0
0 4 TL TR 1
0 2 TL TR 0
1 5 TL TR 1
4 2 TL TR 0
3 2 TL TR 1
2 3 TL TR 0
2 1 TL TR 1
3 4 TL TR 0
4 3 TL TR 1
5 4 TL TR 0
5 5 TL TR 1
4 0 TL TR 0
3 5 TL TR 1
5 1 TL TR 0
5 0 TL TR 1
3 1 TL TR 0
1 2 TL TR 1
2 0 TL TR 0
5 3 TR BL 1
5 1 TR BL 0
2 5 TR BL 1
3 0 TR BL 0
GAMEOVER WINNER 1
# Game ended: Sat Apr 06 14:50:25 EDT 2019
