# Server version 0.08 running on macbook-pro-3:8123
# Game ID: 517
# Board class: pentago_swap.PentagoBoard
# Timeout: 2000
# First Move Timeout: 30000
# Date: Sun Apr 07 19:38:01 EDT 2019
# Player 1: Player-0, 'Marine', running on macbook-pro-3
# Player 2: Player-1, '260732931', running on macbook-pro-3
START Player-0 Marine
START Player-1 260732931
2 2 BL BR 0
2 3 TL TR 1
1 0 TL TR 0
3 1 TL TR 1
2 4 BL BR 0
2 3 BL BR 1
0 1 TL TR 0
3 2 TL BL 1
0 0 TL BL 0
1 4 TL BL 1
1 1 TR BL 0
2 2 TR BL 1
2 0 TL BL 0
4 2 TL BL 1
4 2 TL BL 0
0 2 TL BR 1
1 2 TL TR 0
3 4 TL TR 1
3 3 TL TR 0
4 0 TL TR 1
2 2 TL TR 0
0 2 TL TR 1
1 5 TL TR 0
2 1 TL TR 1
4 4 TR BL 0
1 1 TR BL 1
0 0 TR BR 0
0 2 TL BL 1
3 3 TL BL 0
1 0 TL BL 1
5 1 TL BR 0
GAMEOVER WINNER 0
# Game ended: Sun Apr 07 19:38:09 EDT 2019
