# Server version 0.08 running on 142.157.27.77:8123
# Game ID: 287
# Board class: pentago_swap.PentagoBoard
# Timeout: 2000
# First Move Timeout: 30000
# Date: Thu Apr 04 22:39:12 EDT 2019
# Player 1: Player-0, 'Human', running on 142.157.27.77
# Player 2: Player-1, '260732931', running on 142.157.27.77
START Player-0 Human
START Player-1 260732931
1 1 BL BR 0
1 4 TL TR 1
2 4 BL TL 0
0 4 TL TR 1
2 2 BL BR 0
2 0 TL TR 1
1 3 BL BR 0
1 5 BL BR 1
1 2 BL BR 0
1 1 BL BR 1
2 2 BL BR 0
0 2 TL BR 1
3 3 BL TL 0
0 3 BL BR 1
3 4 TL BL 0
3 3 TL BL 1
4 4 BL BR 0
0 5 TR BL 1
5 3 TR TL 0
5 4 TL TR 1
2 4 TL BL 0
3 2 TL BL 1
4 3 TL BL 0
2 3 TL BL 1
2 1 TR TL 0
2 3 BL BR 1
GAMEOVER WINNER 1
# Game ended: Thu Apr 04 22:40:07 EDT 2019
