# Server version 0.08 running on 142.157.27.77:8123
# Game ID: 324
# Board class: pentago_swap.PentagoBoard
# Timeout: 2000
# First Move Timeout: 30000
# Date: Fri Apr 05 15:05:47 EDT 2019
# Player 1: Player-0, 'Human', running on 142.157.27.77
# Player 2: Player-1, '260732931', running on 142.157.27.77
START Player-0 Human
START Player-1 260732931
1 1 BL BR 0
1 4 TL TR 1
2 4 BL TL 0
0 4 TL TR 1
2 2 BL BR 0
2 0 TL TR 1
3 3 TL TR 0
0 0 TL BR 1
3 2 TR BL 0
0 1 BL BR 1
2 1 BL BR 0
2 0 TL BL 1
3 2 TL TR 0
4 5 TR BL 1
1 2 BL BR 0
2 2 BL BR 1
3 2 BL BR 0
4 0 BL BR 1
1 3 TL BL 0
3 5 TR BL 1
2 3 TL TR 0
1 1 TR BL 1
3 1 TL BL 0
0 0 TL TR 1
2 2 TR TL 0
1 5 TL BR 1
4 3 BR BL 0
3 3 TL BL 1
3 4 TL TR 0
4 3 TL BR 1
2 3 TL TR 0
2 4 TL TR 1
1 4 BR TR 0
4 5 TR BR 1
2 5 BR BL 0
2 4 TR BR 1
GAMEOVER DRAW
# Game ended: Fri Apr 05 15:06:33 EDT 2019
