# Server version 0.08 running on macbook-pro-3:8123
# Game ID: 340
# Board class: pentago_swap.PentagoBoard
# Timeout: 2000
# First Move Timeout: 30000
# Date: Sat Apr 06 00:10:50 EDT 2019
# Player 1: Player-0, '260732931', running on macbook-pro-3
# Player 2: Player-1, 'Human', running on macbook-pro-3
START Player-0 260732931
START Player-1 Human
1 1 TL TR 0
3 2 BR BL 1
0 4 TR BL 0
2 5 TL BL 1
1 5 TL BL 0
4 5 BL TL 1
5 5 TL BL 0
1 1 BL BR 1
3 3 TR BL 0
2 1 TR BR 1
2 2 TR BR 0
0 1 TR BR 1
2 4 TL BR 0
1 1 BL BR 1
2 1 TL TR 0
4 4 BL BR 1
0 4 TL TR 0
1 0 TR BR 1
1 3 TR BR 0
4 5 BR BL 1
1 3 BL BR 0
2 0 BR TR 1
3 2 TR BR 0
0 0 BR TR 1
4 5 TR BR 0
5 1 BL TR 1
GAMEOVER WINNER 1
# Game ended: Sat Apr 06 00:11:58 EDT 2019
