# Server version 0.08 running on 142.157.27.77:8123
# Game ID: 392
# Board class: pentago_swap.PentagoBoard
# Timeout: 2000
# First Move Timeout: 30000
# Date: Sat Apr 06 15:02:45 EDT 2019
# Player 1: Player-0, 'Human', running on 142.157.27.77
# Player 2: Player-1, '260732931', running on 142.157.27.77
START Player-0 Human
START Player-1 260732931
2 1 BL BR 0
3 2 TL BR 1
4 4 TL BL 0
3 4 TL BL 1
1 3 TR TL 0
4 3 TL BL 1
4 1 TR TL 0
4 2 TL BL 1
1 4 BL TR 0
3 1 TR BL 1
1 5 BL TR 0
0 2 BL BR 1
4 3 BR TR 0
4 2 TL BL 1
3 1 BR TR 0
2 2 TL BL 1
3 3 TR BL 0
0 0 TR BL 1
2 2 TR BL 0
5 5 TR BL 1
5 3 TL TR 0
2 3 TL TR 1
2 3 TL BL 0
0 2 TR BR 1
GAMEOVER WINNER 1
# Game ended: Sat Apr 06 15:03:26 EDT 2019
