# Server version 0.08 running on 192.168.0.137:8123
# Game ID: 284
# Board class: pentago_swap.PentagoBoard
# Timeout: 2000
# First Move Timeout: 30000
# Date: Thu Apr 04 19:35:39 EDT 2019
# Player 1: Player-0, '260732931', running on 192.168.0.137
# Player 2: Player-1, 'Human', running on 192.168.0.137
START Player-0 260732931
START Player-1 Human
1 1 TL TR 0
2 1 BL BR 1
1 3 TL BR 0
5 3 TR TL 1
5 5 TL TR 0
1 2 BL TL 1
1 5 TR BL 0
4 3 TR TL 1
3 3 TL BR 0
3 2 BR BL 1
1 1 TL BL 0
4 2 TL TR 1
1 3 TR BR 0
1 2 BL BR 1
4 1 BL BR 0
0 4 BR BL 1
0 3 BL BR 0
2 3 BL TR 1
GAMEOVER WINNER 0
# Game ended: Thu Apr 04 19:36:19 EDT 2019
