# Server version 0.08 running on macbook-pro-3:8123
# Game ID: 343
# Board class: pentago_swap.PentagoBoard
# Timeout: 2000
# First Move Timeout: 30000
# Date: Sat Apr 06 00:26:13 EDT 2019
# Player 1: Player-0, 'Human', running on macbook-pro-3
# Player 2: Player-1, '260732931', running on macbook-pro-3
START Player-0 Human
START Player-1 260732931
4 1 BR TR 0
1 1 TL TR 1
3 1 TR BR 0
5 1 TL TR 1
1 1 TR BR 0
2 1 TR BL 1
4 4 TR TL 0
4 0 TR BL 1
5 3 TR TL 0
3 2 TL TR 1
4 3 TR TL 0
2 1 TL TR 1
4 5 TR TL 0
2 0 TL TR 1
4 2 TL TR 0
GAMEOVER WINNER 0
# Game ended: Sat Apr 06 00:26:43 EDT 2019
