# Server version 0.08 running on macbook-pro-3:8123
# Game ID: 265
# Board class: pentago_swap.PentagoBoard
# Timeout: 2000
# First Move Timeout: 30000
# Date: Thu Apr 04 14:41:07 EDT 2019
# Player 1: Player-0, 'RandomPlayer', running on macbook-pro-3
# Player 2: Player-1, '260732931', running on macbook-pro-3
START Player-0 RandomPlayer
START Player-1 260732931
0 0 TL TR 0
0 2 TL BL 1
0 4 BL BR 0
0 1 TR BL 1
4 1 TL BL 0
3 0 TR BL 1
2 4 TR BL 0
2 1 TR BL 1
0 2 TR BL 0
0 5 TR BL 1
1 0 TR BL 0
1 4 TR BL 1
4 2 TR BL 0
2 3 BL BR 1
0 4 BL BR 0
0 3 BL BR 1
2 5 TR BL 0
3 5 TR BL 1
4 4 TL BL 0
1 3 TL BL 1
3 0 TR BL 0
0 4 TR BL 1
GAMEOVER WINNER 1
# Game ended: Thu Apr 04 14:41:12 EDT 2019
