# Server version 0.08 running on macbook-pro-3:8123
# Game ID: 317
# Board class: pentago_swap.PentagoBoard
# Timeout: 2000
# First Move Timeout: 30000
# Date: Fri Apr 05 01:24:16 EDT 2019
# Player 1: Player-0, 'RandomPlayer', running on macbook-pro-3
# Player 2: Player-1, '260732931', running on macbook-pro-3
START Player-0 RandomPlayer
START Player-1 260732931
1 1 TL TR 0
1 1 TL TR 1
4 1 TL TR 0
4 4 TL TR 1
0 4 TL TR 0
0 0 TL BR 1
2 2 TL BR 0
1 0 TL TR 1
2 3 TL TR 0
1 2 TR BL 1
2 4 TL BR 0
4 2 TR BL 1
1 0 TR BR 0
2 4 TR BR 1
2 4 TR BL 0
3 1 TL BR 1
3 2 TL BR 0
0 0 TL BR 1
2 2 TL BR 0
2 1 TL BR 1
3 4 TL BR 0
0 4 TR BR 1
0 2 TR BR 0
1 5 TR BR 1
3 5 TL BR 0
2 0 TL BR 1
4 0 BL BR 0
3 3 TR BL 1
1 3 TL BR 0
4 5 TL BR 1
2 0 TL BL 0
0 3 TL TR 1
GAMEOVER DRAW
# Game ended: Fri Apr 05 01:24:23 EDT 2019
