# Server version 0.08 running on macbook-pro-3:8123
# Game ID: 270
# Board class: pentago_swap.PentagoBoard
# Timeout: 2000
# First Move Timeout: 30000
# Date: Thu Apr 04 15:34:03 EDT 2019
# Player 1: Player-0, 'RandomPlayer', running on macbook-pro-3
# Player 2: Player-1, '260732931', running on macbook-pro-3
START Player-0 RandomPlayer
START Player-1 260732931
0 0 TL TR 0
0 1 TL BL 1
0 4 TL BR 0
5 3 TR BL 1
4 1 BL BR 0
4 3 TR BR 1
2 0 TR BR 0
1 0 TR BR 1
0 0 TR BR 0
1 5 TR BL 1
5 2 TR BL 0
2 4 TL BL 1
1 4 TL BL 0
0 1 TR BL 1
1 2 TR BL 0
2 1 BL BR 1
0 2 TL BL 0
GAMEOVER TIMEOUT WINNER 0
# Game ended: Thu Apr 04 15:34:07 EDT 2019
